<?xml version="1.0" encoding="UTF-8"?>
<testsuites name="Test Suite 2" time="784.098" tests="14" failures="0" errors="0">
   <testsuite name="Test Suite 2" tests="14" failures="0" errors="0" time="784.098" skipped="0" timestamp="27-01-2024T19:04:09" hostname="Guset - Unity_0008" id="Test Suites/Test Suite 2">
      <properties>
         <property name="deviceName" value=""/>
         <property name="devicePlatform" value=""/>
         <property name="logFolder" value="C:\\Users\\Guset\\git\\cool1\\cool1\\Reports\\20240127_190405\\Test Suite 2\\20240127_190405"/>
         <property name="logFiles" value="C:\\Users\\Guset\\git\\cool1\\cool1\\Reports\\20240127_190405\\Test Suite 2\\20240127_190405\\execution0.log"/>
         <property name="attachments" value="C:\\Users\\Guset\\git\\cool1\\cool1\\Reports\\20240127_190405\\Test Suite 2\\20240127_190405\\1706362628071.png, C:\\Users\\Guset\\git\\cool1\\cool1\\Reports\\20240127_190405\\Test Suite 2\\20240127_190405\\1706362735253.png, C:\\Users\\Guset\\git\\cool1\\cool1\\Reports\\20240127_190405\\Test Suite 2\\20240127_190405\\1706362836084.png"/>
         <property name="hostName" value="Guset - Unity_0008"/>
         <property name="os" value="Windows 11 64bit"/>
         <property name="katalonVersion" value="9.2.0.212"/>
         <property name="browser" value="Chrome 120.0.0.0"/>
         <property name="hostAddress" value="192.168.1.5"/>
         <property name="sessionId" value="9e357293722d9e3cc07132452ec6cead"/>
         <property name="seleniumVersion" value="3.141.59"/>
         <property name="proxyInformation" value="ProxyInformation { proxyOption=NO_PROXY, proxyServerType=HTTP, username=, password=********, proxyServerAddress=, proxyServerPort=0, executionList=&quot;&quot;, isApplyToDesiredCapabilities=true }"/>
         <property name="platform" value="Windows 11"/>
      </properties>
      <testcase name="Test Cases/A M C online services" time="24.681" classname="Test Cases/A M C online services" status="PASSED">
         <system-out><![CDATA[27-01-2024T19:04:09 - [TEST_CASE][PASSED] - Test Cases/A M C online services: Test Cases/A M C online services

27-01-2024T19:04:09 - [TEST_STEP][PASSED] - openBrowser(""): Browser is opened with url: ''

27-01-2024T19:04:10 - [MESSAGE][INFO] - Starting 'Chrome' driver

27-01-2024T19:04:10 - [MESSAGE][INFO] - Action delay is set to 0 milliseconds

27-01-2024T19:04:11 - [MESSAGE][PASSED] - Browser is opened with url: ''

27-01-2024T19:04:11 - [TEST_STEP][PASSED] - maximizeWindow(): Current window maximized

27-01-2024T19:04:11 - [MESSAGE][PASSED] - Current window maximized

27-01-2024T19:04:11 - [TEST_STEP][PASSED] - navigateToUrl("https://ahmedabadcity.gov.in/"): Navigate to 'https://ahmedabadcity.gov.in/' successfully

27-01-2024T19:04:32 - [MESSAGE][PASSED] - Navigate to 'https://ahmedabadcity.gov.in/' successfully

27-01-2024T19:04:32 - [TEST_STEP][PASSED] - click(findTestObject("Object Repository/AMC/Page_AMC/a_Online Services")): Object: 'Object Repository/AMC/Page_AMC/a_Online Services' is clicked on

27-01-2024T19:04:33 - [MESSAGE][PASSED] - Object: 'Object Repository/AMC/Page_AMC/a_Online Services' is clicked on

27-01-2024T19:04:33 - [TEST_STEP][PASSED] - closeBrowser(): Browser is closed

27-01-2024T19:04:34 - [MESSAGE][PASSED] - Browser is closed]]></system-out>
         <system-err><![CDATA[]]></system-err>
      </testcase>
      <testcase name="Test Cases/AMC navigation" time="28.369" classname="Test Cases/AMC navigation" status="PASSED">
         <system-out><![CDATA[27-01-2024T19:04:34 - [TEST_CASE][PASSED] - Test Cases/AMC navigation: Test Cases/AMC navigation

27-01-2024T19:04:34 - [TEST_STEP][PASSED] - openBrowser(""): Browser is opened with url: ''

27-01-2024T19:04:34 - [MESSAGE][INFO] - Starting 'Chrome' driver

27-01-2024T19:04:34 - [MESSAGE][INFO] - Action delay is set to 0 milliseconds

27-01-2024T19:04:35 - [MESSAGE][PASSED] - Browser is opened with url: ''

27-01-2024T19:04:35 - [TEST_STEP][PASSED] - maximizeWindow(): Current window maximized

27-01-2024T19:04:35 - [MESSAGE][PASSED] - Current window maximized

27-01-2024T19:04:35 - [TEST_STEP][PASSED] - navigateToUrl("https://ahmedabadcity.gov.in/"): Navigate to 'https://ahmedabadcity.gov.in/' successfully

27-01-2024T19:04:52 - [MESSAGE][PASSED] - Navigate to 'https://ahmedabadcity.gov.in/' successfully

27-01-2024T19:04:52 - [TEST_STEP][PASSED] - click(findTestObject("Object Repository/AMC/Page_AMC/Page_AMC/Page_AMC/a_About Us")): Object: 'Object Repository/AMC/Page_AMC/Page_AMC/Page_AMC/a_About Us' is clicked on

27-01-2024T19:04:54 - [MESSAGE][PASSED] - Object: 'Object Repository/AMC/Page_AMC/Page_AMC/Page_AMC/a_About Us' is clicked on

27-01-2024T19:04:54 - [TEST_STEP][PASSED] - click(findTestObject("Object Repository/AMC/Page_AMC/Page_AMC/Page_AMC/a_Feedback")): Object: 'Object Repository/AMC/Page_AMC/Page_AMC/Page_AMC/a_Feedback' is clicked on

27-01-2024T19:04:57 - [MESSAGE][PASSED] - Object: 'Object Repository/AMC/Page_AMC/Page_AMC/Page_AMC/a_Feedback' is clicked on

27-01-2024T19:04:57 - [TEST_STEP][PASSED] - click(findTestObject("Object Repository/AMC/Page_AMC/Page_AMC/Page_AMC/a_Sitemap")): Object: 'Object Repository/AMC/Page_AMC/Page_AMC/Page_AMC/a_Sitemap' is clicked on

27-01-2024T19:04:59 - [MESSAGE][PASSED] - Object: 'Object Repository/AMC/Page_AMC/Page_AMC/Page_AMC/a_Sitemap' is clicked on

27-01-2024T19:04:59 - [TEST_STEP][PASSED] - click(findTestObject("Object Repository/AMC/Page_AMC/Page_AMC/Page_AMC/a_Contact Us")): Object: 'Object Repository/AMC/Page_AMC/Page_AMC/Page_AMC/a_Contact Us' is clicked on

27-01-2024T19:05:01 - [MESSAGE][PASSED] - Object: 'Object Repository/AMC/Page_AMC/Page_AMC/Page_AMC/a_Contact Us' is clicked on

27-01-2024T19:05:01 - [TEST_STEP][PASSED] - closeBrowser(): Browser is closed

27-01-2024T19:05:02 - [MESSAGE][PASSED] - Browser is closed]]></system-out>
         <system-err><![CDATA[]]></system-err>
      </testcase>
      <testcase name="Test Cases/AMC other site list dropdown" time="25.353" classname="Test Cases/AMC other site list dropdown" status="PASSED">
         <system-out><![CDATA[27-01-2024T19:05:02 - [TEST_CASE][PASSED] - Test Cases/AMC other site list dropdown: Test Cases/AMC other site list dropdown

27-01-2024T19:05:02 - [TEST_STEP][PASSED] - openBrowser(""): Browser is opened with url: ''

27-01-2024T19:05:02 - [MESSAGE][INFO] - Starting 'Chrome' driver

27-01-2024T19:05:02 - [MESSAGE][INFO] - Action delay is set to 0 milliseconds

27-01-2024T19:05:03 - [MESSAGE][PASSED] - Browser is opened with url: ''

27-01-2024T19:05:03 - [TEST_STEP][PASSED] - maximizeWindow(): Current window maximized

27-01-2024T19:05:03 - [MESSAGE][PASSED] - Current window maximized

27-01-2024T19:05:03 - [TEST_STEP][PASSED] - navigateToUrl("https://ahmedabadcity.gov.in/"): Navigate to 'https://ahmedabadcity.gov.in/' successfully

27-01-2024T19:05:25 - [MESSAGE][PASSED] - Navigate to 'https://ahmedabadcity.gov.in/' successfully

27-01-2024T19:05:25 - [TEST_STEP][PASSED] - click(findTestObject("Object Repository/AMC/Page_AMC/a_Our Site")): Object: 'Object Repository/AMC/Page_AMC/a_Our Site' is clicked on

27-01-2024T19:05:26 - [MESSAGE][PASSED] - Object: 'Object Repository/AMC/Page_AMC/a_Our Site' is clicked on

27-01-2024T19:05:26 - [TEST_STEP][PASSED] - click(findTestObject("Object Repository/AMC/Page_AMC/a_Sabarmati River Front")): Object: 'Object Repository/AMC/Page_AMC/a_Sabarmati River Front' is clicked on

27-01-2024T19:05:27 - [MESSAGE][PASSED] - Object: 'Object Repository/AMC/Page_AMC/a_Sabarmati River Front' is clicked on

27-01-2024T19:05:27 - [TEST_STEP][PASSED] - closeBrowser(): Browser is closed

27-01-2024T19:05:27 - [MESSAGE][PASSED] - Browser is closed]]></system-out>
         <system-err><![CDATA[]]></system-err>
      </testcase>
      <testcase name="Test Cases/FB Friend Request accept" time="68.778" classname="Test Cases/FB Friend Request accept" status="PASSED">
         <system-out><![CDATA[27-01-2024T19:10:36 - [TEST_CASE][PASSED] - Test Cases/FB Friend Request accept: Test Cases/FB Friend Request accept

27-01-2024T19:10:36 - [TEST_STEP][PASSED] - openBrowser(""): Browser is opened with url: ''

27-01-2024T19:10:36 - [MESSAGE][WARNING] - A browser is already opened. Closing browser and opening a new one

27-01-2024T19:10:36 - [MESSAGE][INFO] - Starting 'Chrome' driver

27-01-2024T19:10:36 - [MESSAGE][INFO] - Action delay is set to 0 milliseconds

27-01-2024T19:10:37 - [MESSAGE][PASSED] - Browser is opened with url: ''

27-01-2024T19:10:37 - [TEST_STEP][PASSED] - maximizeWindow(): Current window maximized

27-01-2024T19:10:37 - [MESSAGE][PASSED] - Current window maximized

27-01-2024T19:10:37 - [TEST_STEP][PASSED] - navigateToUrl("https://www.facebook.com/"): Navigate to 'https://www.facebook.com/' successfully

27-01-2024T19:10:39 - [MESSAGE][PASSED] - Navigate to 'https://www.facebook.com/' successfully

27-01-2024T19:10:39 - [TEST_STEP][PASSED] - setText(findTestObject("Object Repository/Facebook Login/Page_Facebook  log in or sign up/Page_Facebook  log in or sign up/Page_Log in to Facebook/Page_Facebook  log in or sign up/Page_Facebook  log in or sign up/input_email"), "mkrajput1524@gmail.com"): Text 'mkrajput1524@gmail.com' is set on object 'Object Repository/Facebook Login/Page_Facebook  log in or sign up/Page_Facebook  log in or sign up/Page_Log in to Facebook/Page_Facebook  log in or sign up/Page_Facebook  log in or sign up/input_email'

27-01-2024T19:10:40 - [MESSAGE][PASSED] - Text 'mkrajput1524@gmail.com' is set on object 'Object Repository/Facebook Login/Page_Facebook  log in or sign up/Page_Facebook  log in or sign up/Page_Log in to Facebook/Page_Facebook  log in or sign up/Page_Facebook  log in or sign up/input_email'

27-01-2024T19:10:40 - [TEST_STEP][PASSED] - click(findTestObject("Object Repository/Facebook Login/Page_Facebook  log in or sign up/Page_Facebook  log in or sign up/Page_Log in to Facebook/Page_Facebook  log in or sign up/Page_Facebook  log in or sign up/input_email")): Object: 'Object Repository/Facebook Login/Page_Facebook  log in or sign up/Page_Facebook  log in or sign up/Page_Log in to Facebook/Page_Facebook  log in or sign up/Page_Facebook  log in or sign up/input_email' is clicked on

27-01-2024T19:10:40 - [MESSAGE][PASSED] - Object: 'Object Repository/Facebook Login/Page_Facebook  log in or sign up/Page_Facebook  log in or sign up/Page_Log in to Facebook/Page_Facebook  log in or sign up/Page_Facebook  log in or sign up/input_email' is clicked on

27-01-2024T19:10:40 - [TEST_STEP][PASSED] - setEncryptedText(findTestObject("Object Repository/Facebook Login/Page_Facebook  log in or sign up/Page_Facebook  log in or sign up/Page_Log in to Facebook/Page_Facebook  log in or sign up/Page_Facebook  log in or sign up/input_pass"), "1AmIDvstrhuOMOvwahdcoA=="): Text ****** has been set on object 'Object Repository/Facebook Login/Page_Facebook  log in or sign up/Page_Facebook  log in or sign up/Page_Log in to Facebook/Page_Facebook  log in or sign up/Page_Facebook  log in or sign up/input_pass'

27-01-2024T19:10:41 - [MESSAGE][PASSED] - Text ****** has been set on object 'Object Repository/Facebook Login/Page_Facebook  log in or sign up/Page_Facebook  log in or sign up/Page_Log in to Facebook/Page_Facebook  log in or sign up/Page_Facebook  log in or sign up/input_pass'

27-01-2024T19:10:41 - [TEST_STEP][PASSED] - click(findTestObject("Object Repository/Facebook Login/Page_Facebook  log in or sign up/Page_Facebook  log in or sign up/Page_Log in to Facebook/Page_Facebook  log in or sign up/Page_Facebook  log in or sign up/button_Log in")): Object: 'Object Repository/Facebook Login/Page_Facebook  log in or sign up/Page_Facebook  log in or sign up/Page_Log in to Facebook/Page_Facebook  log in or sign up/Page_Facebook  log in or sign up/button_Log in' is clicked on

27-01-2024T19:11:12 - [MESSAGE][INFO] - Unable to find the element located by 'By.xpath: //button[@id='u_0_5_Uk']'. Please recheck the objects properties to make sure the desired element is located. 

27-01-2024T19:11:12 - [MESSAGE][WARNING] - [SELF-HEALING] Failed to find element with id 'Object Repository/Facebook Login/Page_Facebook  log in or sign up/Page_Facebook  log in or sign up/Page_Log in to Facebook/Page_Facebook  log in or sign up/Page_Facebook  log in or sign up/button_Log in'. Try using Self-healing.

27-01-2024T19:11:12 - [MESSAGE][WARNING] - [SELF-HEALING] The current locator of test object 'Object Repository/Facebook Login/Page_Facebook  log in or sign up/Page_Facebook  log in or sign up/Page_Log in to Facebook/Page_Facebook  log in or sign up/Page_Facebook  log in or sign up/button_Log in' was broken. Propose an alternative one: '//button'.

27-01-2024T19:11:12 - [MESSAGE][PASSED] - Object: 'Object Repository/Facebook Login/Page_Facebook  log in or sign up/Page_Facebook  log in or sign up/Page_Log in to Facebook/Page_Facebook  log in or sign up/Page_Facebook  log in or sign up/button_Log in' is clicked on

27-01-2024T19:11:12 - [TEST_STEP][PASSED] - click(findTestObject("Object Repository/Facebook Login/Page_Facebook  log in or sign up/Page_Facebook  log in or sign up/Page_Log in to Facebook/Page_Facebook  log in or sign up/Page_(13) Facebook/span_Confirm"), STOP_ON_FAILURE): Object: 'Object Repository/Facebook Login/Page_Facebook  log in or sign up/Page_Facebook  log in or sign up/Page_Log in to Facebook/Page_Facebook  log in or sign up/Page_(13) Facebook/span_Confirm' is clicked on

27-01-2024T19:11:43 - [MESSAGE][INFO] - Unable to find the element located by 'By.xpath: //div[@id='mount_0_0_ge']/div/div/div/div[3]/div/div/div/div/div/div[3]/div/div/div/div/div/div/div[2]/div/div/a/div/div[2]/div/div[2]/div/div/div/div/div/div/div/span/span'. Please recheck the objects properties to make sure the desired element is located. 

27-01-2024T19:11:43 - [MESSAGE][WARNING] - [SELF-HEALING] Failed to find element with id 'Object Repository/Facebook Login/Page_Facebook  log in or sign up/Page_Facebook  log in or sign up/Page_Log in to Facebook/Page_Facebook  log in or sign up/Page_(13) Facebook/span_Confirm'. Try using Self-healing.

27-01-2024T19:11:44 - [MESSAGE][WARNING] - [SELF-HEALING] The current locator of test object 'Object Repository/Facebook Login/Page_Facebook  log in or sign up/Page_Facebook  log in or sign up/Page_Log in to Facebook/Page_Facebook  log in or sign up/Page_(13) Facebook/span_Confirm' was broken. Propose an alternative one: '//div[2]/div/div/div/div/div/div/div/span/span'.

27-01-2024T19:11:44 - [MESSAGE][PASSED] - Object: 'Object Repository/Facebook Login/Page_Facebook  log in or sign up/Page_Facebook  log in or sign up/Page_Log in to Facebook/Page_Facebook  log in or sign up/Page_(13) Facebook/span_Confirm' is clicked on

27-01-2024T19:11:44 - [TEST_STEP][PASSED] - closeBrowser(): Browser is closed

27-01-2024T19:11:45 - [MESSAGE][PASSED] - Browser is closed]]></system-out>
         <system-err><![CDATA[]]></system-err>
      </testcase>
      <testcase name="Test Cases/FB Story carausal buttons" time="99.662" classname="Test Cases/FB Story carausal buttons" status="PASSED">
         <system-out><![CDATA[27-01-2024T19:11:45 - [TEST_CASE][PASSED] - Test Cases/FB Story carausal buttons: Test Cases/FB Story carausal buttons

27-01-2024T19:11:45 - [TEST_STEP][PASSED] - openBrowser(""): Browser is opened with url: ''

27-01-2024T19:11:45 - [MESSAGE][INFO] - Starting 'Chrome' driver

27-01-2024T19:11:45 - [MESSAGE][INFO] - Action delay is set to 0 milliseconds

27-01-2024T19:11:46 - [MESSAGE][PASSED] - Browser is opened with url: ''

27-01-2024T19:11:46 - [TEST_STEP][PASSED] - maximizeWindow(): Current window maximized

27-01-2024T19:11:46 - [MESSAGE][PASSED] - Current window maximized

27-01-2024T19:11:46 - [TEST_STEP][PASSED] - navigateToUrl("https://www.facebook.com/"): Navigate to 'https://www.facebook.com/' successfully

27-01-2024T19:11:47 - [MESSAGE][PASSED] - Navigate to 'https://www.facebook.com/' successfully

27-01-2024T19:11:47 - [TEST_STEP][PASSED] - click(findTestObject("Object Repository/Facebook Login/Page_Facebook  log in or sign up/Page_Log in to Facebook/Page_Log in to Facebook/Page_Log in to Facebook/Page_Facebook  log in or sign up/input_email")): Object: 'Object Repository/Facebook Login/Page_Facebook  log in or sign up/Page_Log in to Facebook/Page_Log in to Facebook/Page_Log in to Facebook/Page_Facebook  log in or sign up/input_email' is clicked on

27-01-2024T19:11:48 - [MESSAGE][PASSED] - Object: 'Object Repository/Facebook Login/Page_Facebook  log in or sign up/Page_Log in to Facebook/Page_Log in to Facebook/Page_Log in to Facebook/Page_Facebook  log in or sign up/input_email' is clicked on

27-01-2024T19:11:48 - [TEST_STEP][PASSED] - setText(findTestObject("Object Repository/Facebook Login/Page_Facebook  log in or sign up/Page_Log in to Facebook/Page_Log in to Facebook/Page_Log in to Facebook/Page_Facebook  log in or sign up/input_email"), "mkrajput1524@gmail.com"): Text 'mkrajput1524@gmail.com' is set on object 'Object Repository/Facebook Login/Page_Facebook  log in or sign up/Page_Log in to Facebook/Page_Log in to Facebook/Page_Log in to Facebook/Page_Facebook  log in or sign up/input_email'

27-01-2024T19:11:49 - [MESSAGE][PASSED] - Text 'mkrajput1524@gmail.com' is set on object 'Object Repository/Facebook Login/Page_Facebook  log in or sign up/Page_Log in to Facebook/Page_Log in to Facebook/Page_Log in to Facebook/Page_Facebook  log in or sign up/input_email'

27-01-2024T19:11:49 - [TEST_STEP][PASSED] - setEncryptedText(findTestObject("Object Repository/Facebook Login/Page_Facebook  log in or sign up/Page_Log in to Facebook/Page_Log in to Facebook/Page_Log in to Facebook/Page_Facebook  log in or sign up/input_pass"), "1AmIDvstrhuOMOvwahdcoA=="): Text ****** has been set on object 'Object Repository/Facebook Login/Page_Facebook  log in or sign up/Page_Log in to Facebook/Page_Log in to Facebook/Page_Log in to Facebook/Page_Facebook  log in or sign up/input_pass'

27-01-2024T19:11:49 - [MESSAGE][PASSED] - Text ****** has been set on object 'Object Repository/Facebook Login/Page_Facebook  log in or sign up/Page_Log in to Facebook/Page_Log in to Facebook/Page_Log in to Facebook/Page_Facebook  log in or sign up/input_pass'

27-01-2024T19:11:49 - [TEST_STEP][PASSED] - click(findTestObject("Object Repository/Facebook Login/Page_Facebook  log in or sign up/Page_Log in to Facebook/Page_Log in to Facebook/Page_Log in to Facebook/Page_Facebook  log in or sign up/button_Log in")): Object: 'Object Repository/Facebook Login/Page_Facebook  log in or sign up/Page_Log in to Facebook/Page_Log in to Facebook/Page_Log in to Facebook/Page_Facebook  log in or sign up/button_Log in' is clicked on

27-01-2024T19:12:20 - [MESSAGE][INFO] - Unable to find the element located by 'By.xpath: //button[@id='u_0_5_C0']'. Please recheck the objects properties to make sure the desired element is located. 

27-01-2024T19:12:20 - [MESSAGE][WARNING] - [SELF-HEALING] Failed to find element with id 'Object Repository/Facebook Login/Page_Facebook  log in or sign up/Page_Log in to Facebook/Page_Log in to Facebook/Page_Log in to Facebook/Page_Facebook  log in or sign up/button_Log in'. Try using Self-healing.

27-01-2024T19:12:21 - [MESSAGE][WARNING] - [SELF-HEALING] The current locator of test object 'Object Repository/Facebook Login/Page_Facebook  log in or sign up/Page_Log in to Facebook/Page_Log in to Facebook/Page_Log in to Facebook/Page_Facebook  log in or sign up/button_Log in' was broken. Propose an alternative one: '//button'.

27-01-2024T19:12:21 - [MESSAGE][PASSED] - Object: 'Object Repository/Facebook Login/Page_Facebook  log in or sign up/Page_Log in to Facebook/Page_Log in to Facebook/Page_Log in to Facebook/Page_Facebook  log in or sign up/button_Log in' is clicked on

27-01-2024T19:12:21 - [TEST_STEP][PASSED] - verifyElementClickable(findTestObject("Object Repository/Facebook Login/Page_Facebook  log in or sign up/Page_Log in to Facebook/Page_Log in to Facebook/Page_Log in to Facebook/Page_(5) Facebook/svg_x19dipnz x1lliihq x1k90msu x2h7rmj x1qfuztq")): Object 'Object Repository/Facebook Login/Page_Facebook  log in or sign up/Page_Log in to Facebook/Page_Log in to Facebook/Page_Log in to Facebook/Page_(5) Facebook/svg_x19dipnz x1lliihq x1k90msu x2h7rmj x1qfuztq' is clickable

27-01-2024T19:12:52 - [MESSAGE][INFO] - Unable to find the element located by 'By.xpath: '. Please recheck the objects properties to make sure the desired element is located. 

27-01-2024T19:12:52 - [MESSAGE][WARNING] - [SELF-HEALING] Failed to find element with id 'Object Repository/Facebook Login/Page_Facebook  log in or sign up/Page_Log in to Facebook/Page_Log in to Facebook/Page_Log in to Facebook/Page_(5) Facebook/svg_x19dipnz x1lliihq x1k90msu x2h7rmj x1qfuztq'. Try using Self-healing.

27-01-2024T19:12:52 - [MESSAGE][WARNING] - [SELF-HEALING] The current locator of test object 'Object Repository/Facebook Login/Page_Facebook  log in or sign up/Page_Log in to Facebook/Page_Log in to Facebook/Page_Log in to Facebook/Page_(5) Facebook/svg_x19dipnz x1lliihq x1k90msu x2h7rmj x1qfuztq' was broken. Propose an alternative one: 'div.x1i10hfl.x6umtig.x1b1mbwd.xaqea5y.xav7gou.x1ypdohk.xe8uvvx.xdj266r.x11i5rnm.xat24cr.x1mh8g0r.x16tdsg8.x1hl2dhg.xggy1nq.x87ps6o.x1lku1pv.x1a2a7pz.x6s0dn4.x14yjl9h.xudhj91.x18nykt9.xww2gxu.x972fbf.xcfux6l.x1qhh985.xm0m39n.x9f619.x78zum5.xl56j7k.xexx8yu.x4uap5.x18d9i69.xkhd6sd.x1n2onr6.xsdox4t.x1useyqa.x9bbmet.x1k54i6l.xi81zsa > svg.x19dipnz.x1lliihq.x1k90msu.x2h7rmj.x1qfuztq'.

27-01-2024T19:12:52 - [MESSAGE][PASSED] - Object 'Object Repository/Facebook Login/Page_Facebook  log in or sign up/Page_Log in to Facebook/Page_Log in to Facebook/Page_Log in to Facebook/Page_(5) Facebook/svg_x19dipnz x1lliihq x1k90msu x2h7rmj x1qfuztq' is clickable

27-01-2024T19:12:52 - [TEST_STEP][PASSED] - verifyElementClickable(findTestObject("Object Repository/Facebook Login/Page_Facebook  log in or sign up/Page_Log in to Facebook/Page_Log in to Facebook/Page_Log in to Facebook/Page_(5) Facebook/svg_x19dipnz x1lliihq x1k90msu x2h7rmj x1qfuztq")): Object 'Object Repository/Facebook Login/Page_Facebook  log in or sign up/Page_Log in to Facebook/Page_Log in to Facebook/Page_Log in to Facebook/Page_(5) Facebook/svg_x19dipnz x1lliihq x1k90msu x2h7rmj x1qfuztq' is clickable

27-01-2024T19:13:24 - [MESSAGE][INFO] - Unable to find the element located by 'By.xpath: '. Please recheck the objects properties to make sure the desired element is located. 

27-01-2024T19:13:24 - [MESSAGE][WARNING] - [SELF-HEALING] Failed to find element with id 'Object Repository/Facebook Login/Page_Facebook  log in or sign up/Page_Log in to Facebook/Page_Log in to Facebook/Page_Log in to Facebook/Page_(5) Facebook/svg_x19dipnz x1lliihq x1k90msu x2h7rmj x1qfuztq'. Try using Self-healing.

27-01-2024T19:13:24 - [MESSAGE][WARNING] - [SELF-HEALING] The current locator of test object 'Object Repository/Facebook Login/Page_Facebook  log in or sign up/Page_Log in to Facebook/Page_Log in to Facebook/Page_Log in to Facebook/Page_(5) Facebook/svg_x19dipnz x1lliihq x1k90msu x2h7rmj x1qfuztq' was broken. Propose an alternative one: 'div.x1i10hfl.x6umtig.x1b1mbwd.xaqea5y.xav7gou.x1ypdohk.xe8uvvx.xdj266r.x11i5rnm.xat24cr.x1mh8g0r.x16tdsg8.x1hl2dhg.xggy1nq.x87ps6o.x1lku1pv.x1a2a7pz.x6s0dn4.x14yjl9h.xudhj91.x18nykt9.xww2gxu.x972fbf.xcfux6l.x1qhh985.xm0m39n.x9f619.x78zum5.xl56j7k.xexx8yu.x4uap5.x18d9i69.xkhd6sd.x1n2onr6.xsdox4t.x1useyqa.x9bbmet.x1k54i6l.xi81zsa > svg.x19dipnz.x1lliihq.x1k90msu.x2h7rmj.x1qfuztq'.

27-01-2024T19:13:24 - [MESSAGE][PASSED] - Object 'Object Repository/Facebook Login/Page_Facebook  log in or sign up/Page_Log in to Facebook/Page_Log in to Facebook/Page_Log in to Facebook/Page_(5) Facebook/svg_x19dipnz x1lliihq x1k90msu x2h7rmj x1qfuztq' is clickable

27-01-2024T19:13:24 - [TEST_STEP][PASSED] - closeBrowser(): Browser is closed

27-01-2024T19:13:24 - [MESSAGE][PASSED] - Browser is closed]]></system-out>
         <system-err><![CDATA[]]></system-err>
      </testcase>
      <testcase name="Test Cases/FB Story is clickeble" time="99.2" classname="Test Cases/FB Story is clickeble" status="PASSED">
         <system-out><![CDATA[27-01-2024T19:13:24 - [TEST_CASE][PASSED] - Test Cases/FB Story is clickeble: Test Cases/FB Story is clickeble

27-01-2024T19:13:24 - [TEST_STEP][PASSED] - openBrowser(""): Browser is opened with url: ''

27-01-2024T19:13:24 - [MESSAGE][INFO] - Starting 'Chrome' driver

27-01-2024T19:13:24 - [MESSAGE][INFO] - Action delay is set to 0 milliseconds

27-01-2024T19:13:25 - [MESSAGE][PASSED] - Browser is opened with url: ''

27-01-2024T19:13:25 - [TEST_STEP][PASSED] - maximizeWindow(): Current window maximized

27-01-2024T19:13:25 - [MESSAGE][PASSED] - Current window maximized

27-01-2024T19:13:25 - [TEST_STEP][PASSED] - navigateToUrl("https://www.facebook.com/"): Navigate to 'https://www.facebook.com/' successfully

27-01-2024T19:13:27 - [MESSAGE][PASSED] - Navigate to 'https://www.facebook.com/' successfully

27-01-2024T19:13:27 - [TEST_STEP][PASSED] - setText(findTestObject("Object Repository/Facebook Login/Page_Facebook  log in or sign up/Page_Facebook  log in or sign up/Page_Log in to Facebook/Page_Facebook  log in or sign up/input_email"), "mkrajput1524@gmail.com"): Text 'mkrajput1524@gmail.com' is set on object 'Object Repository/Facebook Login/Page_Facebook  log in or sign up/Page_Facebook  log in or sign up/Page_Log in to Facebook/Page_Facebook  log in or sign up/input_email'

27-01-2024T19:13:28 - [MESSAGE][PASSED] - Text 'mkrajput1524@gmail.com' is set on object 'Object Repository/Facebook Login/Page_Facebook  log in or sign up/Page_Facebook  log in or sign up/Page_Log in to Facebook/Page_Facebook  log in or sign up/input_email'

27-01-2024T19:13:28 - [TEST_STEP][PASSED] - setEncryptedText(findTestObject("Object Repository/Facebook Login/Page_Facebook  log in or sign up/Page_Facebook  log in or sign up/Page_Log in to Facebook/Page_Facebook  log in or sign up/input_pass"), "1AmIDvstrhuOMOvwahdcoA=="): Text ****** has been set on object 'Object Repository/Facebook Login/Page_Facebook  log in or sign up/Page_Facebook  log in or sign up/Page_Log in to Facebook/Page_Facebook  log in or sign up/input_pass'

27-01-2024T19:13:28 - [MESSAGE][PASSED] - Text ****** has been set on object 'Object Repository/Facebook Login/Page_Facebook  log in or sign up/Page_Facebook  log in or sign up/Page_Log in to Facebook/Page_Facebook  log in or sign up/input_pass'

27-01-2024T19:13:28 - [TEST_STEP][PASSED] - click(findTestObject("Object Repository/Facebook Login/Page_Facebook  log in or sign up/Page_Facebook  log in or sign up/Page_Log in to Facebook/Page_Facebook  log in or sign up/button_Log in")): Object: 'Object Repository/Facebook Login/Page_Facebook  log in or sign up/Page_Facebook  log in or sign up/Page_Log in to Facebook/Page_Facebook  log in or sign up/button_Log in' is clicked on

27-01-2024T19:14:00 - [MESSAGE][INFO] - Unable to find the element located by 'By.xpath: //button[@id='u_0_5_0g']'. Please recheck the objects properties to make sure the desired element is located. 

27-01-2024T19:14:00 - [MESSAGE][WARNING] - [SELF-HEALING] Failed to find element with id 'Object Repository/Facebook Login/Page_Facebook  log in or sign up/Page_Facebook  log in or sign up/Page_Log in to Facebook/Page_Facebook  log in or sign up/button_Log in'. Try using Self-healing.

27-01-2024T19:14:00 - [MESSAGE][WARNING] - [SELF-HEALING] The current locator of test object 'Object Repository/Facebook Login/Page_Facebook  log in or sign up/Page_Facebook  log in or sign up/Page_Log in to Facebook/Page_Facebook  log in or sign up/button_Log in' was broken. Propose an alternative one: '//button'.

27-01-2024T19:14:00 - [MESSAGE][PASSED] - Object: 'Object Repository/Facebook Login/Page_Facebook  log in or sign up/Page_Facebook  log in or sign up/Page_Log in to Facebook/Page_Facebook  log in or sign up/button_Log in' is clicked on

27-01-2024T19:14:00 - [TEST_STEP][PASSED] - verifyElementClickable(findTestObject("Object Repository/Facebook Login/Page_Facebook  log in or sign up/Page_Facebook  log in or sign up/Page_Log in to Facebook/Page_(7) Facebook/div_x9f619 x1n2onr6 x1ja2u2z x78zum5 xdt5yt_217c05")): Object 'Object Repository/Facebook Login/Page_Facebook  log in or sign up/Page_Facebook  log in or sign up/Page_Log in to Facebook/Page_(7) Facebook/div_x9f619 x1n2onr6 x1ja2u2z x78zum5 xdt5yt_217c05' is clickable

27-01-2024T19:14:31 - [MESSAGE][INFO] - Unable to find the element located by 'By.xpath: //div[@id='mount_0_0_AE']/div/div/div/div[3]/div/div/div/div/div/div[2]/div/div/div/div[2]/div/div/div/div/div[2]/div/div/div[2]/div/div/div/a/div/div/div[2]/div/div'. Please recheck the objects properties to make sure the desired element is located. 

27-01-2024T19:14:31 - [MESSAGE][WARNING] - [SELF-HEALING] Failed to find element with id 'Object Repository/Facebook Login/Page_Facebook  log in or sign up/Page_Facebook  log in or sign up/Page_Log in to Facebook/Page_(7) Facebook/div_x9f619 x1n2onr6 x1ja2u2z x78zum5 xdt5yt_217c05'. Try using Self-healing.

27-01-2024T19:14:32 - [MESSAGE][WARNING] - [SELF-HEALING] The current locator of test object 'Object Repository/Facebook Login/Page_Facebook  log in or sign up/Page_Facebook  log in or sign up/Page_Log in to Facebook/Page_(7) Facebook/div_x9f619 x1n2onr6 x1ja2u2z x78zum5 xdt5yt_217c05' was broken. Propose an alternative one: '//div[2]/div/div/div/a/div/div/div[2]/div/div'.

27-01-2024T19:14:32 - [MESSAGE][PASSED] - Object 'Object Repository/Facebook Login/Page_Facebook  log in or sign up/Page_Facebook  log in or sign up/Page_Log in to Facebook/Page_(7) Facebook/div_x9f619 x1n2onr6 x1ja2u2z x78zum5 xdt5yt_217c05' is clickable

27-01-2024T19:14:32 - [TEST_STEP][PASSED] - verifyElementClickable(findTestObject("Object Repository/Facebook Login/Page_Facebook  log in or sign up/Page_Facebook  log in or sign up/Page_Log in to Facebook/Page_(7) Facebook/div_x1i10hfl x6umtig x1b1mbwd xaqea5y xav7g_d32c55")): Object 'Object Repository/Facebook Login/Page_Facebook  log in or sign up/Page_Facebook  log in or sign up/Page_Log in to Facebook/Page_(7) Facebook/div_x1i10hfl x6umtig x1b1mbwd xaqea5y xav7g_d32c55' is clickable

27-01-2024T19:15:03 - [MESSAGE][INFO] - Unable to find the element located by 'By.xpath: //div[@id='mount_0_0_AE']/div/div/div/div[2]/div/div/span/div'. Please recheck the objects properties to make sure the desired element is located. 

27-01-2024T19:15:03 - [MESSAGE][WARNING] - [SELF-HEALING] Failed to find element with id 'Object Repository/Facebook Login/Page_Facebook  log in or sign up/Page_Facebook  log in or sign up/Page_Log in to Facebook/Page_(7) Facebook/div_x1i10hfl x6umtig x1b1mbwd xaqea5y xav7g_d32c55'. Try using Self-healing.

27-01-2024T19:15:03 - [MESSAGE][WARNING] - [SELF-HEALING] The current locator of test object 'Object Repository/Facebook Login/Page_Facebook  log in or sign up/Page_Facebook  log in or sign up/Page_Log in to Facebook/Page_(7) Facebook/div_x1i10hfl x6umtig x1b1mbwd xaqea5y xav7g_d32c55' was broken. Propose an alternative one: '//span/div'.

27-01-2024T19:15:03 - [MESSAGE][PASSED] - Object 'Object Repository/Facebook Login/Page_Facebook  log in or sign up/Page_Facebook  log in or sign up/Page_Log in to Facebook/Page_(7) Facebook/div_x1i10hfl x6umtig x1b1mbwd xaqea5y xav7g_d32c55' is clickable

27-01-2024T19:15:03 - [TEST_STEP][PASSED] - closeBrowser(): Browser is closed

27-01-2024T19:15:04 - [MESSAGE][PASSED] - Browser is closed]]></system-out>
         <system-err><![CDATA[]]></system-err>
      </testcase>
      <testcase name="Test Cases/LM right page langauge change english to arabic" time="5.168" classname="Test Cases/LM right page langauge change english to arabic" status="PASSED">
         <system-out><![CDATA[27-01-2024T19:15:04 - [TEST_CASE][PASSED] - Test Cases/LM right page langauge change english to arabic: Test Cases/LM right page langauge change english to arabic

27-01-2024T19:15:04 - [TEST_STEP][PASSED] - openBrowser(""): Browser is opened with url: ''

27-01-2024T19:15:04 - [MESSAGE][INFO] - Starting 'Chrome' driver

27-01-2024T19:15:04 - [MESSAGE][INFO] - Action delay is set to 0 milliseconds

27-01-2024T19:15:04 - [MESSAGE][PASSED] - Browser is opened with url: ''

27-01-2024T19:15:04 - [TEST_STEP][PASSED] - maximizeWindow(): Current window maximized

27-01-2024T19:15:05 - [MESSAGE][PASSED] - Current window maximized

27-01-2024T19:15:05 - [TEST_STEP][PASSED] - navigateToUrl("https://www.livingmuseum.com/en/"): Navigate to 'https://www.livingmuseum.com/en/' successfully

27-01-2024T19:15:07 - [MESSAGE][PASSED] - Navigate to 'https://www.livingmuseum.com/en/' successfully

27-01-2024T19:15:07 - [TEST_STEP][PASSED] - scrollToPosition(0, 1): Browser is scrolled to position x = 0, y = 1

27-01-2024T19:15:08 - [MESSAGE][PASSED] - Browser is scrolled to position x = 0, y = 1

27-01-2024T19:15:08 - [TEST_STEP][PASSED] - verifyElementClickable(findTestObject("Object Repository/LM/Page_The Living Museum/a_")): Object 'Object Repository/LM/Page_The Living Museum/a_' is clickable

27-01-2024T19:15:08 - [MESSAGE][PASSED] - Object 'Object Repository/LM/Page_The Living Museum/a_' is clickable

27-01-2024T19:15:08 - [TEST_STEP][PASSED] - scrollToPosition(0, 1): Browser is scrolled to position x = 0, y = 1

27-01-2024T19:15:08 - [MESSAGE][PASSED] - Browser is scrolled to position x = 0, y = 1

27-01-2024T19:15:08 - [TEST_STEP][PASSED] - closeBrowser(): Browser is closed

27-01-2024T19:15:09 - [MESSAGE][PASSED] - Browser is closed]]></system-out>
         <system-err><![CDATA[]]></system-err>
      </testcase>
      <testcase name="Test Cases/LM page carousel" time="5.046" classname="Test Cases/LM page carousel" status="PASSED">
         <system-out><![CDATA[27-01-2024T19:15:09 - [TEST_CASE][PASSED] - Test Cases/LM page carousel: Test Cases/LM page carousel

27-01-2024T19:15:09 - [TEST_STEP][PASSED] - openBrowser(""): Browser is opened with url: ''

27-01-2024T19:15:09 - [MESSAGE][INFO] - Starting 'Chrome' driver

27-01-2024T19:15:09 - [MESSAGE][INFO] - Action delay is set to 0 milliseconds

27-01-2024T19:15:10 - [MESSAGE][PASSED] - Browser is opened with url: ''

27-01-2024T19:15:10 - [TEST_STEP][PASSED] - maximizeWindow(): Current window maximized

27-01-2024T19:15:10 - [MESSAGE][PASSED] - Current window maximized

27-01-2024T19:15:10 - [TEST_STEP][PASSED] - navigateToUrl("https://www.livingmuseum.com/en"): Navigate to 'https://www.livingmuseum.com/en' successfully

27-01-2024T19:15:12 - [MESSAGE][PASSED] - Navigate to 'https://www.livingmuseum.com/en' successfully

27-01-2024T19:15:12 - [TEST_STEP][PASSED] - scrollToPosition(0, 1): Browser is scrolled to position x = 0, y = 1

27-01-2024T19:15:12 - [MESSAGE][PASSED] - Browser is scrolled to position x = 0, y = 1

27-01-2024T19:15:12 - [TEST_STEP][PASSED] - verifyElementClickable(findTestObject("Object Repository/Page_The Living Museum/i_click-area")): Object 'Object Repository/Page_The Living Museum/i_click-area' is clickable

27-01-2024T19:15:13 - [MESSAGE][PASSED] - Object 'Object Repository/Page_The Living Museum/i_click-area' is clickable

27-01-2024T19:15:13 - [TEST_STEP][PASSED] - verifyElementClickable(findTestObject("Object Repository/Page_The Living Museum/i_click-area_1")): Object 'Object Repository/Page_The Living Museum/i_click-area_1' is clickable

27-01-2024T19:15:13 - [MESSAGE][PASSED] - Object 'Object Repository/Page_The Living Museum/i_click-area_1' is clickable

27-01-2024T19:15:13 - [TEST_STEP][PASSED] - verifyElementClickable(findTestObject("Object Repository/Page_The Living Museum/i_click-area_1_2")): Object 'Object Repository/Page_The Living Museum/i_click-area_1_2' is clickable

27-01-2024T19:15:13 - [MESSAGE][PASSED] - Object 'Object Repository/Page_The Living Museum/i_click-area_1_2' is clickable

27-01-2024T19:15:13 - [TEST_STEP][PASSED] - closeBrowser(): Browser is closed

27-01-2024T19:15:14 - [MESSAGE][PASSED] - Browser is closed]]></system-out>
         <system-err><![CDATA[]]></system-err>
      </testcase>
      <testcase name="Test Cases/LM Click on logo to navigate home page" time="33.855" classname="Test Cases/LM Click on logo to navigate home page" status="PASSED">
         <system-out><![CDATA[27-01-2024T19:15:14 - [TEST_CASE][PASSED] - Test Cases/LM Click on logo to navigate home page: Test Cases/LM Click on logo to navigate home page

27-01-2024T19:15:14 - [TEST_STEP][PASSED] - openBrowser(""): Browser is opened with url: ''

27-01-2024T19:15:14 - [MESSAGE][INFO] - Starting 'Chrome' driver

27-01-2024T19:15:14 - [MESSAGE][INFO] - Action delay is set to 0 milliseconds

27-01-2024T19:15:15 - [MESSAGE][PASSED] - Browser is opened with url: ''

27-01-2024T19:15:15 - [TEST_STEP][PASSED] - maximizeWindow(): Current window maximized

27-01-2024T19:15:15 - [MESSAGE][PASSED] - Current window maximized

27-01-2024T19:15:15 - [TEST_STEP][PASSED] - navigateToUrl("https://www.livingmuseum.com/en/arts/exhibitions"): Navigate to 'https://www.livingmuseum.com/en/arts/exhibitions' successfully

27-01-2024T19:15:16 - [MESSAGE][PASSED] - Navigate to 'https://www.livingmuseum.com/en/arts/exhibitions' successfully

27-01-2024T19:15:16 - [TEST_STEP][PASSED] - verifyElementClickable(findTestObject("Object Repository/LM/Page_The Living Museum/Page_The Living Museum/svg")): Object 'Object Repository/LM/Page_The Living Museum/Page_The Living Museum/svg' is clickable

27-01-2024T19:15:47 - [MESSAGE][INFO] - Unable to find the element located by 'By.xpath: '. Please recheck the objects properties to make sure the desired element is located. 

27-01-2024T19:15:47 - [MESSAGE][WARNING] - [SELF-HEALING] Failed to find element with id 'Object Repository/LM/Page_The Living Museum/Page_The Living Museum/svg'. Try using Self-healing.

27-01-2024T19:15:47 - [MESSAGE][WARNING] - [SELF-HEALING] The current locator of test object 'Object Repository/LM/Page_The Living Museum/Page_The Living Museum/svg' was broken. Propose an alternative one: 'svg'.

27-01-2024T19:15:47 - [MESSAGE][PASSED] - Object 'Object Repository/LM/Page_The Living Museum/Page_The Living Museum/svg' is clickable

27-01-2024T19:15:47 - [TEST_STEP][PASSED] - scrollToPosition(0, 1): Browser is scrolled to position x = 0, y = 1

27-01-2024T19:15:47 - [MESSAGE][PASSED] - Browser is scrolled to position x = 0, y = 1

27-01-2024T19:15:47 - [TEST_STEP][PASSED] - closeBrowser(): Browser is closed

27-01-2024T19:15:48 - [MESSAGE][PASSED] - Browser is closed]]></system-out>
         <system-err><![CDATA[]]></system-err>
      </testcase>
      <testcase name="Test Cases/SH Create sequence" time="20.769" classname="Test Cases/SH Create sequence" status="PASSED">
         <system-out><![CDATA[27-01-2024T19:15:48 - [TEST_CASE][PASSED] - Test Cases/SH Create sequence: Test Cases/SH Create sequence

27-01-2024T19:15:48 - [TEST_STEP][PASSED] - openBrowser(""): Browser is opened with url: ''

27-01-2024T19:15:48 - [MESSAGE][INFO] - Starting 'Chrome' driver

27-01-2024T19:15:48 - [MESSAGE][INFO] - Action delay is set to 0 milliseconds

27-01-2024T19:15:48 - [MESSAGE][PASSED] - Browser is opened with url: ''

27-01-2024T19:15:48 - [TEST_STEP][PASSED] - navigateToUrl("https://compass.lifeisgoodforlearner.com/login"): Navigate to 'https://compass.lifeisgoodforlearner.com/login' successfully

27-01-2024T19:15:59 - [MESSAGE][PASSED] - Navigate to 'https://compass.lifeisgoodforlearner.com/login' successfully

27-01-2024T19:15:59 - [TEST_STEP][PASSED] - setText(findTestObject("Object Repository/SH Create sequence succesfully/Page_Login/input_email"), "kuldip@qable.io"): Text 'kuldip@qable.io' is set on object 'Object Repository/SH Create sequence succesfully/Page_Login/input_email'

27-01-2024T19:16:01 - [MESSAGE][PASSED] - Text 'kuldip@qable.io' is set on object 'Object Repository/SH Create sequence succesfully/Page_Login/input_email'

27-01-2024T19:16:01 - [TEST_STEP][PASSED] - setEncryptedText(findTestObject("Object Repository/SH Create sequence succesfully/Page_Login/input_password"), "GTlPq8sqzIAVcUdIXgqPeg=="): Text ****** has been set on object 'Object Repository/SH Create sequence succesfully/Page_Login/input_password'

27-01-2024T19:16:02 - [MESSAGE][PASSED] - Text ****** has been set on object 'Object Repository/SH Create sequence succesfully/Page_Login/input_password'

27-01-2024T19:16:02 - [TEST_STEP][PASSED] - click(findTestObject("Object Repository/SH Create sequence succesfully/Page_Login/span_Login")): Object: 'Object Repository/SH Create sequence succesfully/Page_Login/span_Login' is clicked on

27-01-2024T19:16:03 - [MESSAGE][PASSED] - Object: 'Object Repository/SH Create sequence succesfully/Page_Login/span_Login' is clicked on

27-01-2024T19:16:03 - [TEST_STEP][PASSED] - click(findTestObject("Object Repository/SH Create sequence succesfully/Page_Sequence/button_Create Sequence")): Object: 'Object Repository/SH Create sequence succesfully/Page_Sequence/button_Create Sequence' is clicked on

27-01-2024T19:16:07 - [MESSAGE][PASSED] - Object: 'Object Repository/SH Create sequence succesfully/Page_Sequence/button_Create Sequence' is clicked on

27-01-2024T19:16:07 - [TEST_STEP][PASSED] - verifyElementPresent(findTestObject("Object Repository/SH Create sequence succesfully/Page_Sequence/div_Sequence created successfully"), 0): Object 'Object Repository/SH Create sequence succesfully/Page_Sequence/div_Sequence created successfully' is present

27-01-2024T19:16:07 - [MESSAGE][WARNING] - Timeout '0' is invalid. Using default page load timeout: '30'

27-01-2024T19:16:08 - [MESSAGE][PASSED] - Object 'Object Repository/SH Create sequence succesfully/Page_Sequence/div_Sequence created successfully' is present

27-01-2024T19:16:08 - [TEST_STEP][PASSED] - closeBrowser(): Browser is closed

27-01-2024T19:16:08 - [MESSAGE][PASSED] - Browser is closed]]></system-out>
         <system-err><![CDATA[]]></system-err>
      </testcase>
      <testcase name="Test Cases/Google Search" time="14.245" classname="Test Cases/Google Search" status="PASSED">
         <system-out><![CDATA[27-01-2024T19:16:08 - [TEST_CASE][PASSED] - Test Cases/Google Search: Test Cases/Google Search

27-01-2024T19:16:08 - [TEST_STEP][PASSED] - openBrowser(""): Browser is opened with url: ''

27-01-2024T19:16:08 - [MESSAGE][INFO] - Starting 'Chrome' driver

27-01-2024T19:16:08 - [MESSAGE][INFO] - Action delay is set to 0 milliseconds

27-01-2024T19:16:09 - [MESSAGE][PASSED] - Browser is opened with url: ''

27-01-2024T19:16:09 - [TEST_STEP][PASSED] - maximizeWindow(): Current window maximized

27-01-2024T19:16:10 - [MESSAGE][PASSED] - Current window maximized

27-01-2024T19:16:10 - [TEST_STEP][PASSED] - navigateToUrl("https://www.google.com/"): Navigate to 'https://www.google.com/' successfully

27-01-2024T19:16:11 - [MESSAGE][PASSED] - Navigate to 'https://www.google.com/' successfully

27-01-2024T19:16:11 - [TEST_STEP][PASSED] - setText(findTestObject("Object Repository/Google search/Page_Google/textarea_q"), "Youtube"): Text 'Youtube' is set on object 'Object Repository/Google search/Page_Google/textarea_q'

27-01-2024T19:16:12 - [MESSAGE][PASSED] - Text 'Youtube' is set on object 'Object Repository/Google search/Page_Google/textarea_q'

27-01-2024T19:16:12 - [TEST_STEP][PASSED] - click(findTestObject("Object Repository/Google search/Page_Google/span_YouTube")): Object: 'Object Repository/Google search/Page_Google/span_YouTube' is clicked on

27-01-2024T19:16:14 - [MESSAGE][PASSED] - Object: 'Object Repository/Google search/Page_Google/span_YouTube' is clicked on

27-01-2024T19:16:14 - [TEST_STEP][PASSED] - click(findTestObject("Object Repository/Google search/Page_youtube - Google Search/h3_YouTube Home")): Object: 'Object Repository/Google search/Page_youtube - Google Search/h3_YouTube Home' is clicked on

27-01-2024T19:16:22 - [MESSAGE][PASSED] - Object: 'Object Repository/Google search/Page_youtube - Google Search/h3_YouTube Home' is clicked on

27-01-2024T19:16:22 - [TEST_STEP][PASSED] - closeBrowser(): Browser is closed

27-01-2024T19:16:23 - [MESSAGE][PASSED] - Browser is closed]]></system-out>
         <system-err><![CDATA[]]></system-err>
      </testcase>
      <testcase name="Test Cases/Google Search by Image" time="35.346" classname="Test Cases/Google Search by Image" status="PASSED">
         <system-out><![CDATA[27-01-2024T19:16:23 - [TEST_CASE][PASSED] - Test Cases/Google Search by Image: Test Cases/Google Search by Image

27-01-2024T19:16:23 - [TEST_STEP][PASSED] - openBrowser(""): Browser is opened with url: ''

27-01-2024T19:16:23 - [MESSAGE][INFO] - Starting 'Chrome' driver

27-01-2024T19:16:23 - [MESSAGE][INFO] - Action delay is set to 0 milliseconds

27-01-2024T19:16:24 - [MESSAGE][PASSED] - Browser is opened with url: ''

27-01-2024T19:16:24 - [TEST_STEP][PASSED] - maximizeWindow(): Current window maximized

27-01-2024T19:16:24 - [MESSAGE][PASSED] - Current window maximized

27-01-2024T19:16:24 - [TEST_STEP][PASSED] - navigateToUrl("https://www.google.com/"): Navigate to 'https://www.google.com/' successfully

27-01-2024T19:16:25 - [MESSAGE][PASSED] - Navigate to 'https://www.google.com/' successfully

27-01-2024T19:16:25 - [TEST_STEP][PASSED] - click(findTestObject("Object Repository/Google search/Page_Google/svg_Gdd5U")): Object: 'Object Repository/Google search/Page_Google/svg_Gdd5U' is clicked on

27-01-2024T19:16:57 - [MESSAGE][INFO] - Unable to find the element located by 'By.xpath: '. Please recheck the objects properties to make sure the desired element is located. 

27-01-2024T19:16:57 - [MESSAGE][WARNING] - [SELF-HEALING] Failed to find element with id 'Object Repository/Google search/Page_Google/svg_Gdd5U'. Try using Self-healing.

27-01-2024T19:16:57 - [MESSAGE][WARNING] - [SELF-HEALING] The current locator of test object 'Object Repository/Google search/Page_Google/svg_Gdd5U' was broken. Propose an alternative one: 'svg.Gdd5U'.

27-01-2024T19:16:57 - [MESSAGE][PASSED] - Object: 'Object Repository/Google search/Page_Google/svg_Gdd5U' is clicked on

27-01-2024T19:16:57 - [TEST_STEP][PASSED] - click(findTestObject("Object Repository/Google search/Page_Google/span_upload a file")): Object: 'Object Repository/Google search/Page_Google/span_upload a file' is clicked on

27-01-2024T19:16:58 - [MESSAGE][PASSED] - Object: 'Object Repository/Google search/Page_Google/span_upload a file' is clicked on

27-01-2024T19:16:58 - [TEST_STEP][PASSED] - closeBrowser(): Browser is closed

27-01-2024T19:16:58 - [MESSAGE][PASSED] - Browser is closed]]></system-out>
         <system-err><![CDATA[]]></system-err>
      </testcase>
      <testcase name="Test Cases/Google images search" time="8.966" classname="Test Cases/Google images search" status="PASSED">
         <system-out><![CDATA[27-01-2024T19:16:58 - [TEST_CASE][PASSED] - Test Cases/Google images search: Test Cases/Google images search

27-01-2024T19:16:58 - [TEST_STEP][PASSED] - openBrowser(""): Browser is opened with url: ''

27-01-2024T19:16:58 - [MESSAGE][INFO] - Starting 'Chrome' driver

27-01-2024T19:16:58 - [MESSAGE][INFO] - Action delay is set to 0 milliseconds

27-01-2024T19:16:59 - [MESSAGE][PASSED] - Browser is opened with url: ''

27-01-2024T19:16:59 - [TEST_STEP][PASSED] - maximizeWindow(): Current window maximized

27-01-2024T19:16:59 - [MESSAGE][PASSED] - Current window maximized

27-01-2024T19:16:59 - [TEST_STEP][PASSED] - navigateToUrl("https://www.google.com/"): Navigate to 'https://www.google.com/' successfully

27-01-2024T19:17:01 - [MESSAGE][PASSED] - Navigate to 'https://www.google.com/' successfully

27-01-2024T19:17:01 - [TEST_STEP][PASSED] - verifyElementPresent(findTestObject("Object Repository/Google search/Page_Google/a_Images"), 0): Object 'Object Repository/Google search/Page_Google/a_Images' is present

27-01-2024T19:17:01 - [MESSAGE][WARNING] - Timeout '0' is invalid. Using default page load timeout: '30'

27-01-2024T19:17:01 - [MESSAGE][PASSED] - Object 'Object Repository/Google search/Page_Google/a_Images' is present

27-01-2024T19:17:01 - [TEST_STEP][PASSED] - setText(findTestObject("Object Repository/Google search/Page_Google Images/textarea_q"), "Shree Ram AI"): Text 'Shree Ram AI' is set on object 'Object Repository/Google search/Page_Google Images/textarea_q'

27-01-2024T19:17:02 - [MESSAGE][PASSED] - Text 'Shree Ram AI' is set on object 'Object Repository/Google search/Page_Google Images/textarea_q'

27-01-2024T19:17:02 - [TEST_STEP][PASSED] - click(findTestObject("Object Repository/Google search/Page_Google Images/span_shree ram ai image 4k")): Object: 'Object Repository/Google search/Page_Google Images/span_shree ram ai image 4k' is clicked on

27-01-2024T19:17:03 - [MESSAGE][PASSED] - Object: 'Object Repository/Google search/Page_Google Images/span_shree ram ai image 4k' is clicked on

27-01-2024T19:17:03 - [TEST_STEP][PASSED] - closeBrowser(): Browser is closed

27-01-2024T19:17:07 - [MESSAGE][PASSED] - Browser is closed]]></system-out>
         <system-err><![CDATA[]]></system-err>
      </testcase>
      <testcase name="Test Cases/Google Langauge Change" time="5.773" classname="Test Cases/Google Langauge Change" status="PASSED">
         <system-out><![CDATA[27-01-2024T19:17:07 - [TEST_CASE][PASSED] - Test Cases/Google Langauge Change: Test Cases/Google Langauge Change

27-01-2024T19:17:07 - [TEST_STEP][PASSED] - openBrowser(""): Browser is opened with url: ''

27-01-2024T19:17:07 - [MESSAGE][INFO] - Starting 'Chrome' driver

27-01-2024T19:17:07 - [MESSAGE][INFO] - Action delay is set to 0 milliseconds

27-01-2024T19:17:08 - [MESSAGE][PASSED] - Browser is opened with url: ''

27-01-2024T19:17:08 - [TEST_STEP][PASSED] - maximizeWindow(): Current window maximized

27-01-2024T19:17:08 - [MESSAGE][PASSED] - Current window maximized

27-01-2024T19:17:08 - [TEST_STEP][PASSED] - navigateToUrl("https://www.google.com/"): Navigate to 'https://www.google.com/' successfully

27-01-2024T19:17:09 - [MESSAGE][PASSED] - Navigate to 'https://www.google.com/' successfully

27-01-2024T19:17:09 - [TEST_STEP][PASSED] - click(findTestObject("Google search/Page_Google/a_"), STOP_ON_FAILURE): Object: 'Object Repository/Google search/Page_Google/a_' is clicked on

27-01-2024T19:17:11 - [MESSAGE][PASSED] - Object: 'Object Repository/Google search/Page_Google/a_' is clicked on

27-01-2024T19:17:11 - [TEST_STEP][PASSED] - click(findTestObject("Google search/Page_Google/a_"), STOP_ON_FAILURE): Object: 'Object Repository/Google search/Page_Google/a_' is clicked on

27-01-2024T19:17:12 - [MESSAGE][PASSED] - Object: 'Object Repository/Google search/Page_Google/a_' is clicked on

27-01-2024T19:17:12 - [TEST_STEP][PASSED] - closeBrowser(): Browser is closed

27-01-2024T19:17:13 - [MESSAGE][PASSED] - Browser is closed]]></system-out>
         <system-err><![CDATA[]]></system-err>
      </testcase>
      <system-out><![CDATA[27-01-2024T19:04:09 - [TEST_SUITE][FAILED] - Test Suite 2: Test Cases/FB Friend Request accept FAILED.
Reason:
com.kms.katalon.core.exception.StepFailedException: Unable to click on object 'Object Repository/Facebook Login/Page_Facebook  log in or sign up/Page_Facebook  log in or sign up/Page_Log in to Facebook/Page_Facebook  log in or sign up/Page_(13) Facebook/span_Confirm'
	at com.kms.katalon.core.webui.keyword.internal.WebUIKeywordMain.stepFailed(WebUIKeywordMain.groovy:64)
	at com.kms.katalon.core.webui.keyword.internal.WebUIKeywordMain.runKeyword(WebUIKeywordMain.groovy:26)
	at com.kms.katalon.core.webui.keyword.builtin.ClickKeyword.click(ClickKeyword.groovy:74)
	at com.kms.katalon.core.webui.keyword.builtin.ClickKeyword.execute(ClickKeyword.groovy:40)
	at com.kms.katalon.core.keyword.internal.KeywordExecutor.executeKeywordForPlatform(KeywordExecutor.groovy:74)
	at com.kms.katalon.core.webui.keyword.WebUiBuiltInKeywords.click(WebUiBuiltInKeywords.groovy:647)
	at FB Friend Request accept.run(FB Friend Request accept:36)
	at com.kms.katalon.core.main.ScriptEngine.run(ScriptEngine.java:194)
	at com.kms.katalon.core.main.ScriptEngine.runScriptAsRawText(ScriptEngine.java:119)
	at com.kms.katalon.core.main.TestCaseExecutor.runScript(TestCaseExecutor.java:448)
	at com.kms.katalon.core.main.TestCaseExecutor.doExecute(TestCaseExecutor.java:439)
	at com.kms.katalon.core.main.TestCaseExecutor.processExecutionPhase(TestCaseExecutor.java:418)
	at com.kms.katalon.core.main.TestCaseExecutor.accessMainPhase(TestCaseExecutor.java:410)
	at com.kms.katalon.core.main.TestCaseExecutor.execute(TestCaseExecutor.java:285)
	at com.kms.katalon.core.common.CommonExecutor.accessTestCaseMainPhase(CommonExecutor.java:65)
	at com.kms.katalon.core.main.TestSuiteExecutor.accessTestSuiteMainPhase(TestSuiteExecutor.java:148)
	at com.kms.katalon.core.main.TestSuiteExecutor.execute(TestSuiteExecutor.java:106)
	at com.kms.katalon.core.main.TestCaseMain.startTestSuite(TestCaseMain.java:180)
	at TempTestSuite1706362445277.run(TempTestSuite1706362445277.groovy:36)
	at java.base/jdk.internal.reflect.NativeMethodAccessorImpl.invoke0(Native Method)
	at java.base/jdk.internal.reflect.NativeMethodAccessorImpl.invoke(NativeMethodAccessorImpl.java:77)
	at java.base/jdk.internal.reflect.DelegatingMethodAccessorImpl.invoke(DelegatingMethodAccessorImpl.java:43)
Caused by: org.openqa.selenium.ElementClickInterceptedException: element click intercepted: Element <span class="x1lliihq x6ikm8r x10wlt62 x1n2onr6 xlyipyv xuxw1ft">...</span> is not clickable at point (1301, 386). Other element would receive the click: <div class="x1uvtmcs x4k7w5x x1h91t0o x1beo9mf xaigb6o x12ejxvf x3igimt xarpa2k xedcshv x1lytzrv x1t2pt76 x7ja8zs x1n2onr6 x1qrby5j x1jfb8zj" tabindex="-1">...</div>
  (Session info: chrome=120.0.6099.225)
Build info: version: '3.141.59', revision: 'e82be7d358', time: '2018-11-14T08:25:53'
System info: host: 'UNITY_0008', ip: '192.168.1.5', os.name: 'Windows 11', os.arch: 'amd64', os.version: '10.0', java.version: '17.0.7'
Driver info: com.kms.katalon.selenium.driver.CChromeDriver
Capabilities {acceptInsecureCerts: false, browserName: chrome, browserVersion: 120.0.6099.225, chrome: {chromedriverVersion: 120.0.6099.71 (9729082fe617..., userDataDir: C:\Users\Guset\AppData\Loca...}, fedcm:accounts: true, goog:chromeOptions: {debuggerAddress: localhost:63144}, javascriptEnabled: true, networkConnectionEnabled: false, pageLoadStrategy: normal, platform: WINDOWS, platformName: WINDOWS, proxy: Proxy(), setWindowRect: true, strictFileInteractability: false, timeouts: {implicit: 0, pageLoad: 300000, script: 30000}, unhandledPromptBehavior: dismiss and notify, webauthn:extension:credBlob: true, webauthn:extension:largeBlob: true, webauthn:extension:minPinLength: true, webauthn:extension:prf: true, webauthn:virtualAuthenticators: true}
Session ID: 725ac4d46d044beb4184706951f1e043
	at java.base/jdk.internal.reflect.NativeConstructorAccessorImpl.newInstance0(Native Method)
	at java.base/jdk.internal.reflect.NativeConstructorAccessorImpl.newInstance(NativeConstructorAccessorImpl.java:77)
	at java.base/jdk.internal.reflect.DelegatingConstructorAccessorImpl.newInstance(DelegatingConstructorAccessorImpl.java:45)
	at org.openqa.selenium.remote.http.W3CHttpResponseCodec.createException(W3CHttpResponseCodec.java:187)
	at org.openqa.selenium.remote.http.W3CHttpResponseCodec.decode(W3CHttpResponseCodec.java:122)
	at org.openqa.selenium.remote.http.W3CHttpResponseCodec.decode(W3CHttpResponseCodec.java:49)
	at org.openqa.selenium.remote.HttpCommandExecutor.execute(HttpCommandExecutor.java:158)
	at org.openqa.selenium.remote.service.DriverCommandExecutor.execute(DriverCommandExecutor.java:83)
	at org.openqa.selenium.remote.RemoteWebDriver.execute(RemoteWebDriver.java:552)
	at com.kms.katalon.selenium.driver.CChromeDriver.execute(CChromeDriver.java:19)
	at org.openqa.selenium.remote.RemoteWebElement.execute(RemoteWebElement.java:285)
	at org.openqa.selenium.remote.RemoteWebElement.click(RemoteWebElement.java:84)
	at jdk.internal.reflect.GeneratedMethodAccessor14.invoke(Unknown Source)
	at java.base/jdk.internal.reflect.DelegatingMethodAccessorImpl.invoke(DelegatingMethodAccessorImpl.java:43)
	at org.openqa.selenium.support.events.EventFiringWebDriver$EventFiringWebElement.lambda$new$0(EventFiringWebDriver.java:404)
	at jdk.proxy2/jdk.proxy2.$Proxy24.click(Unknown Source)
	at org.openqa.selenium.support.events.EventFiringWebDriver$EventFiringWebElement.click(EventFiringWebDriver.java:417)
	at org.openqa.selenium.WebElement$click.call(Unknown Source)
	at com.kms.katalon.core.webui.keyword.builtin.ClickKeyword.clickUntilSuccessWithTimeout(ClickKeyword.groovy:81)
	at com.kms.katalon.core.webui.keyword.builtin.ClickKeyword.clickUntilSuccessWithTimeout(ClickKeyword.groovy)
	at java.base/jdk.internal.reflect.NativeMethodAccessorImpl.invoke0(Native Method)
	at java.base/jdk.internal.reflect.NativeMethodAccessorImpl.invoke(NativeMethodAccessorImpl.java:77)
	at java.base/jdk.internal.reflect.DelegatingMethodAccessorImpl.invoke(DelegatingMethodAccessorImpl.java:43)
	at com.kms.katalon.core.webui.keyword.builtin.ClickKeyword$_click_closure1.doCall(ClickKeyword.groovy:67)
	at com.kms.katalon.core.webui.keyword.builtin.ClickKeyword$_click_closure1.call(ClickKeyword.groovy)
	at com.kms.katalon.core.webui.keyword.internal.WebUIKeywordMain.runKeyword(WebUIKeywordMain.groovy:20)
	... 20 more]]></system-out>
      <system-err><![CDATA[27-01-2024T19:04:09 - [TEST_SUITE][FAILED] - Test Suite 2: Test Cases/FB Friend Request accept FAILED.
Reason:
com.kms.katalon.core.exception.StepFailedException: Unable to click on object 'Object Repository/Facebook Login/Page_Facebook  log in or sign up/Page_Facebook  log in or sign up/Page_Log in to Facebook/Page_Facebook  log in or sign up/Page_(13) Facebook/span_Confirm'
	at com.kms.katalon.core.webui.keyword.internal.WebUIKeywordMain.stepFailed(WebUIKeywordMain.groovy:64)
	at com.kms.katalon.core.webui.keyword.internal.WebUIKeywordMain.runKeyword(WebUIKeywordMain.groovy:26)
	at com.kms.katalon.core.webui.keyword.builtin.ClickKeyword.click(ClickKeyword.groovy:74)
	at com.kms.katalon.core.webui.keyword.builtin.ClickKeyword.execute(ClickKeyword.groovy:40)
	at com.kms.katalon.core.keyword.internal.KeywordExecutor.executeKeywordForPlatform(KeywordExecutor.groovy:74)
	at com.kms.katalon.core.webui.keyword.WebUiBuiltInKeywords.click(WebUiBuiltInKeywords.groovy:647)
	at FB Friend Request accept.run(FB Friend Request accept:36)
	at com.kms.katalon.core.main.ScriptEngine.run(ScriptEngine.java:194)
	at com.kms.katalon.core.main.ScriptEngine.runScriptAsRawText(ScriptEngine.java:119)
	at com.kms.katalon.core.main.TestCaseExecutor.runScript(TestCaseExecutor.java:448)
	at com.kms.katalon.core.main.TestCaseExecutor.doExecute(TestCaseExecutor.java:439)
	at com.kms.katalon.core.main.TestCaseExecutor.processExecutionPhase(TestCaseExecutor.java:418)
	at com.kms.katalon.core.main.TestCaseExecutor.accessMainPhase(TestCaseExecutor.java:410)
	at com.kms.katalon.core.main.TestCaseExecutor.execute(TestCaseExecutor.java:285)
	at com.kms.katalon.core.common.CommonExecutor.accessTestCaseMainPhase(CommonExecutor.java:65)
	at com.kms.katalon.core.main.TestSuiteExecutor.accessTestSuiteMainPhase(TestSuiteExecutor.java:148)
	at com.kms.katalon.core.main.TestSuiteExecutor.execute(TestSuiteExecutor.java:106)
	at com.kms.katalon.core.main.TestCaseMain.startTestSuite(TestCaseMain.java:180)
	at TempTestSuite1706362445277.run(TempTestSuite1706362445277.groovy:36)
	at java.base/jdk.internal.reflect.NativeMethodAccessorImpl.invoke0(Native Method)
	at java.base/jdk.internal.reflect.NativeMethodAccessorImpl.invoke(NativeMethodAccessorImpl.java:77)
	at java.base/jdk.internal.reflect.DelegatingMethodAccessorImpl.invoke(DelegatingMethodAccessorImpl.java:43)
Caused by: org.openqa.selenium.ElementClickInterceptedException: element click intercepted: Element <span class="x1lliihq x6ikm8r x10wlt62 x1n2onr6 xlyipyv xuxw1ft">...</span> is not clickable at point (1301, 386). Other element would receive the click: <div class="x1uvtmcs x4k7w5x x1h91t0o x1beo9mf xaigb6o x12ejxvf x3igimt xarpa2k xedcshv x1lytzrv x1t2pt76 x7ja8zs x1n2onr6 x1qrby5j x1jfb8zj" tabindex="-1">...</div>
  (Session info: chrome=120.0.6099.225)
Build info: version: '3.141.59', revision: 'e82be7d358', time: '2018-11-14T08:25:53'
System info: host: 'UNITY_0008', ip: '192.168.1.5', os.name: 'Windows 11', os.arch: 'amd64', os.version: '10.0', java.version: '17.0.7'
Driver info: com.kms.katalon.selenium.driver.CChromeDriver
Capabilities {acceptInsecureCerts: false, browserName: chrome, browserVersion: 120.0.6099.225, chrome: {chromedriverVersion: 120.0.6099.71 (9729082fe617..., userDataDir: C:\Users\Guset\AppData\Loca...}, fedcm:accounts: true, goog:chromeOptions: {debuggerAddress: localhost:63144}, javascriptEnabled: true, networkConnectionEnabled: false, pageLoadStrategy: normal, platform: WINDOWS, platformName: WINDOWS, proxy: Proxy(), setWindowRect: true, strictFileInteractability: false, timeouts: {implicit: 0, pageLoad: 300000, script: 30000}, unhandledPromptBehavior: dismiss and notify, webauthn:extension:credBlob: true, webauthn:extension:largeBlob: true, webauthn:extension:minPinLength: true, webauthn:extension:prf: true, webauthn:virtualAuthenticators: true}
Session ID: 725ac4d46d044beb4184706951f1e043
	at java.base/jdk.internal.reflect.NativeConstructorAccessorImpl.newInstance0(Native Method)
	at java.base/jdk.internal.reflect.NativeConstructorAccessorImpl.newInstance(NativeConstructorAccessorImpl.java:77)
	at java.base/jdk.internal.reflect.DelegatingConstructorAccessorImpl.newInstance(DelegatingConstructorAccessorImpl.java:45)
	at org.openqa.selenium.remote.http.W3CHttpResponseCodec.createException(W3CHttpResponseCodec.java:187)
	at org.openqa.selenium.remote.http.W3CHttpResponseCodec.decode(W3CHttpResponseCodec.java:122)
	at org.openqa.selenium.remote.http.W3CHttpResponseCodec.decode(W3CHttpResponseCodec.java:49)
	at org.openqa.selenium.remote.HttpCommandExecutor.execute(HttpCommandExecutor.java:158)
	at org.openqa.selenium.remote.service.DriverCommandExecutor.execute(DriverCommandExecutor.java:83)
	at org.openqa.selenium.remote.RemoteWebDriver.execute(RemoteWebDriver.java:552)
	at com.kms.katalon.selenium.driver.CChromeDriver.execute(CChromeDriver.java:19)
	at org.openqa.selenium.remote.RemoteWebElement.execute(RemoteWebElement.java:285)
	at org.openqa.selenium.remote.RemoteWebElement.click(RemoteWebElement.java:84)
	at jdk.internal.reflect.GeneratedMethodAccessor14.invoke(Unknown Source)
	at java.base/jdk.internal.reflect.DelegatingMethodAccessorImpl.invoke(DelegatingMethodAccessorImpl.java:43)
	at org.openqa.selenium.support.events.EventFiringWebDriver$EventFiringWebElement.lambda$new$0(EventFiringWebDriver.java:404)
	at jdk.proxy2/jdk.proxy2.$Proxy24.click(Unknown Source)
	at org.openqa.selenium.support.events.EventFiringWebDriver$EventFiringWebElement.click(EventFiringWebDriver.java:417)
	at org.openqa.selenium.WebElement$click.call(Unknown Source)
	at com.kms.katalon.core.webui.keyword.builtin.ClickKeyword.clickUntilSuccessWithTimeout(ClickKeyword.groovy:81)
	at com.kms.katalon.core.webui.keyword.builtin.ClickKeyword.clickUntilSuccessWithTimeout(ClickKeyword.groovy)
	at java.base/jdk.internal.reflect.NativeMethodAccessorImpl.invoke0(Native Method)
	at java.base/jdk.internal.reflect.NativeMethodAccessorImpl.invoke(NativeMethodAccessorImpl.java:77)
	at java.base/jdk.internal.reflect.DelegatingMethodAccessorImpl.invoke(DelegatingMethodAccessorImpl.java:43)
	at com.kms.katalon.core.webui.keyword.builtin.ClickKeyword$_click_closure1.doCall(ClickKeyword.groovy:67)
	at com.kms.katalon.core.webui.keyword.builtin.ClickKeyword$_click_closure1.call(ClickKeyword.groovy)
	at com.kms.katalon.core.webui.keyword.internal.WebUIKeywordMain.runKeyword(WebUIKeywordMain.groovy:20)
	... 20 more]]></system-err>
   </testsuite>
</testsuites>
