<?xml version="1.0" encoding="UTF-8"?>
<testsuites name="Login Test suite" time="292.798" tests="9" failures="0" errors="0">
   <testsuite name="Login Test suite" tests="9" failures="0" errors="0" time="292.798" skipped="0" timestamp="27-01-2024T18:57:28" hostname="Guset - Unity_0008" id="Test Suites/Login Test suite">
      <properties>
         <property name="deviceName" value=""/>
         <property name="devicePlatform" value=""/>
         <property name="logFolder" value="C:\\Users\\Guset\\git\\cool1\\cool1\\Reports\\20240127_185724\\Login Test suite\\20240127_185724"/>
         <property name="logFiles" value="C:\\Users\\Guset\\git\\cool1\\cool1\\Reports\\20240127_185724\\Login Test suite\\20240127_185724\\execution0.log"/>
         <property name="attachments" value="C:\\Users\\Guset\\git\\cool1\\cool1\\Reports\\20240127_185724\\Login Test suite\\20240127_185724\\1706362282138.png, C:\\Users\\Guset\\git\\cool1\\cool1\\Reports\\20240127_185724\\Login Test suite\\20240127_185724\\1706362282282.png"/>
         <property name="hostName" value="Guset - Unity_0008"/>
         <property name="os" value="Windows 11 64bit"/>
         <property name="katalonVersion" value="9.2.0.212"/>
         <property name="browser" value="Chrome 120.0.0.0"/>
         <property name="hostAddress" value="192.168.1.5"/>
         <property name="sessionId" value="be5f89536e2b56eec27cfcecd8df816e"/>
         <property name="seleniumVersion" value="3.141.59"/>
         <property name="proxyInformation" value="ProxyInformation { proxyOption=NO_PROXY, proxyServerType=HTTP, username=, password=********, proxyServerAddress=, proxyServerPort=0, executionList=&quot;&quot;, isApplyToDesiredCapabilities=true }"/>
         <property name="platform" value="Windows 11"/>
      </properties>
      <testcase name="Test Cases/Facebook Login invalid 1" time="38.805" classname="Test Cases/Facebook Login invalid 1" status="PASSED">
         <system-out><![CDATA[27-01-2024T18:57:28 - [TEST_CASE][PASSED] - Test Cases/Facebook Login invalid 1: Test Cases/Facebook Login invalid 1

27-01-2024T18:57:28 - [TEST_STEP][PASSED] - openBrowser(""): Browser is opened with url: ''

27-01-2024T18:57:29 - [MESSAGE][INFO] - Starting 'Chrome' driver

27-01-2024T18:57:29 - [MESSAGE][INFO] - Action delay is set to 0 milliseconds

27-01-2024T18:57:30 - [MESSAGE][PASSED] - Browser is opened with url: ''

27-01-2024T18:57:30 - [TEST_STEP][PASSED] - maximizeWindow(): Current window maximized

27-01-2024T18:57:31 - [MESSAGE][PASSED] - Current window maximized

27-01-2024T18:57:31 - [TEST_STEP][PASSED] - navigateToUrl("https://www.facebook.com/"): Navigate to 'https://www.facebook.com/' successfully

27-01-2024T18:57:32 - [MESSAGE][PASSED] - Navigate to 'https://www.facebook.com/' successfully

27-01-2024T18:57:32 - [TEST_STEP][PASSED] - click(findTestObject("Object Repository/Page_Facebook  log in or sign up/input_email")): Object: 'Object Repository/Page_Facebook  log in or sign up/input_email' is clicked on

27-01-2024T18:57:33 - [MESSAGE][PASSED] - Object: 'Object Repository/Page_Facebook  log in or sign up/input_email' is clicked on

27-01-2024T18:57:33 - [TEST_STEP][PASSED] - setEncryptedText(findTestObject("Object Repository/Page_Facebook  log in or sign up/input_pass"), "1AmIDvstrhuOMOvwahdcoA=="): Text ****** has been set on object 'Object Repository/Page_Facebook  log in or sign up/input_pass'

27-01-2024T18:57:33 - [MESSAGE][PASSED] - Text ****** has been set on object 'Object Repository/Page_Facebook  log in or sign up/input_pass'

27-01-2024T18:57:33 - [TEST_STEP][PASSED] - click(findTestObject("Object Repository/Page_Facebook  log in or sign up/button_Log in")): Object: 'Object Repository/Page_Facebook  log in or sign up/button_Log in' is clicked on

27-01-2024T18:58:05 - [MESSAGE][INFO] - Unable to find the element located by 'By.xpath: //button[@id='u_0_5_Bi']'. Please recheck the objects properties to make sure the desired element is located. 

27-01-2024T18:58:05 - [MESSAGE][WARNING] - [SELF-HEALING] Failed to find element with id 'Object Repository/Page_Facebook  log in or sign up/button_Log in'. Try using Self-healing.

27-01-2024T18:58:05 - [MESSAGE][WARNING] - [SELF-HEALING] The current locator of test object 'Object Repository/Page_Facebook  log in or sign up/button_Log in' was broken. Propose an alternative one: '//button'.

27-01-2024T18:58:05 - [MESSAGE][PASSED] - Object: 'Object Repository/Page_Facebook  log in or sign up/button_Log in' is clicked on

27-01-2024T18:58:05 - [TEST_STEP][PASSED] - verifyElementPresent(findTestObject("Page_Log in to Facebook/div_The email address or mobile number you _93c7eb"), 0): Object 'Object Repository/Page_Log in to Facebook/div_The email address or mobile number you _93c7eb' is present

27-01-2024T18:58:05 - [MESSAGE][WARNING] - Timeout '0' is invalid. Using default page load timeout: '30'

27-01-2024T18:58:07 - [MESSAGE][PASSED] - Object 'Object Repository/Page_Log in to Facebook/div_The email address or mobile number you _93c7eb' is present

27-01-2024T18:58:07 - [TEST_STEP][PASSED] - closeBrowser(): Browser is closed

27-01-2024T18:58:07 - [MESSAGE][PASSED] - Browser is closed]]></system-out>
         <system-err><![CDATA[]]></system-err>
      </testcase>
      <testcase name="Test Cases/Facebook login invalid 2" time="67.448" classname="Test Cases/Facebook login invalid 2" status="PASSED">
         <system-out><![CDATA[27-01-2024T18:58:07 - [TEST_CASE][PASSED] - Test Cases/Facebook login invalid 2: Test Cases/Facebook login invalid 2

27-01-2024T18:58:07 - [TEST_STEP][PASSED] - openBrowser(""): Browser is opened with url: ''

27-01-2024T18:58:07 - [MESSAGE][INFO] - Starting 'Chrome' driver

27-01-2024T18:58:07 - [MESSAGE][INFO] - Action delay is set to 0 milliseconds

27-01-2024T18:58:08 - [MESSAGE][PASSED] - Browser is opened with url: ''

27-01-2024T18:58:08 - [TEST_STEP][PASSED] - navigateToUrl("https://www.facebook.com/"): Navigate to 'https://www.facebook.com/' successfully

27-01-2024T18:58:09 - [MESSAGE][PASSED] - Navigate to 'https://www.facebook.com/' successfully

27-01-2024T18:58:09 - [TEST_STEP][PASSED] - setText(findTestObject("Object Repository/Facebook Login/Page_Facebook  log in or sign up/Page_Log in to Facebook/Page_Log in to Facebook/Page_Facebook  log in or sign up/input_email"), "mkrajput1524@gmail.com"): Text 'mkrajput1524@gmail.com' is set on object 'Object Repository/Facebook Login/Page_Facebook  log in or sign up/Page_Log in to Facebook/Page_Log in to Facebook/Page_Facebook  log in or sign up/input_email'

27-01-2024T18:58:10 - [MESSAGE][PASSED] - Text 'mkrajput1524@gmail.com' is set on object 'Object Repository/Facebook Login/Page_Facebook  log in or sign up/Page_Log in to Facebook/Page_Log in to Facebook/Page_Facebook  log in or sign up/input_email'

27-01-2024T18:58:10 - [TEST_STEP][PASSED] - click(findTestObject("Object Repository/Facebook Login/Page_Facebook  log in or sign up/Page_Log in to Facebook/Page_Log in to Facebook/Page_Facebook  log in or sign up/input_pass"), STOP_ON_FAILURE): Object: 'Object Repository/Facebook Login/Page_Facebook  log in or sign up/Page_Log in to Facebook/Page_Log in to Facebook/Page_Facebook  log in or sign up/input_pass' is clicked on

27-01-2024T18:58:11 - [MESSAGE][PASSED] - Object: 'Object Repository/Facebook Login/Page_Facebook  log in or sign up/Page_Log in to Facebook/Page_Log in to Facebook/Page_Facebook  log in or sign up/input_pass' is clicked on

27-01-2024T18:58:11 - [TEST_STEP][PASSED] - click(findTestObject("Object Repository/Facebook Login/Page_Facebook  log in or sign up/Page_Log in to Facebook/Page_Log in to Facebook/Page_Facebook  log in or sign up/button_Log in")): Object: 'Object Repository/Facebook Login/Page_Facebook  log in or sign up/Page_Log in to Facebook/Page_Log in to Facebook/Page_Facebook  log in or sign up/button_Log in' is clicked on

27-01-2024T18:58:42 - [MESSAGE][INFO] - Unable to find the element located by 'By.xpath: //button[@id='u_0_5_4L']'. Please recheck the objects properties to make sure the desired element is located. 

27-01-2024T18:58:42 - [MESSAGE][WARNING] - [SELF-HEALING] Failed to find element with id 'Object Repository/Facebook Login/Page_Facebook  log in or sign up/Page_Log in to Facebook/Page_Log in to Facebook/Page_Facebook  log in or sign up/button_Log in'. Try using Self-healing.

27-01-2024T18:58:42 - [MESSAGE][WARNING] - [SELF-HEALING] The current locator of test object 'Object Repository/Facebook Login/Page_Facebook  log in or sign up/Page_Log in to Facebook/Page_Log in to Facebook/Page_Facebook  log in or sign up/button_Log in' was broken. Propose an alternative one: '//button'.

27-01-2024T18:58:42 - [MESSAGE][PASSED] - Object: 'Object Repository/Facebook Login/Page_Facebook  log in or sign up/Page_Log in to Facebook/Page_Log in to Facebook/Page_Facebook  log in or sign up/button_Log in' is clicked on

27-01-2024T18:58:42 - [TEST_STEP][PASSED] - click(findTestObject("Object Repository/Facebook Login/Page_Facebook  log in or sign up/Page_Log in to Facebook/Page_Log in to Facebook/Page_Log in to Facebook/div_The password that youve entered is inco_890204")): Object: 'Object Repository/Facebook Login/Page_Facebook  log in or sign up/Page_Log in to Facebook/Page_Log in to Facebook/Page_Log in to Facebook/div_The password that youve entered is inco_890204' is clicked on

27-01-2024T18:59:14 - [MESSAGE][INFO] - Unable to find the element located by 'By.xpath: '. Please recheck the objects properties to make sure the desired element is located. 

27-01-2024T18:59:14 - [MESSAGE][WARNING] - [SELF-HEALING] Failed to find element with id 'Object Repository/Facebook Login/Page_Facebook  log in or sign up/Page_Log in to Facebook/Page_Log in to Facebook/Page_Log in to Facebook/div_The password that youve entered is inco_890204'. Try using Self-healing.

27-01-2024T18:59:14 - [MESSAGE][WARNING] - [SELF-HEALING] The current locator of test object 'Object Repository/Facebook Login/Page_Facebook  log in or sign up/Page_Log in to Facebook/Page_Log in to Facebook/Page_Log in to Facebook/div_The password that youve entered is inco_890204' was broken. Propose an alternative one: '//div[@id='loginform']/div[2]/div[2]'.

27-01-2024T18:59:14 - [MESSAGE][PASSED] - Object: 'Object Repository/Facebook Login/Page_Facebook  log in or sign up/Page_Log in to Facebook/Page_Log in to Facebook/Page_Log in to Facebook/div_The password that youve entered is inco_890204' is clicked on

27-01-2024T18:59:14 - [TEST_STEP][PASSED] - closeBrowser(): Browser is closed

27-01-2024T18:59:14 - [MESSAGE][PASSED] - Browser is closed]]></system-out>
         <system-err><![CDATA[]]></system-err>
      </testcase>
      <testcase name="Test Cases/Facebook login invalid input" time="43.393" classname="Test Cases/Facebook login invalid input" status="PASSED">
         <system-out><![CDATA[27-01-2024T18:59:14 - [TEST_CASE][PASSED] - Test Cases/Facebook login invalid input: Test Cases/Facebook login invalid input

27-01-2024T18:59:14 - [TEST_STEP][PASSED] - openBrowser(""): Browser is opened with url: ''

27-01-2024T18:59:14 - [MESSAGE][INFO] - Starting 'Chrome' driver

27-01-2024T18:59:14 - [MESSAGE][INFO] - Action delay is set to 0 milliseconds

27-01-2024T18:59:15 - [MESSAGE][PASSED] - Browser is opened with url: ''

27-01-2024T18:59:15 - [TEST_STEP][PASSED] - navigateToUrl("https://www.facebook.com/"): Navigate to 'https://www.facebook.com/' successfully

27-01-2024T18:59:17 - [MESSAGE][PASSED] - Navigate to 'https://www.facebook.com/' successfully

27-01-2024T18:59:17 - [TEST_STEP][PASSED] - maximizeWindow(): Current window maximized

27-01-2024T18:59:17 - [MESSAGE][PASSED] - Current window maximized

27-01-2024T18:59:17 - [TEST_STEP][PASSED] - setText(findTestObject("Object Repository/Facebook Login/Page_Facebook  log in or sign up/Page_Facebook  log in or sign up/Page_Facebook  log in or sign up/input_email"), "mkrajput1524@gmail.com"): Text 'mkrajput1524@gmail.com' is set on object 'Object Repository/Facebook Login/Page_Facebook  log in or sign up/Page_Facebook  log in or sign up/Page_Facebook  log in or sign up/input_email'

27-01-2024T18:59:18 - [MESSAGE][PASSED] - Text 'mkrajput1524@gmail.com' is set on object 'Object Repository/Facebook Login/Page_Facebook  log in or sign up/Page_Facebook  log in or sign up/Page_Facebook  log in or sign up/input_email'

27-01-2024T18:59:18 - [TEST_STEP][PASSED] - setEncryptedText(findTestObject("Object Repository/Facebook Login/Page_Facebook  log in or sign up/Page_Facebook  log in or sign up/Page_Facebook  log in or sign up/input_pass"), "SaLzXmhNQh8j1fW8MYGYmNu1rlo2bgwA"): Text ****** has been set on object 'Object Repository/Facebook Login/Page_Facebook  log in or sign up/Page_Facebook  log in or sign up/Page_Facebook  log in or sign up/input_pass'

27-01-2024T18:59:18 - [MESSAGE][PASSED] - Text ****** has been set on object 'Object Repository/Facebook Login/Page_Facebook  log in or sign up/Page_Facebook  log in or sign up/Page_Facebook  log in or sign up/input_pass'

27-01-2024T18:59:18 - [TEST_STEP][PASSED] - click(findTestObject("Object Repository/Facebook Login/Page_Facebook  log in or sign up/Page_Facebook  log in or sign up/Page_Facebook  log in or sign up/button_Log in")): Object: 'Object Repository/Facebook Login/Page_Facebook  log in or sign up/Page_Facebook  log in or sign up/Page_Facebook  log in or sign up/button_Log in' is clicked on

27-01-2024T18:59:49 - [MESSAGE][INFO] - Unable to find the element located by 'By.xpath: //button[@id='u_0_5_XJ']'. Please recheck the objects properties to make sure the desired element is located. 

27-01-2024T18:59:49 - [MESSAGE][WARNING] - [SELF-HEALING] Failed to find element with id 'Object Repository/Facebook Login/Page_Facebook  log in or sign up/Page_Facebook  log in or sign up/Page_Facebook  log in or sign up/button_Log in'. Try using Self-healing.

27-01-2024T18:59:50 - [MESSAGE][WARNING] - [SELF-HEALING] The current locator of test object 'Object Repository/Facebook Login/Page_Facebook  log in or sign up/Page_Facebook  log in or sign up/Page_Facebook  log in or sign up/button_Log in' was broken. Propose an alternative one: '//button'.

27-01-2024T18:59:50 - [MESSAGE][PASSED] - Object: 'Object Repository/Facebook Login/Page_Facebook  log in or sign up/Page_Facebook  log in or sign up/Page_Facebook  log in or sign up/button_Log in' is clicked on

27-01-2024T18:59:50 - [TEST_STEP][PASSED] - click(findTestObject("Object Repository/Facebook Login/Page_Facebook  log in or sign up/Page_Facebook  log in or sign up/Page_Log in to Facebook/div_The password that youve entered is inco_890204")): Object: 'Object Repository/Facebook Login/Page_Facebook  log in or sign up/Page_Facebook  log in or sign up/Page_Log in to Facebook/div_The password that youve entered is inco_890204' is clicked on

27-01-2024T18:59:57 - [MESSAGE][PASSED] - Object: 'Object Repository/Facebook Login/Page_Facebook  log in or sign up/Page_Facebook  log in or sign up/Page_Log in to Facebook/div_The password that youve entered is inco_890204' is clicked on

27-01-2024T18:59:57 - [TEST_STEP][PASSED] - closeBrowser(): Browser is closed

27-01-2024T18:59:58 - [MESSAGE][PASSED] - Browser is closed]]></system-out>
         <system-err><![CDATA[]]></system-err>
      </testcase>
      <testcase name="Test Cases/Facebook Login valid input" time="36.65" classname="Test Cases/Facebook Login valid input" status="PASSED">
         <system-out><![CDATA[27-01-2024T18:59:58 - [TEST_CASE][PASSED] - Test Cases/Facebook Login valid input: Test Cases/Facebook Login valid input

27-01-2024T18:59:58 - [TEST_STEP][PASSED] - openBrowser(""): Browser is opened with url: ''

27-01-2024T18:59:58 - [MESSAGE][INFO] - Starting 'Chrome' driver

27-01-2024T18:59:58 - [MESSAGE][INFO] - Action delay is set to 0 milliseconds

27-01-2024T18:59:59 - [MESSAGE][PASSED] - Browser is opened with url: ''

27-01-2024T18:59:59 - [TEST_STEP][PASSED] - maximizeWindow(): Current window maximized

27-01-2024T18:59:59 - [MESSAGE][PASSED] - Current window maximized

27-01-2024T18:59:59 - [TEST_STEP][PASSED] - navigateToUrl("https://www.facebook.com/"): Navigate to 'https://www.facebook.com/' successfully

27-01-2024T19:00:00 - [MESSAGE][PASSED] - Navigate to 'https://www.facebook.com/' successfully

27-01-2024T19:00:00 - [TEST_STEP][PASSED] - setText(findTestObject("Object Repository/Facebook Login/Page_Facebook  log in or sign up/input_email"), "mkrajput1524@gmail.com"): Text 'mkrajput1524@gmail.com' is set on object 'Object Repository/Facebook Login/Page_Facebook  log in or sign up/input_email'

27-01-2024T19:00:01 - [MESSAGE][PASSED] - Text 'mkrajput1524@gmail.com' is set on object 'Object Repository/Facebook Login/Page_Facebook  log in or sign up/input_email'

27-01-2024T19:00:01 - [TEST_STEP][PASSED] - setEncryptedText(findTestObject("Object Repository/Facebook Login/Page_Facebook  log in or sign up/input_pass"), "1AmIDvstrhuOMOvwahdcoA=="): Text ****** has been set on object 'Object Repository/Facebook Login/Page_Facebook  log in or sign up/input_pass'

27-01-2024T19:00:02 - [MESSAGE][PASSED] - Text ****** has been set on object 'Object Repository/Facebook Login/Page_Facebook  log in or sign up/input_pass'

27-01-2024T19:00:02 - [TEST_STEP][PASSED] - click(findTestObject("Object Repository/Facebook Login/Page_Facebook  log in or sign up/button_Log in")): Object: 'Object Repository/Facebook Login/Page_Facebook  log in or sign up/button_Log in' is clicked on

27-01-2024T19:00:33 - [MESSAGE][INFO] - Unable to find the element located by 'By.xpath: //button[@id='u_0_5_PM']'. Please recheck the objects properties to make sure the desired element is located. 

27-01-2024T19:00:33 - [MESSAGE][WARNING] - [SELF-HEALING] Failed to find element with id 'Object Repository/Facebook Login/Page_Facebook  log in or sign up/button_Log in'. Try using Self-healing.

27-01-2024T19:00:33 - [MESSAGE][INFO] - [SELF-HEALING] Failed Locator: '//button[@id='u_0_5_PM']'.

27-01-2024T19:00:34 - [MESSAGE][INFO] - [SELF-HEALING] Failed Locator: '//form[@id='u_0_2_7v']/div[2]/button'.

27-01-2024T19:00:34 - [MESSAGE][INFO] - [SELF-HEALING] Working Locator: '//button'.

27-01-2024T19:00:34 - [MESSAGE][INFO] - [SELF-HEALING] Screenshot: C:/Users/Guset/git/cool1/cool1/Reports/Self-healing/Object Repository/Facebook Login/Page_Facebook  log in or sign up/button_Log in_position.png

27-01-2024T19:00:34 - [MESSAGE][WARNING] - [SELF-HEALING] The current locator of test object 'Object Repository/Facebook Login/Page_Facebook  log in or sign up/button_Log in' was broken. Propose an alternative one: '//button'.

27-01-2024T19:00:34 - [MESSAGE][PASSED] - Object: 'Object Repository/Facebook Login/Page_Facebook  log in or sign up/button_Log in' is clicked on

27-01-2024T19:00:34 - [TEST_STEP][PASSED] - closeBrowser(): Browser is closed

27-01-2024T19:00:34 - [MESSAGE][PASSED] - Browser is closed]]></system-out>
         <system-err><![CDATA[]]></system-err>
      </testcase>
      <testcase name="Test Cases/SH compass login invalid input" time="16.179" classname="Test Cases/SH compass login invalid input" status="PASSED">
         <system-out><![CDATA[27-01-2024T19:01:22 - [TEST_CASE][PASSED] - Test Cases/SH compass login invalid input: Test Cases/SH compass login invalid input

27-01-2024T19:01:22 - [TEST_STEP][PASSED] - openBrowser(""): Browser is opened with url: ''

27-01-2024T19:01:22 - [MESSAGE][WARNING] - A browser is already opened. Closing browser and opening a new one

27-01-2024T19:01:22 - [MESSAGE][INFO] - Starting 'Chrome' driver

27-01-2024T19:01:22 - [MESSAGE][INFO] - Action delay is set to 0 milliseconds

27-01-2024T19:01:23 - [MESSAGE][PASSED] - Browser is opened with url: ''

27-01-2024T19:01:23 - [TEST_STEP][PASSED] - navigateToUrl("https://compass.lifeisgoodforlearner.com/login"): Navigate to 'https://compass.lifeisgoodforlearner.com/login' successfully

27-01-2024T19:01:33 - [MESSAGE][PASSED] - Navigate to 'https://compass.lifeisgoodforlearner.com/login' successfully

27-01-2024T19:01:33 - [TEST_STEP][PASSED] - setText(findTestObject("Object Repository/SH/Page_Login/input_email"), "kuldip@qable.io"): Text 'kuldip@qable.io' is set on object 'Object Repository/SH/Page_Login/input_email'

27-01-2024T19:01:35 - [MESSAGE][PASSED] - Text 'kuldip@qable.io' is set on object 'Object Repository/SH/Page_Login/input_email'

27-01-2024T19:01:35 - [TEST_STEP][PASSED] - setEncryptedText(findTestObject("Object Repository/SH/Page_Login/input_password"), "k/dMEb2tLSs="): Text ****** has been set on object 'Object Repository/SH/Page_Login/input_password'

27-01-2024T19:01:36 - [MESSAGE][PASSED] - Text ****** has been set on object 'Object Repository/SH/Page_Login/input_password'

27-01-2024T19:01:36 - [TEST_STEP][PASSED] - click(findTestObject("Object Repository/SH/Page_Login/span_Login")): Object: 'Object Repository/SH/Page_Login/span_Login' is clicked on

27-01-2024T19:01:36 - [MESSAGE][PASSED] - Object: 'Object Repository/SH/Page_Login/span_Login' is clicked on

27-01-2024T19:01:36 - [TEST_STEP][PASSED] - verifyElementPresent(findTestObject("Object Repository/SH/Page_Login/label_Invalid username or password"), 0): Object 'Object Repository/SH/Page_Login/label_Invalid username or password' is present

27-01-2024T19:01:36 - [MESSAGE][WARNING] - Timeout '0' is invalid. Using default page load timeout: '30'

27-01-2024T19:01:38 - [MESSAGE][PASSED] - Object 'Object Repository/SH/Page_Login/label_Invalid username or password' is present

27-01-2024T19:01:38 - [TEST_STEP][PASSED] - closeBrowser(): Browser is closed

27-01-2024T19:01:38 - [MESSAGE][PASSED] - Browser is closed]]></system-out>
         <system-err><![CDATA[]]></system-err>
      </testcase>
      <testcase name="Test Cases/SH compass login invalid input 2" time="13.141" classname="Test Cases/SH compass login invalid input 2" status="PASSED">
         <system-out><![CDATA[27-01-2024T19:01:38 - [TEST_CASE][PASSED] - Test Cases/SH compass login invalid input 2: Test Cases/SH compass login invalid input 2

27-01-2024T19:01:38 - [TEST_STEP][PASSED] - openBrowser(""): Browser is opened with url: ''

27-01-2024T19:01:38 - [MESSAGE][INFO] - Starting 'Chrome' driver

27-01-2024T19:01:38 - [MESSAGE][INFO] - Action delay is set to 0 milliseconds

27-01-2024T19:01:39 - [MESSAGE][PASSED] - Browser is opened with url: ''

27-01-2024T19:01:39 - [TEST_STEP][PASSED] - navigateToUrl("https://compass.lifeisgoodforlearner.com/login"): Navigate to 'https://compass.lifeisgoodforlearner.com/login' successfully

27-01-2024T19:01:46 - [MESSAGE][PASSED] - Navigate to 'https://compass.lifeisgoodforlearner.com/login' successfully

27-01-2024T19:01:46 - [TEST_STEP][PASSED] - setText(findTestObject("Object Repository/SH/Page_Login/input_email"), "Abcd@gmail.com"): Text 'Abcd@gmail.com' is set on object 'Object Repository/SH/Page_Login/input_email'

27-01-2024T19:01:49 - [MESSAGE][PASSED] - Text 'Abcd@gmail.com' is set on object 'Object Repository/SH/Page_Login/input_email'

27-01-2024T19:01:49 - [TEST_STEP][PASSED] - setEncryptedText(findTestObject("Object Repository/SH/Page_Login/input_password"), "GTlPq8sqzIAVcUdIXgqPeg=="): Text ****** has been set on object 'Object Repository/SH/Page_Login/input_password'

27-01-2024T19:01:49 - [MESSAGE][PASSED] - Text ****** has been set on object 'Object Repository/SH/Page_Login/input_password'

27-01-2024T19:01:49 - [TEST_STEP][PASSED] - click(findTestObject("Object Repository/SH/Page_Login/button_Login")): Object: 'Object Repository/SH/Page_Login/button_Login' is clicked on

27-01-2024T19:01:50 - [MESSAGE][PASSED] - Object: 'Object Repository/SH/Page_Login/button_Login' is clicked on

27-01-2024T19:01:50 - [TEST_STEP][PASSED] - verifyElementPresent(findTestObject("Object Repository/SH/Page_Login/label_Invalid username or password"), 2): Object 'Object Repository/SH/Page_Login/label_Invalid username or password' is present

27-01-2024T19:01:51 - [MESSAGE][PASSED] - Object 'Object Repository/SH/Page_Login/label_Invalid username or password' is present

27-01-2024T19:01:51 - [TEST_STEP][PASSED] - closeBrowser(): Browser is closed

27-01-2024T19:01:51 - [MESSAGE][PASSED] - Browser is closed]]></system-out>
         <system-err><![CDATA[]]></system-err>
      </testcase>
      <testcase name="Test Cases/SH compass invalid input 3" time="12.874" classname="Test Cases/SH compass invalid input 3" status="PASSED">
         <system-out><![CDATA[27-01-2024T19:01:51 - [TEST_CASE][PASSED] - Test Cases/SH compass invalid input 3: Test Cases/SH compass invalid input 3

27-01-2024T19:01:51 - [TEST_STEP][PASSED] - openBrowser(""): Browser is opened with url: ''

27-01-2024T19:01:51 - [MESSAGE][INFO] - Starting 'Chrome' driver

27-01-2024T19:01:51 - [MESSAGE][INFO] - Action delay is set to 0 milliseconds

27-01-2024T19:01:52 - [MESSAGE][PASSED] - Browser is opened with url: ''

27-01-2024T19:01:52 - [TEST_STEP][PASSED] - navigateToUrl("https://compass.lifeisgoodforlearner.com/login"): Navigate to 'https://compass.lifeisgoodforlearner.com/login' successfully

27-01-2024T19:02:00 - [MESSAGE][PASSED] - Navigate to 'https://compass.lifeisgoodforlearner.com/login' successfully

27-01-2024T19:02:00 - [TEST_STEP][PASSED] - setText(findTestObject("Object Repository/SH/Page_Login/input_email"), "abc@qable.io"): Text 'abc@qable.io' is set on object 'Object Repository/SH/Page_Login/input_email'

27-01-2024T19:02:02 - [MESSAGE][PASSED] - Text 'abc@qable.io' is set on object 'Object Repository/SH/Page_Login/input_email'

27-01-2024T19:02:02 - [TEST_STEP][PASSED] - setEncryptedText(findTestObject("Object Repository/SH/Page_Login/input_password"), "lNM7HWdaUFb2mB8TheEOqw=="): Text ****** has been set on object 'Object Repository/SH/Page_Login/input_password'

27-01-2024T19:02:02 - [MESSAGE][PASSED] - Text ****** has been set on object 'Object Repository/SH/Page_Login/input_password'

27-01-2024T19:02:02 - [TEST_STEP][PASSED] - click(findTestObject("Object Repository/SH/Page_Login/button_Login")): Object: 'Object Repository/SH/Page_Login/button_Login' is clicked on

27-01-2024T19:02:03 - [MESSAGE][PASSED] - Object: 'Object Repository/SH/Page_Login/button_Login' is clicked on

27-01-2024T19:02:03 - [TEST_STEP][PASSED] - verifyElementPresent(findTestObject("Object Repository/SH/Page_Login/label_Invalid username or password"), 5): Object 'Object Repository/SH/Page_Login/label_Invalid username or password' is present

27-01-2024T19:02:04 - [MESSAGE][PASSED] - Object 'Object Repository/SH/Page_Login/label_Invalid username or password' is present

27-01-2024T19:02:04 - [TEST_STEP][PASSED] - closeBrowser(): Browser is closed

27-01-2024T19:02:04 - [MESSAGE][PASSED] - Browser is closed]]></system-out>
         <system-err><![CDATA[]]></system-err>
      </testcase>
      <testcase name="Test Cases/Orange HRM LOGIN INVALID INPUT" time="9.973" classname="Test Cases/Orange HRM LOGIN INVALID INPUT" status="PASSED">
         <system-out><![CDATA[27-01-2024T19:02:04 - [TEST_CASE][PASSED] - Test Cases/Orange HRM LOGIN INVALID INPUT: Test Cases/Orange HRM LOGIN INVALID INPUT

27-01-2024T19:02:04 - [TEST_STEP][PASSED] - openBrowser(""): Browser is opened with url: ''

27-01-2024T19:02:04 - [MESSAGE][INFO] - Starting 'Chrome' driver

27-01-2024T19:02:04 - [MESSAGE][INFO] - Action delay is set to 0 milliseconds

27-01-2024T19:02:05 - [MESSAGE][PASSED] - Browser is opened with url: ''

27-01-2024T19:02:05 - [TEST_STEP][PASSED] - navigateToUrl("https://opensource-demo.orangehrmlive.com/web/index.php/auth/login"): Navigate to 'https://opensource-demo.orangehrmlive.com/web/index.php/auth/login' successfully

27-01-2024T19:02:12 - [MESSAGE][PASSED] - Navigate to 'https://opensource-demo.orangehrmlive.com/web/index.php/auth/login' successfully

27-01-2024T19:02:12 - [TEST_STEP][PASSED] - click(findTestObject("Object Repository/Orange HRM invalid input/Page_OrangeHRM/input_username")): Object: 'Object Repository/Orange HRM invalid input/Page_OrangeHRM/input_username' is clicked on

27-01-2024T19:02:13 - [MESSAGE][PASSED] - Object: 'Object Repository/Orange HRM invalid input/Page_OrangeHRM/input_username' is clicked on

27-01-2024T19:02:13 - [TEST_STEP][PASSED] - click(findTestObject("Object Repository/Orange HRM invalid input/Page_OrangeHRM/button_Login")): Object: 'Object Repository/Orange HRM invalid input/Page_OrangeHRM/button_Login' is clicked on

27-01-2024T19:02:13 - [MESSAGE][PASSED] - Object: 'Object Repository/Orange HRM invalid input/Page_OrangeHRM/button_Login' is clicked on

27-01-2024T19:02:13 - [TEST_STEP][PASSED] - verifyElementPresent(findTestObject("Orange HRM invalid input/Page_OrangeHRM/span_Required"), 3): Object 'Object Repository/Orange HRM invalid input/Page_OrangeHRM/span_Required' is present

27-01-2024T19:02:14 - [MESSAGE][PASSED] - Object 'Object Repository/Orange HRM invalid input/Page_OrangeHRM/span_Required' is present

27-01-2024T19:02:14 - [TEST_STEP][PASSED] - closeBrowser(): Browser is closed

27-01-2024T19:02:14 - [MESSAGE][PASSED] - Browser is closed]]></system-out>
         <system-err><![CDATA[]]></system-err>
      </testcase>
      <testcase name="Test Cases/Orange HRM login valid input" time="6.632" classname="Test Cases/Orange HRM login valid input" status="PASSED">
         <system-out><![CDATA[27-01-2024T19:02:14 - [TEST_CASE][PASSED] - Test Cases/Orange HRM login valid input: Test Cases/Orange HRM login valid input

27-01-2024T19:02:14 - [TEST_STEP][PASSED] - openBrowser(""): Browser is opened with url: ''

27-01-2024T19:02:14 - [MESSAGE][INFO] - Starting 'Chrome' driver

27-01-2024T19:02:14 - [MESSAGE][INFO] - Action delay is set to 0 milliseconds

27-01-2024T19:02:15 - [MESSAGE][PASSED] - Browser is opened with url: ''

27-01-2024T19:02:15 - [TEST_STEP][PASSED] - navigateToUrl("https://opensource-demo.orangehrmlive.com/web/index.php/auth/login"): Navigate to 'https://opensource-demo.orangehrmlive.com/web/index.php/auth/login' successfully

27-01-2024T19:02:18 - [MESSAGE][PASSED] - Navigate to 'https://opensource-demo.orangehrmlive.com/web/index.php/auth/login' successfully

27-01-2024T19:02:18 - [TEST_STEP][PASSED] - click(findTestObject("Object Repository/Orange HRM login valid input/Page_OrangeHRM/p_Username  Admin")): Object: 'Object Repository/Orange HRM login valid input/Page_OrangeHRM/p_Username  Admin' is clicked on

27-01-2024T19:02:19 - [MESSAGE][PASSED] - Object: 'Object Repository/Orange HRM login valid input/Page_OrangeHRM/p_Username  Admin' is clicked on

27-01-2024T19:02:19 - [TEST_STEP][PASSED] - setText(findTestObject("Object Repository/Orange HRM login valid input/Page_OrangeHRM/input_username"), "Admin"): Text 'Admin' is set on object 'Object Repository/Orange HRM login valid input/Page_OrangeHRM/input_username'

27-01-2024T19:02:20 - [MESSAGE][PASSED] - Text 'Admin' is set on object 'Object Repository/Orange HRM login valid input/Page_OrangeHRM/input_username'

27-01-2024T19:02:20 - [TEST_STEP][PASSED] - setEncryptedText(findTestObject("Object Repository/Orange HRM login valid input/Page_OrangeHRM/input_password"), "hUKwJTbofgPU9eVlw/CnDQ=="): Text ****** has been set on object 'Object Repository/Orange HRM login valid input/Page_OrangeHRM/input_password'

27-01-2024T19:02:20 - [MESSAGE][PASSED] - Text ****** has been set on object 'Object Repository/Orange HRM login valid input/Page_OrangeHRM/input_password'

27-01-2024T19:02:20 - [TEST_STEP][PASSED] - click(findTestObject("Object Repository/Orange HRM login valid input/Page_OrangeHRM/button_Login")): Object: 'Object Repository/Orange HRM login valid input/Page_OrangeHRM/button_Login' is clicked on

27-01-2024T19:02:20 - [MESSAGE][PASSED] - Object: 'Object Repository/Orange HRM login valid input/Page_OrangeHRM/button_Login' is clicked on

27-01-2024T19:02:20 - [TEST_STEP][PASSED] - closeBrowser(): Browser is closed

27-01-2024T19:02:21 - [MESSAGE][PASSED] - Browser is closed]]></system-out>
         <system-err><![CDATA[]]></system-err>
      </testcase>
      <system-out><![CDATA[27-01-2024T18:57:28 - [TEST_SUITE][FAILED] - Login Test suite: Test Cases/SH compass login invalid input FAILED.
Reason:
com.kms.katalon.core.exception.StepFailedException: Unable to verify object 'Object Repository/SH/Page_Login/label_Invalid username or password' is present
	at com.kms.katalon.core.webui.keyword.internal.WebUIKeywordMain.stepFailed(WebUIKeywordMain.groovy:64)
	at com.kms.katalon.core.webui.keyword.internal.WebUIKeywordMain.runKeyword(WebUIKeywordMain.groovy:26)
	at com.kms.katalon.core.webui.keyword.builtin.VerifyElementPresentKeyword.verifyElementPresent(VerifyElementPresentKeyword.groovy:92)
	at com.kms.katalon.core.webui.keyword.builtin.VerifyElementPresentKeyword.execute(VerifyElementPresentKeyword.groovy:68)
	at com.kms.katalon.core.keyword.internal.KeywordExecutor.executeKeywordForPlatform(KeywordExecutor.groovy:74)
	at com.kms.katalon.core.webui.keyword.WebUiBuiltInKeywords.verifyElementPresent(WebUiBuiltInKeywords.groovy:1503)
	at SH compass login invalid input.run(SH compass login invalid input:30)
	at com.kms.katalon.core.main.ScriptEngine.run(ScriptEngine.java:194)
	at com.kms.katalon.core.main.ScriptEngine.runScriptAsRawText(ScriptEngine.java:119)
	at com.kms.katalon.core.main.TestCaseExecutor.runScript(TestCaseExecutor.java:448)
	at com.kms.katalon.core.main.TestCaseExecutor.doExecute(TestCaseExecutor.java:439)
	at com.kms.katalon.core.main.TestCaseExecutor.processExecutionPhase(TestCaseExecutor.java:418)
	at com.kms.katalon.core.main.TestCaseExecutor.accessMainPhase(TestCaseExecutor.java:410)
	at com.kms.katalon.core.main.TestCaseExecutor.execute(TestCaseExecutor.java:285)
	at com.kms.katalon.core.common.CommonExecutor.accessTestCaseMainPhase(CommonExecutor.java:65)
	at com.kms.katalon.core.main.TestSuiteExecutor.accessTestSuiteMainPhase(TestSuiteExecutor.java:148)
	at com.kms.katalon.core.main.TestSuiteExecutor.execute(TestSuiteExecutor.java:106)
	at com.kms.katalon.core.main.TestCaseMain.startTestSuite(TestCaseMain.java:180)
	at TempTestSuite1706362044313.run(TempTestSuite1706362044313.groovy:36)
	at java.base/jdk.internal.reflect.NativeMethodAccessorImpl.invoke0(Native Method)
	at java.base/jdk.internal.reflect.NativeMethodAccessorImpl.invoke(NativeMethodAccessorImpl.java:77)
	at java.base/jdk.internal.reflect.DelegatingMethodAccessorImpl.invoke(DelegatingMethodAccessorImpl.java:43)
Caused by: com.kms.katalon.core.exception.StepFailedException: com.kms.katalon.core.webui.exception.WebElementNotFoundException: Web element with id: 'Object Repository/SH/Page_Login/label_Invalid username or password' located by '//div[@id='root']/div[9]/div[2]/div/form/div/div/div/label[2]' not found
	at com.kms.katalon.core.webui.keyword.internal.WebUIKeywordMain.stepFailed(WebUIKeywordMain.groovy:64)
	at com.kms.katalon.core.webui.keyword.builtin.VerifyElementPresentKeyword$_verifyElementPresent_closure1.doCall(VerifyElementPresentKeyword.groovy:85)
	at com.kms.katalon.core.webui.keyword.builtin.VerifyElementPresentKeyword$_verifyElementPresent_closure1.call(VerifyElementPresentKeyword.groovy)
	at com.kms.katalon.core.webui.keyword.internal.WebUIKeywordMain.runKeyword(WebUIKeywordMain.groovy:20)
	... 20 more]]></system-out>
      <system-err><![CDATA[27-01-2024T18:57:28 - [TEST_SUITE][FAILED] - Login Test suite: Test Cases/SH compass login invalid input FAILED.
Reason:
com.kms.katalon.core.exception.StepFailedException: Unable to verify object 'Object Repository/SH/Page_Login/label_Invalid username or password' is present
	at com.kms.katalon.core.webui.keyword.internal.WebUIKeywordMain.stepFailed(WebUIKeywordMain.groovy:64)
	at com.kms.katalon.core.webui.keyword.internal.WebUIKeywordMain.runKeyword(WebUIKeywordMain.groovy:26)
	at com.kms.katalon.core.webui.keyword.builtin.VerifyElementPresentKeyword.verifyElementPresent(VerifyElementPresentKeyword.groovy:92)
	at com.kms.katalon.core.webui.keyword.builtin.VerifyElementPresentKeyword.execute(VerifyElementPresentKeyword.groovy:68)
	at com.kms.katalon.core.keyword.internal.KeywordExecutor.executeKeywordForPlatform(KeywordExecutor.groovy:74)
	at com.kms.katalon.core.webui.keyword.WebUiBuiltInKeywords.verifyElementPresent(WebUiBuiltInKeywords.groovy:1503)
	at SH compass login invalid input.run(SH compass login invalid input:30)
	at com.kms.katalon.core.main.ScriptEngine.run(ScriptEngine.java:194)
	at com.kms.katalon.core.main.ScriptEngine.runScriptAsRawText(ScriptEngine.java:119)
	at com.kms.katalon.core.main.TestCaseExecutor.runScript(TestCaseExecutor.java:448)
	at com.kms.katalon.core.main.TestCaseExecutor.doExecute(TestCaseExecutor.java:439)
	at com.kms.katalon.core.main.TestCaseExecutor.processExecutionPhase(TestCaseExecutor.java:418)
	at com.kms.katalon.core.main.TestCaseExecutor.accessMainPhase(TestCaseExecutor.java:410)
	at com.kms.katalon.core.main.TestCaseExecutor.execute(TestCaseExecutor.java:285)
	at com.kms.katalon.core.common.CommonExecutor.accessTestCaseMainPhase(CommonExecutor.java:65)
	at com.kms.katalon.core.main.TestSuiteExecutor.accessTestSuiteMainPhase(TestSuiteExecutor.java:148)
	at com.kms.katalon.core.main.TestSuiteExecutor.execute(TestSuiteExecutor.java:106)
	at com.kms.katalon.core.main.TestCaseMain.startTestSuite(TestCaseMain.java:180)
	at TempTestSuite1706362044313.run(TempTestSuite1706362044313.groovy:36)
	at java.base/jdk.internal.reflect.NativeMethodAccessorImpl.invoke0(Native Method)
	at java.base/jdk.internal.reflect.NativeMethodAccessorImpl.invoke(NativeMethodAccessorImpl.java:77)
	at java.base/jdk.internal.reflect.DelegatingMethodAccessorImpl.invoke(DelegatingMethodAccessorImpl.java:43)
Caused by: com.kms.katalon.core.exception.StepFailedException: com.kms.katalon.core.webui.exception.WebElementNotFoundException: Web element with id: 'Object Repository/SH/Page_Login/label_Invalid username or password' located by '//div[@id='root']/div[9]/div[2]/div/form/div/div/div/label[2]' not found
	at com.kms.katalon.core.webui.keyword.internal.WebUIKeywordMain.stepFailed(WebUIKeywordMain.groovy:64)
	at com.kms.katalon.core.webui.keyword.builtin.VerifyElementPresentKeyword$_verifyElementPresent_closure1.doCall(VerifyElementPresentKeyword.groovy:85)
	at com.kms.katalon.core.webui.keyword.builtin.VerifyElementPresentKeyword$_verifyElementPresent_closure1.call(VerifyElementPresentKeyword.groovy)
	at com.kms.katalon.core.webui.keyword.internal.WebUIKeywordMain.runKeyword(WebUIKeywordMain.groovy:20)
	... 20 more]]></system-err>
   </testsuite>
</testsuites>
