<?xml version="1.0" encoding="UTF-8"?>
<testsuites name="Test Suite 3" time="932.197" tests="17" failures="2" errors="0">
   <testsuite name="Test Suite 3" tests="17" failures="2" errors="0" time="932.197" skipped="0" timestamp="27-01-2024T18:37:42" hostname="Guset - Unity_0008" id="Test Suites/Test Suite 3">
      <properties>
         <property name="deviceName" value=""/>
         <property name="devicePlatform" value=""/>
         <property name="logFolder" value="C:\\Users\\Guset\\git\\cool1\\cool1\\Reports\\20240127_183738\\Test Suite 3\\20240127_183738"/>
         <property name="logFiles" value="C:\\Users\\Guset\\git\\cool1\\cool1\\Reports\\20240127_183738\\Test Suite 3\\20240127_183738\\execution0.log"/>
         <property name="attachments" value="C:\\Users\\Guset\\git\\cool1\\cool1\\Reports\\20240127_183738\\Test Suite 3\\20240127_183738\\1706360966025.png, C:\\Users\\Guset\\git\\cool1\\cool1\\Reports\\20240127_183738\\Test Suite 3\\20240127_183738\\1706361067249.png, C:\\Users\\Guset\\git\\cool1\\cool1\\Reports\\20240127_183738\\Test Suite 3\\20240127_183738\\1706361168178.png, C:\\Users\\Guset\\git\\cool1\\cool1\\Reports\\20240127_183738\\Test Suite 3\\20240127_183738\\1706361270675.png, C:\\Users\\Guset\\git\\cool1\\cool1\\Reports\\20240127_183738\\Test Suite 3\\20240127_183738\\1706361598125.png, C:\\Users\\Guset\\git\\cool1\\cool1\\Reports\\20240127_183738\\Test Suite 3\\20240127_183738\\1706361624301.png, C:\\Users\\Guset\\git\\cool1\\cool1\\Reports\\20240127_183738\\Test Suite 3\\20240127_183738\\1706361646855.png, C:\\Users\\Guset\\git\\cool1\\cool1\\Reports\\20240127_183738\\Test Suite 3\\20240127_183738\\1706361670358.png"/>
         <property name="hostName" value="Guset - Unity_0008"/>
         <property name="os" value="Windows 11 64bit"/>
         <property name="katalonVersion" value="9.2.0.212"/>
         <property name="browser" value="Chrome 120.0.0.0"/>
         <property name="hostAddress" value="192.168.1.5"/>
         <property name="sessionId" value="46a1ad3a6f2f521cfd7afc4ef45c145d"/>
         <property name="seleniumVersion" value="3.141.59"/>
         <property name="proxyInformation" value="ProxyInformation { proxyOption=NO_PROXY, proxyServerType=HTTP, username=, password=********, proxyServerAddress=, proxyServerPort=0, executionList=&quot;&quot;, isApplyToDesiredCapabilities=true }"/>
         <property name="platform" value="Windows 11"/>
      </properties>
      <testcase name="Test Cases/FB Friend Request accept" time="102.459" classname="Test Cases/FB Friend Request accept" status="FAILED">
         <failure type="FAILED" message="Test Cases/FB Friend Request accept FAILED.&#xa;Reason:&#xa;com.kms.katalon.core.exception.StepFailedException: Unable to click on object 'Object Repository/Facebook Login/Page_Facebook  log in or sign up/Page_Facebook  log in or sign up/Page_Log in to Facebook/Page_Facebook  log in or sign up/Page_(13) Facebook/span_Confirm'&#xa;	at com.kms.katalon.core.webui.keyword.internal.WebUIKeywordMain.stepFailed(WebUIKeywordMain.groovy:64)&#xa;	at com.kms.katalon.core.webui.keyword.internal.WebUIKeywordMain.runKeyword(WebUIKeywordMain.groovy:26)&#xa;	at com.kms.katalon.core.webui.keyword.builtin.ClickKeyword.click(ClickKeyword.groovy:74)&#xa;	at com.kms.katalon.core.webui.keyword.builtin.ClickKeyword.execute(ClickKeyword.groovy:40)&#xa;	at com.kms.katalon.core.keyword.internal.KeywordExecutor.executeKeywordForPlatform(KeywordExecutor.groovy:74)&#xa;	at com.kms.katalon.core.webui.keyword.WebUiBuiltInKeywords.click(WebUiBuiltInKeywords.groovy:647)&#xa;	at FB Friend Request accept.run(FB Friend Request accept:36)&#xa;	at com.kms.katalon.core.main.ScriptEngine.run(ScriptEngine.java:194)&#xa;	at com.kms.katalon.core.main.ScriptEngine.runScriptAsRawText(ScriptEngine.java:119)&#xa;	at com.kms.katalon.core.main.TestCaseExecutor.runScript(TestCaseExecutor.java:448)&#xa;	at com.kms.katalon.core.main.TestCaseExecutor.doExecute(TestCaseExecutor.java:439)&#xa;	at com.kms.katalon.core.main.TestCaseExecutor.processExecutionPhase(TestCaseExecutor.java:418)&#xa;	at com.kms.katalon.core.main.TestCaseExecutor.accessMainPhase(TestCaseExecutor.java:410)&#xa;	at com.kms.katalon.core.main.TestCaseExecutor.execute(TestCaseExecutor.java:285)&#xa;	at com.kms.katalon.core.main.TestCaseExecutor.execute(TestCaseExecutor.java:369)&#xa;	at com.kms.katalon.core.main.TestCaseExecutor.execute(TestCaseExecutor.java:369)&#xa;	at com.kms.katalon.core.main.TestCaseExecutor.execute(TestCaseExecutor.java:369)&#xa;	at com.kms.katalon.core.common.CommonExecutor.accessTestCaseMainPhase(CommonExecutor.java:65)&#xa;	at com.kms.katalon.core.main.TestSuiteExecutor.accessTestSuiteMainPhase(TestSuiteExecutor.java:148)&#xa;	at com.kms.katalon.core.main.TestSuiteExecutor.execute(TestSuiteExecutor.java:106)&#xa;	at com.kms.katalon.core.main.TestCaseMain.startTestSuite(TestCaseMain.java:180)&#xa;	at TempTestSuite1706360858329.run(TempTestSuite1706360858329.groovy:36)&#xa;	at java.base/jdk.internal.reflect.NativeMethodAccessorImpl.invoke0(Native Method)&#xa;	at java.base/jdk.internal.reflect.NativeMethodAccessorImpl.invoke(NativeMethodAccessorImpl.java:77)&#xa;	at java.base/jdk.internal.reflect.DelegatingMethodAccessorImpl.invoke(DelegatingMethodAccessorImpl.java:43)&#xa;Caused by: org.openqa.selenium.ElementClickInterceptedException: element click intercepted: Element &lt;span class=&quot;x1lliihq x6ikm8r x10wlt62 x1n2onr6 xlyipyv xuxw1ft&quot;>...&lt;/span> is not clickable at point (1301, 187). Other element would receive the click: &lt;div class=&quot;x1uvtmcs x4k7w5x x1h91t0o x1beo9mf xaigb6o x12ejxvf x3igimt xarpa2k xedcshv x1lytzrv x1t2pt76 x7ja8zs x1n2onr6 x1qrby5j x1jfb8zj&quot; tabindex=&quot;-1&quot;>...&lt;/div>&#xa;  (Session info: chrome=120.0.6099.225)&#xa;Build info: version: '3.141.59', revision: 'e82be7d358', time: '2018-11-14T08:25:53'&#xa;System info: host: 'UNITY_0008', ip: '192.168.1.5', os.name: 'Windows 11', os.arch: 'amd64', os.version: '10.0', java.version: '17.0.7'&#xa;Driver info: com.kms.katalon.selenium.driver.CChromeDriver&#xa;Capabilities {acceptInsecureCerts: false, browserName: chrome, browserVersion: 120.0.6099.225, chrome: {chromedriverVersion: 120.0.6099.71 (9729082fe617..., userDataDir: C:\Users\Guset\AppData\Loca...}, fedcm:accounts: true, goog:chromeOptions: {debuggerAddress: localhost:60864}, javascriptEnabled: true, networkConnectionEnabled: false, pageLoadStrategy: normal, platform: WINDOWS, platformName: WINDOWS, proxy: Proxy(), setWindowRect: true, strictFileInteractability: false, timeouts: {implicit: 0, pageLoad: 300000, script: 30000}, unhandledPromptBehavior: dismiss and notify, webauthn:extension:credBlob: true, webauthn:extension:largeBlob: true, webauthn:extension:minPinLength: true, webauthn:extension:prf: true, webauthn:virtualAuthenticators: true}&#xa;Session ID: 1369c736aba067395451b7c9763b56fa&#xa;	at jdk.internal.reflect.GeneratedConstructorAccessor20.newInstance(Unknown Source)&#xa;	at java.base/jdk.internal.reflect.DelegatingConstructorAccessorImpl.newInstance(DelegatingConstructorAccessorImpl.java:45)&#xa;	at org.openqa.selenium.remote.http.W3CHttpResponseCodec.createException(W3CHttpResponseCodec.java:187)&#xa;	at org.openqa.selenium.remote.http.W3CHttpResponseCodec.decode(W3CHttpResponseCodec.java:122)&#xa;	at org.openqa.selenium.remote.http.W3CHttpResponseCodec.decode(W3CHttpResponseCodec.java:49)&#xa;	at org.openqa.selenium.remote.HttpCommandExecutor.execute(HttpCommandExecutor.java:158)&#xa;	at org.openqa.selenium.remote.service.DriverCommandExecutor.execute(DriverCommandExecutor.java:83)&#xa;	at org.openqa.selenium.remote.RemoteWebDriver.execute(RemoteWebDriver.java:552)&#xa;	at com.kms.katalon.selenium.driver.CChromeDriver.execute(CChromeDriver.java:19)&#xa;	at org.openqa.selenium.remote.RemoteWebElement.execute(RemoteWebElement.java:285)&#xa;	at org.openqa.selenium.remote.RemoteWebElement.click(RemoteWebElement.java:84)&#xa;	at jdk.internal.reflect.GeneratedMethodAccessor13.invoke(Unknown Source)&#xa;	at java.base/jdk.internal.reflect.DelegatingMethodAccessorImpl.invoke(DelegatingMethodAccessorImpl.java:43)&#xa;	at org.openqa.selenium.support.events.EventFiringWebDriver$EventFiringWebElement.lambda$new$0(EventFiringWebDriver.java:404)&#xa;	at jdk.proxy2/jdk.proxy2.$Proxy24.click(Unknown Source)&#xa;	at org.openqa.selenium.support.events.EventFiringWebDriver$EventFiringWebElement.click(EventFiringWebDriver.java:417)&#xa;	at org.openqa.selenium.WebElement$click.call(Unknown Source)&#xa;	at com.kms.katalon.core.webui.keyword.builtin.ClickKeyword.clickUntilSuccessWithTimeout(ClickKeyword.groovy:81)&#xa;	at com.kms.katalon.core.webui.keyword.builtin.ClickKeyword.clickUntilSuccessWithTimeout(ClickKeyword.groovy)&#xa;	at java.base/jdk.internal.reflect.NativeMethodAccessorImpl.invoke0(Native Method)&#xa;	at java.base/jdk.internal.reflect.NativeMethodAccessorImpl.invoke(NativeMethodAccessorImpl.java:77)&#xa;	at java.base/jdk.internal.reflect.DelegatingMethodAccessorImpl.invoke(DelegatingMethodAccessorImpl.java:43)&#xa;	at com.kms.katalon.core.webui.keyword.builtin.ClickKeyword$_click_closure1.doCall(ClickKeyword.groovy:67)&#xa;	at com.kms.katalon.core.webui.keyword.builtin.ClickKeyword$_click_closure1.call(ClickKeyword.groovy)&#xa;	at com.kms.katalon.core.webui.keyword.internal.WebUIKeywordMain.runKeyword(WebUIKeywordMain.groovy:20)&#xa;	... 23 more&#xa;"/>
         <system-out><![CDATA[27-01-2024T18:42:48 - [TEST_CASE][FAILED] - Test Cases/FB Friend Request accept: Test Cases/FB Friend Request accept FAILED.
Reason:
com.kms.katalon.core.exception.StepFailedException: Unable to click on object 'Object Repository/Facebook Login/Page_Facebook  log in or sign up/Page_Facebook  log in or sign up/Page_Log in to Facebook/Page_Facebook  log in or sign up/Page_(13) Facebook/span_Confirm'
	at com.kms.katalon.core.webui.keyword.internal.WebUIKeywordMain.stepFailed(WebUIKeywordMain.groovy:64)
	at com.kms.katalon.core.webui.keyword.internal.WebUIKeywordMain.runKeyword(WebUIKeywordMain.groovy:26)
	at com.kms.katalon.core.webui.keyword.builtin.ClickKeyword.click(ClickKeyword.groovy:74)
	at com.kms.katalon.core.webui.keyword.builtin.ClickKeyword.execute(ClickKeyword.groovy:40)
	at com.kms.katalon.core.keyword.internal.KeywordExecutor.executeKeywordForPlatform(KeywordExecutor.groovy:74)
	at com.kms.katalon.core.webui.keyword.WebUiBuiltInKeywords.click(WebUiBuiltInKeywords.groovy:647)
	at FB Friend Request accept.run(FB Friend Request accept:36)
	at com.kms.katalon.core.main.ScriptEngine.run(ScriptEngine.java:194)
	at com.kms.katalon.core.main.ScriptEngine.runScriptAsRawText(ScriptEngine.java:119)
	at com.kms.katalon.core.main.TestCaseExecutor.runScript(TestCaseExecutor.java:448)
	at com.kms.katalon.core.main.TestCaseExecutor.doExecute(TestCaseExecutor.java:439)
	at com.kms.katalon.core.main.TestCaseExecutor.processExecutionPhase(TestCaseExecutor.java:418)
	at com.kms.katalon.core.main.TestCaseExecutor.accessMainPhase(TestCaseExecutor.java:410)
	at com.kms.katalon.core.main.TestCaseExecutor.execute(TestCaseExecutor.java:285)
	at com.kms.katalon.core.main.TestCaseExecutor.execute(TestCaseExecutor.java:369)
	at com.kms.katalon.core.main.TestCaseExecutor.execute(TestCaseExecutor.java:369)
	at com.kms.katalon.core.main.TestCaseExecutor.execute(TestCaseExecutor.java:369)
	at com.kms.katalon.core.common.CommonExecutor.accessTestCaseMainPhase(CommonExecutor.java:65)
	at com.kms.katalon.core.main.TestSuiteExecutor.accessTestSuiteMainPhase(TestSuiteExecutor.java:148)
	at com.kms.katalon.core.main.TestSuiteExecutor.execute(TestSuiteExecutor.java:106)
	at com.kms.katalon.core.main.TestCaseMain.startTestSuite(TestCaseMain.java:180)
	at TempTestSuite1706360858329.run(TempTestSuite1706360858329.groovy:36)
	at java.base/jdk.internal.reflect.NativeMethodAccessorImpl.invoke0(Native Method)
	at java.base/jdk.internal.reflect.NativeMethodAccessorImpl.invoke(NativeMethodAccessorImpl.java:77)
	at java.base/jdk.internal.reflect.DelegatingMethodAccessorImpl.invoke(DelegatingMethodAccessorImpl.java:43)
Caused by: org.openqa.selenium.ElementClickInterceptedException: element click intercepted: Element <span class="x1lliihq x6ikm8r x10wlt62 x1n2onr6 xlyipyv xuxw1ft">...</span> is not clickable at point (1301, 187). Other element would receive the click: <div class="x1uvtmcs x4k7w5x x1h91t0o x1beo9mf xaigb6o x12ejxvf x3igimt xarpa2k xedcshv x1lytzrv x1t2pt76 x7ja8zs x1n2onr6 x1qrby5j x1jfb8zj" tabindex="-1">...</div>
  (Session info: chrome=120.0.6099.225)
Build info: version: '3.141.59', revision: 'e82be7d358', time: '2018-11-14T08:25:53'
System info: host: 'UNITY_0008', ip: '192.168.1.5', os.name: 'Windows 11', os.arch: 'amd64', os.version: '10.0', java.version: '17.0.7'
Driver info: com.kms.katalon.selenium.driver.CChromeDriver
Capabilities {acceptInsecureCerts: false, browserName: chrome, browserVersion: 120.0.6099.225, chrome: {chromedriverVersion: 120.0.6099.71 (9729082fe617..., userDataDir: C:\Users\Guset\AppData\Loca...}, fedcm:accounts: true, goog:chromeOptions: {debuggerAddress: localhost:60864}, javascriptEnabled: true, networkConnectionEnabled: false, pageLoadStrategy: normal, platform: WINDOWS, platformName: WINDOWS, proxy: Proxy(), setWindowRect: true, strictFileInteractability: false, timeouts: {implicit: 0, pageLoad: 300000, script: 30000}, unhandledPromptBehavior: dismiss and notify, webauthn:extension:credBlob: true, webauthn:extension:largeBlob: true, webauthn:extension:minPinLength: true, webauthn:extension:prf: true, webauthn:virtualAuthenticators: true}
Session ID: 1369c736aba067395451b7c9763b56fa
	at jdk.internal.reflect.GeneratedConstructorAccessor20.newInstance(Unknown Source)
	at java.base/jdk.internal.reflect.DelegatingConstructorAccessorImpl.newInstance(DelegatingConstructorAccessorImpl.java:45)
	at org.openqa.selenium.remote.http.W3CHttpResponseCodec.createException(W3CHttpResponseCodec.java:187)
	at org.openqa.selenium.remote.http.W3CHttpResponseCodec.decode(W3CHttpResponseCodec.java:122)
	at org.openqa.selenium.remote.http.W3CHttpResponseCodec.decode(W3CHttpResponseCodec.java:49)
	at org.openqa.selenium.remote.HttpCommandExecutor.execute(HttpCommandExecutor.java:158)
	at org.openqa.selenium.remote.service.DriverCommandExecutor.execute(DriverCommandExecutor.java:83)
	at org.openqa.selenium.remote.RemoteWebDriver.execute(RemoteWebDriver.java:552)
	at com.kms.katalon.selenium.driver.CChromeDriver.execute(CChromeDriver.java:19)
	at org.openqa.selenium.remote.RemoteWebElement.execute(RemoteWebElement.java:285)
	at org.openqa.selenium.remote.RemoteWebElement.click(RemoteWebElement.java:84)
	at jdk.internal.reflect.GeneratedMethodAccessor13.invoke(Unknown Source)
	at java.base/jdk.internal.reflect.DelegatingMethodAccessorImpl.invoke(DelegatingMethodAccessorImpl.java:43)
	at org.openqa.selenium.support.events.EventFiringWebDriver$EventFiringWebElement.lambda$new$0(EventFiringWebDriver.java:404)
	at jdk.proxy2/jdk.proxy2.$Proxy24.click(Unknown Source)
	at org.openqa.selenium.support.events.EventFiringWebDriver$EventFiringWebElement.click(EventFiringWebDriver.java:417)
	at org.openqa.selenium.WebElement$click.call(Unknown Source)
	at com.kms.katalon.core.webui.keyword.builtin.ClickKeyword.clickUntilSuccessWithTimeout(ClickKeyword.groovy:81)
	at com.kms.katalon.core.webui.keyword.builtin.ClickKeyword.clickUntilSuccessWithTimeout(ClickKeyword.groovy)
	at java.base/jdk.internal.reflect.NativeMethodAccessorImpl.invoke0(Native Method)
	at java.base/jdk.internal.reflect.NativeMethodAccessorImpl.invoke(NativeMethodAccessorImpl.java:77)
	at java.base/jdk.internal.reflect.DelegatingMethodAccessorImpl.invoke(DelegatingMethodAccessorImpl.java:43)
	at com.kms.katalon.core.webui.keyword.builtin.ClickKeyword$_click_closure1.doCall(ClickKeyword.groovy:67)
	at com.kms.katalon.core.webui.keyword.builtin.ClickKeyword$_click_closure1.call(ClickKeyword.groovy)
	at com.kms.katalon.core.webui.keyword.internal.WebUIKeywordMain.runKeyword(WebUIKeywordMain.groovy:20)
	... 23 more


27-01-2024T18:42:48 - [TEST_STEP][PASSED] - openBrowser(""): Browser is opened with url: ''

27-01-2024T18:42:48 - [MESSAGE][WARNING] - A browser is already opened. Closing browser and opening a new one

27-01-2024T18:42:49 - [MESSAGE][INFO] - Starting 'Chrome' driver

27-01-2024T18:42:49 - [MESSAGE][INFO] - Action delay is set to 0 milliseconds

27-01-2024T18:42:50 - [MESSAGE][PASSED] - Browser is opened with url: ''

27-01-2024T18:42:50 - [TEST_STEP][PASSED] - maximizeWindow(): Current window maximized

27-01-2024T18:42:50 - [MESSAGE][PASSED] - Current window maximized

27-01-2024T18:42:50 - [TEST_STEP][PASSED] - navigateToUrl("https://www.facebook.com/"): Navigate to 'https://www.facebook.com/' successfully

27-01-2024T18:42:52 - [MESSAGE][PASSED] - Navigate to 'https://www.facebook.com/' successfully

27-01-2024T18:42:52 - [TEST_STEP][PASSED] - setText(findTestObject("Object Repository/Facebook Login/Page_Facebook  log in or sign up/Page_Facebook  log in or sign up/Page_Log in to Facebook/Page_Facebook  log in or sign up/Page_Facebook  log in or sign up/input_email"), "mkrajput1524@gmail.com"): Text 'mkrajput1524@gmail.com' is set on object 'Object Repository/Facebook Login/Page_Facebook  log in or sign up/Page_Facebook  log in or sign up/Page_Log in to Facebook/Page_Facebook  log in or sign up/Page_Facebook  log in or sign up/input_email'

27-01-2024T18:42:53 - [MESSAGE][PASSED] - Text 'mkrajput1524@gmail.com' is set on object 'Object Repository/Facebook Login/Page_Facebook  log in or sign up/Page_Facebook  log in or sign up/Page_Log in to Facebook/Page_Facebook  log in or sign up/Page_Facebook  log in or sign up/input_email'

27-01-2024T18:42:53 - [TEST_STEP][PASSED] - click(findTestObject("Object Repository/Facebook Login/Page_Facebook  log in or sign up/Page_Facebook  log in or sign up/Page_Log in to Facebook/Page_Facebook  log in or sign up/Page_Facebook  log in or sign up/input_email")): Object: 'Object Repository/Facebook Login/Page_Facebook  log in or sign up/Page_Facebook  log in or sign up/Page_Log in to Facebook/Page_Facebook  log in or sign up/Page_Facebook  log in or sign up/input_email' is clicked on

27-01-2024T18:42:54 - [MESSAGE][PASSED] - Object: 'Object Repository/Facebook Login/Page_Facebook  log in or sign up/Page_Facebook  log in or sign up/Page_Log in to Facebook/Page_Facebook  log in or sign up/Page_Facebook  log in or sign up/input_email' is clicked on

27-01-2024T18:42:54 - [TEST_STEP][PASSED] - setEncryptedText(findTestObject("Object Repository/Facebook Login/Page_Facebook  log in or sign up/Page_Facebook  log in or sign up/Page_Log in to Facebook/Page_Facebook  log in or sign up/Page_Facebook  log in or sign up/input_pass"), "1AmIDvstrhuOMOvwahdcoA=="): Text ****** has been set on object 'Object Repository/Facebook Login/Page_Facebook  log in or sign up/Page_Facebook  log in or sign up/Page_Log in to Facebook/Page_Facebook  log in or sign up/Page_Facebook  log in or sign up/input_pass'

27-01-2024T18:42:54 - [MESSAGE][PASSED] - Text ****** has been set on object 'Object Repository/Facebook Login/Page_Facebook  log in or sign up/Page_Facebook  log in or sign up/Page_Log in to Facebook/Page_Facebook  log in or sign up/Page_Facebook  log in or sign up/input_pass'

27-01-2024T18:42:54 - [TEST_STEP][PASSED] - click(findTestObject("Object Repository/Facebook Login/Page_Facebook  log in or sign up/Page_Facebook  log in or sign up/Page_Log in to Facebook/Page_Facebook  log in or sign up/Page_Facebook  log in or sign up/button_Log in")): Object: 'Object Repository/Facebook Login/Page_Facebook  log in or sign up/Page_Facebook  log in or sign up/Page_Log in to Facebook/Page_Facebook  log in or sign up/Page_Facebook  log in or sign up/button_Log in' is clicked on

27-01-2024T18:43:25 - [MESSAGE][INFO] - Unable to find the element located by 'By.xpath: //button[@id='u_0_5_Uk']'. Please recheck the objects properties to make sure the desired element is located. 

27-01-2024T18:43:25 - [MESSAGE][WARNING] - [SELF-HEALING] Failed to find element with id 'Object Repository/Facebook Login/Page_Facebook  log in or sign up/Page_Facebook  log in or sign up/Page_Log in to Facebook/Page_Facebook  log in or sign up/Page_Facebook  log in or sign up/button_Log in'. Try using Self-healing.

27-01-2024T18:43:25 - [MESSAGE][WARNING] - [SELF-HEALING] The current locator of test object 'Object Repository/Facebook Login/Page_Facebook  log in or sign up/Page_Facebook  log in or sign up/Page_Log in to Facebook/Page_Facebook  log in or sign up/Page_Facebook  log in or sign up/button_Log in' was broken. Propose an alternative one: '//button'.

27-01-2024T18:43:25 - [MESSAGE][PASSED] - Object: 'Object Repository/Facebook Login/Page_Facebook  log in or sign up/Page_Facebook  log in or sign up/Page_Log in to Facebook/Page_Facebook  log in or sign up/Page_Facebook  log in or sign up/button_Log in' is clicked on

27-01-2024T18:43:25 - [TEST_STEP][FAILED] - click(findTestObject("Object Repository/Facebook Login/Page_Facebook  log in or sign up/Page_Facebook  log in or sign up/Page_Log in to Facebook/Page_Facebook  log in or sign up/Page_(13) Facebook/span_Confirm"), STOP_ON_FAILURE): Unable to click on object 'Object Repository/Facebook Login/Page_Facebook  log in or sign up/Page_Facebook  log in or sign up/Page_Log in to Facebook/Page_Facebook  log in or sign up/Page_(13) Facebook/span_Confirm' (Root cause: com.kms.katalon.core.exception.StepFailedException: Unable to click on object 'Object Repository/Facebook Login/Page_Facebook  log in or sign up/Page_Facebook  log in or sign up/Page_Log in to Facebook/Page_Facebook  log in or sign up/Page_(13) Facebook/span_Confirm'
	at com.kms.katalon.core.webui.keyword.internal.WebUIKeywordMain.stepFailed(WebUIKeywordMain.groovy:64)
	at com.kms.katalon.core.webui.keyword.internal.WebUIKeywordMain.runKeyword(WebUIKeywordMain.groovy:26)
	at com.kms.katalon.core.webui.keyword.builtin.ClickKeyword.click(ClickKeyword.groovy:74)
	at com.kms.katalon.core.webui.keyword.builtin.ClickKeyword.execute(ClickKeyword.groovy:40)
	at com.kms.katalon.core.keyword.internal.KeywordExecutor.executeKeywordForPlatform(KeywordExecutor.groovy:74)
	at com.kms.katalon.core.webui.keyword.WebUiBuiltInKeywords.click(WebUiBuiltInKeywords.groovy:647)
	at FB Friend Request accept.run(FB Friend Request accept:36)
	at com.kms.katalon.core.main.ScriptEngine.run(ScriptEngine.java:194)
	at com.kms.katalon.core.main.ScriptEngine.runScriptAsRawText(ScriptEngine.java:119)
	at com.kms.katalon.core.main.TestCaseExecutor.runScript(TestCaseExecutor.java:448)
	at com.kms.katalon.core.main.TestCaseExecutor.doExecute(TestCaseExecutor.java:439)
	at com.kms.katalon.core.main.TestCaseExecutor.processExecutionPhase(TestCaseExecutor.java:418)
	at com.kms.katalon.core.main.TestCaseExecutor.accessMainPhase(TestCaseExecutor.java:410)
	at com.kms.katalon.core.main.TestCaseExecutor.execute(TestCaseExecutor.java:285)
	at com.kms.katalon.core.main.TestCaseExecutor.execute(TestCaseExecutor.java:369)
	at com.kms.katalon.core.main.TestCaseExecutor.execute(TestCaseExecutor.java:369)
	at com.kms.katalon.core.main.TestCaseExecutor.execute(TestCaseExecutor.java:369)
	at com.kms.katalon.core.common.CommonExecutor.accessTestCaseMainPhase(CommonExecutor.java:65)
	at com.kms.katalon.core.main.TestSuiteExecutor.accessTestSuiteMainPhase(TestSuiteExecutor.java:148)
	at com.kms.katalon.core.main.TestSuiteExecutor.execute(TestSuiteExecutor.java:106)
	at com.kms.katalon.core.main.TestCaseMain.startTestSuite(TestCaseMain.java:180)
	at TempTestSuite1706360858329.run(TempTestSuite1706360858329.groovy:36)
	at java.base/jdk.internal.reflect.NativeMethodAccessorImpl.invoke0(Native Method)
	at java.base/jdk.internal.reflect.NativeMethodAccessorImpl.invoke(NativeMethodAccessorImpl.java:77)
	at java.base/jdk.internal.reflect.DelegatingMethodAccessorImpl.invoke(DelegatingMethodAccessorImpl.java:43)
Caused by: org.openqa.selenium.ElementClickInterceptedException: element click intercepted: Element <span class="x1lliihq x6ikm8r x10wlt62 x1n2onr6 xlyipyv xuxw1ft">...</span> is not clickable at point (1301, 187). Other element would receive the click: <div class="x1uvtmcs x4k7w5x x1h91t0o x1beo9mf xaigb6o x12ejxvf x3igimt xarpa2k xedcshv x1lytzrv x1t2pt76 x7ja8zs x1n2onr6 x1qrby5j x1jfb8zj" tabindex="-1">...</div>
  (Session info: chrome=120.0.6099.225)
Build info: version: '3.141.59', revision: 'e82be7d358', time: '2018-11-14T08:25:53'
System info: host: 'UNITY_0008', ip: '192.168.1.5', os.name: 'Windows 11', os.arch: 'amd64', os.version: '10.0', java.version: '17.0.7'
Driver info: com.kms.katalon.selenium.driver.CChromeDriver
Capabilities {acceptInsecureCerts: false, browserName: chrome, browserVersion: 120.0.6099.225, chrome: {chromedriverVersion: 120.0.6099.71 (9729082fe617..., userDataDir: C:\Users\Guset\AppData\Loca...}, fedcm:accounts: true, goog:chromeOptions: {debuggerAddress: localhost:60864}, javascriptEnabled: true, networkConnectionEnabled: false, pageLoadStrategy: normal, platform: WINDOWS, platformName: WINDOWS, proxy: Proxy(), setWindowRect: true, strictFileInteractability: false, timeouts: {implicit: 0, pageLoad: 300000, script: 30000}, unhandledPromptBehavior: dismiss and notify, webauthn:extension:credBlob: true, webauthn:extension:largeBlob: true, webauthn:extension:minPinLength: true, webauthn:extension:prf: true, webauthn:virtualAuthenticators: true}
Session ID: 1369c736aba067395451b7c9763b56fa
	at jdk.internal.reflect.GeneratedConstructorAccessor20.newInstance(Unknown Source)
	at java.base/jdk.internal.reflect.DelegatingConstructorAccessorImpl.newInstance(DelegatingConstructorAccessorImpl.java:45)
	at org.openqa.selenium.remote.http.W3CHttpResponseCodec.createException(W3CHttpResponseCodec.java:187)
	at org.openqa.selenium.remote.http.W3CHttpResponseCodec.decode(W3CHttpResponseCodec.java:122)
	at org.openqa.selenium.remote.http.W3CHttpResponseCodec.decode(W3CHttpResponseCodec.java:49)
	at org.openqa.selenium.remote.HttpCommandExecutor.execute(HttpCommandExecutor.java:158)
	at org.openqa.selenium.remote.service.DriverCommandExecutor.execute(DriverCommandExecutor.java:83)
	at org.openqa.selenium.remote.RemoteWebDriver.execute(RemoteWebDriver.java:552)
	at com.kms.katalon.selenium.driver.CChromeDriver.execute(CChromeDriver.java:19)
	at org.openqa.selenium.remote.RemoteWebElement.execute(RemoteWebElement.java:285)
	at org.openqa.selenium.remote.RemoteWebElement.click(RemoteWebElement.java:84)
	at jdk.internal.reflect.GeneratedMethodAccessor13.invoke(Unknown Source)
	at java.base/jdk.internal.reflect.DelegatingMethodAccessorImpl.invoke(DelegatingMethodAccessorImpl.java:43)
	at org.openqa.selenium.support.events.EventFiringWebDriver$EventFiringWebElement.lambda$new$0(EventFiringWebDriver.java:404)
	at jdk.proxy2/jdk.proxy2.$Proxy24.click(Unknown Source)
	at org.openqa.selenium.support.events.EventFiringWebDriver$EventFiringWebElement.click(EventFiringWebDriver.java:417)
	at org.openqa.selenium.WebElement$click.call(Unknown Source)
	at com.kms.katalon.core.webui.keyword.builtin.ClickKeyword.clickUntilSuccessWithTimeout(ClickKeyword.groovy:81)
	at com.kms.katalon.core.webui.keyword.builtin.ClickKeyword.clickUntilSuccessWithTimeout(ClickKeyword.groovy)
	at java.base/jdk.internal.reflect.NativeMethodAccessorImpl.invoke0(Native Method)
	at java.base/jdk.internal.reflect.NativeMethodAccessorImpl.invoke(NativeMethodAccessorImpl.java:77)
	at java.base/jdk.internal.reflect.DelegatingMethodAccessorImpl.invoke(DelegatingMethodAccessorImpl.java:43)
	at com.kms.katalon.core.webui.keyword.builtin.ClickKeyword$_click_closure1.doCall(ClickKeyword.groovy:67)
	at com.kms.katalon.core.webui.keyword.builtin.ClickKeyword$_click_closure1.call(ClickKeyword.groovy)
	at com.kms.katalon.core.webui.keyword.internal.WebUIKeywordMain.runKeyword(WebUIKeywordMain.groovy:20)
	at com.kms.katalon.core.webui.keyword.builtin.ClickKeyword.click(ClickKeyword.groovy:74)
	at com.kms.katalon.core.webui.keyword.builtin.ClickKeyword.execute(ClickKeyword.groovy:40)
	at com.kms.katalon.core.keyword.internal.KeywordExecutor.executeKeywordForPlatform(KeywordExecutor.groovy:74)
	at com.kms.katalon.core.webui.keyword.WebUiBuiltInKeywords.click(WebUiBuiltInKeywords.groovy:647)
	at Script1706333846740.run(Script1706333846740.groovy:36)
	... 18 more
)

27-01-2024T18:43:57 - [MESSAGE][INFO] - Unable to find the element located by 'By.xpath: //div[@id='mount_0_0_ge']/div/div/div/div[3]/div/div/div/div/div/div[3]/div/div/div/div/div/div/div[2]/div/div/a/div/div[2]/div/div[2]/div/div/div/div/div/div/div/span/span'. Please recheck the objects properties to make sure the desired element is located. 

27-01-2024T18:43:57 - [MESSAGE][WARNING] - [SELF-HEALING] Failed to find element with id 'Object Repository/Facebook Login/Page_Facebook  log in or sign up/Page_Facebook  log in or sign up/Page_Log in to Facebook/Page_Facebook  log in or sign up/Page_(13) Facebook/span_Confirm'. Try using Self-healing.

27-01-2024T18:43:57 - [MESSAGE][WARNING] - [SELF-HEALING] The current locator of test object 'Object Repository/Facebook Login/Page_Facebook  log in or sign up/Page_Facebook  log in or sign up/Page_Log in to Facebook/Page_Facebook  log in or sign up/Page_(13) Facebook/span_Confirm' was broken. Propose an alternative one: '//div[2]/div/div/div/div/div/div/div/span/span'.

27-01-2024T18:44:30 - [MESSAGE][FAILED] - Unable to click on object 'Object Repository/Facebook Login/Page_Facebook  log in or sign up/Page_Facebook  log in or sign up/Page_Log in to Facebook/Page_Facebook  log in or sign up/Page_(13) Facebook/span_Confirm' (Root cause: com.kms.katalon.core.exception.StepFailedException: Unable to click on object 'Object Repository/Facebook Login/Page_Facebook  log in or sign up/Page_Facebook  log in or sign up/Page_Log in to Facebook/Page_Facebook  log in or sign up/Page_(13) Facebook/span_Confirm'
	at com.kms.katalon.core.webui.keyword.internal.WebUIKeywordMain.stepFailed(WebUIKeywordMain.groovy:64)
	at com.kms.katalon.core.webui.keyword.internal.WebUIKeywordMain.runKeyword(WebUIKeywordMain.groovy:26)
	at com.kms.katalon.core.webui.keyword.builtin.ClickKeyword.click(ClickKeyword.groovy:74)
	at com.kms.katalon.core.webui.keyword.builtin.ClickKeyword.execute(ClickKeyword.groovy:40)
	at com.kms.katalon.core.keyword.internal.KeywordExecutor.executeKeywordForPlatform(KeywordExecutor.groovy:74)
	at com.kms.katalon.core.webui.keyword.WebUiBuiltInKeywords.click(WebUiBuiltInKeywords.groovy:647)
	at FB Friend Request accept.run(FB Friend Request accept:36)
	at com.kms.katalon.core.main.ScriptEngine.run(ScriptEngine.java:194)
	at com.kms.katalon.core.main.ScriptEngine.runScriptAsRawText(ScriptEngine.java:119)
	at com.kms.katalon.core.main.TestCaseExecutor.runScript(TestCaseExecutor.java:448)
	at com.kms.katalon.core.main.TestCaseExecutor.doExecute(TestCaseExecutor.java:439)
	at com.kms.katalon.core.main.TestCaseExecutor.processExecutionPhase(TestCaseExecutor.java:418)
	at com.kms.katalon.core.main.TestCaseExecutor.accessMainPhase(TestCaseExecutor.java:410)
	at com.kms.katalon.core.main.TestCaseExecutor.execute(TestCaseExecutor.java:285)
	at com.kms.katalon.core.main.TestCaseExecutor.execute(TestCaseExecutor.java:369)
	at com.kms.katalon.core.main.TestCaseExecutor.execute(TestCaseExecutor.java:369)
	at com.kms.katalon.core.main.TestCaseExecutor.execute(TestCaseExecutor.java:369)
	at com.kms.katalon.core.common.CommonExecutor.accessTestCaseMainPhase(CommonExecutor.java:65)
	at com.kms.katalon.core.main.TestSuiteExecutor.accessTestSuiteMainPhase(TestSuiteExecutor.java:148)
	at com.kms.katalon.core.main.TestSuiteExecutor.execute(TestSuiteExecutor.java:106)
	at com.kms.katalon.core.main.TestCaseMain.startTestSuite(TestCaseMain.java:180)
	at TempTestSuite1706360858329.run(TempTestSuite1706360858329.groovy:36)
	at java.base/jdk.internal.reflect.NativeMethodAccessorImpl.invoke0(Native Method)
	at java.base/jdk.internal.reflect.NativeMethodAccessorImpl.invoke(NativeMethodAccessorImpl.java:77)
	at java.base/jdk.internal.reflect.DelegatingMethodAccessorImpl.invoke(DelegatingMethodAccessorImpl.java:43)
Caused by: org.openqa.selenium.ElementClickInterceptedException: element click intercepted: Element <span class="x1lliihq x6ikm8r x10wlt62 x1n2onr6 xlyipyv xuxw1ft">...</span> is not clickable at point (1301, 187). Other element would receive the click: <div class="x1uvtmcs x4k7w5x x1h91t0o x1beo9mf xaigb6o x12ejxvf x3igimt xarpa2k xedcshv x1lytzrv x1t2pt76 x7ja8zs x1n2onr6 x1qrby5j x1jfb8zj" tabindex="-1">...</div>
  (Session info: chrome=120.0.6099.225)
Build info: version: '3.141.59', revision: 'e82be7d358', time: '2018-11-14T08:25:53'
System info: host: 'UNITY_0008', ip: '192.168.1.5', os.name: 'Windows 11', os.arch: 'amd64', os.version: '10.0', java.version: '17.0.7'
Driver info: com.kms.katalon.selenium.driver.CChromeDriver
Capabilities {acceptInsecureCerts: false, browserName: chrome, browserVersion: 120.0.6099.225, chrome: {chromedriverVersion: 120.0.6099.71 (9729082fe617..., userDataDir: C:\Users\Guset\AppData\Loca...}, fedcm:accounts: true, goog:chromeOptions: {debuggerAddress: localhost:60864}, javascriptEnabled: true, networkConnectionEnabled: false, pageLoadStrategy: normal, platform: WINDOWS, platformName: WINDOWS, proxy: Proxy(), setWindowRect: true, strictFileInteractability: false, timeouts: {implicit: 0, pageLoad: 300000, script: 30000}, unhandledPromptBehavior: dismiss and notify, webauthn:extension:credBlob: true, webauthn:extension:largeBlob: true, webauthn:extension:minPinLength: true, webauthn:extension:prf: true, webauthn:virtualAuthenticators: true}
Session ID: 1369c736aba067395451b7c9763b56fa
	at jdk.internal.reflect.GeneratedConstructorAccessor20.newInstance(Unknown Source)
	at java.base/jdk.internal.reflect.DelegatingConstructorAccessorImpl.newInstance(DelegatingConstructorAccessorImpl.java:45)
	at org.openqa.selenium.remote.http.W3CHttpResponseCodec.createException(W3CHttpResponseCodec.java:187)
	at org.openqa.selenium.remote.http.W3CHttpResponseCodec.decode(W3CHttpResponseCodec.java:122)
	at org.openqa.selenium.remote.http.W3CHttpResponseCodec.decode(W3CHttpResponseCodec.java:49)
	at org.openqa.selenium.remote.HttpCommandExecutor.execute(HttpCommandExecutor.java:158)
	at org.openqa.selenium.remote.service.DriverCommandExecutor.execute(DriverCommandExecutor.java:83)
	at org.openqa.selenium.remote.RemoteWebDriver.execute(RemoteWebDriver.java:552)
	at com.kms.katalon.selenium.driver.CChromeDriver.execute(CChromeDriver.java:19)
	at org.openqa.selenium.remote.RemoteWebElement.execute(RemoteWebElement.java:285)
	at org.openqa.selenium.remote.RemoteWebElement.click(RemoteWebElement.java:84)
	at jdk.internal.reflect.GeneratedMethodAccessor13.invoke(Unknown Source)
	at java.base/jdk.internal.reflect.DelegatingMethodAccessorImpl.invoke(DelegatingMethodAccessorImpl.java:43)
	at org.openqa.selenium.support.events.EventFiringWebDriver$EventFiringWebElement.lambda$new$0(EventFiringWebDriver.java:404)
	at jdk.proxy2/jdk.proxy2.$Proxy24.click(Unknown Source)
	at org.openqa.selenium.support.events.EventFiringWebDriver$EventFiringWebElement.click(EventFiringWebDriver.java:417)
	at org.openqa.selenium.WebElement$click.call(Unknown Source)
	at com.kms.katalon.core.webui.keyword.builtin.ClickKeyword.clickUntilSuccessWithTimeout(ClickKeyword.groovy:81)
	at com.kms.katalon.core.webui.keyword.builtin.ClickKeyword.clickUntilSuccessWithTimeout(ClickKeyword.groovy)
	at java.base/jdk.internal.reflect.NativeMethodAccessorImpl.invoke0(Native Method)
	at java.base/jdk.internal.reflect.NativeMethodAccessorImpl.invoke(NativeMethodAccessorImpl.java:77)
	at java.base/jdk.internal.reflect.DelegatingMethodAccessorImpl.invoke(DelegatingMethodAccessorImpl.java:43)
	at com.kms.katalon.core.webui.keyword.builtin.ClickKeyword$_click_closure1.doCall(ClickKeyword.groovy:67)
	at com.kms.katalon.core.webui.keyword.builtin.ClickKeyword$_click_closure1.call(ClickKeyword.groovy)
	at com.kms.katalon.core.webui.keyword.internal.WebUIKeywordMain.runKeyword(WebUIKeywordMain.groovy:20)
	at com.kms.katalon.core.webui.keyword.builtin.ClickKeyword.click(ClickKeyword.groovy:74)
	at com.kms.katalon.core.webui.keyword.builtin.ClickKeyword.execute(ClickKeyword.groovy:40)
	at com.kms.katalon.core.keyword.internal.KeywordExecutor.executeKeywordForPlatform(KeywordExecutor.groovy:74)
	at com.kms.katalon.core.webui.keyword.WebUiBuiltInKeywords.click(WebUiBuiltInKeywords.groovy:647)
	at Script1706333846740.run(Script1706333846740.groovy:36)
	... 18 more
)
[[ATTACHMENT|C:\\Users\\Guset\\git\\cool1\\cool1\\Reports\\20240127_183738\\Test Suite 3\\20240127_183738\\1706361270675.png]]]]></system-out>
         <system-err><![CDATA[27-01-2024T18:42:48 - [TEST_CASE][FAILED] - Test Cases/FB Friend Request accept: Test Cases/FB Friend Request accept FAILED.
Reason:
com.kms.katalon.core.exception.StepFailedException: Unable to click on object 'Object Repository/Facebook Login/Page_Facebook  log in or sign up/Page_Facebook  log in or sign up/Page_Log in to Facebook/Page_Facebook  log in or sign up/Page_(13) Facebook/span_Confirm'
	at com.kms.katalon.core.webui.keyword.internal.WebUIKeywordMain.stepFailed(WebUIKeywordMain.groovy:64)
	at com.kms.katalon.core.webui.keyword.internal.WebUIKeywordMain.runKeyword(WebUIKeywordMain.groovy:26)
	at com.kms.katalon.core.webui.keyword.builtin.ClickKeyword.click(ClickKeyword.groovy:74)
	at com.kms.katalon.core.webui.keyword.builtin.ClickKeyword.execute(ClickKeyword.groovy:40)
	at com.kms.katalon.core.keyword.internal.KeywordExecutor.executeKeywordForPlatform(KeywordExecutor.groovy:74)
	at com.kms.katalon.core.webui.keyword.WebUiBuiltInKeywords.click(WebUiBuiltInKeywords.groovy:647)
	at FB Friend Request accept.run(FB Friend Request accept:36)
	at com.kms.katalon.core.main.ScriptEngine.run(ScriptEngine.java:194)
	at com.kms.katalon.core.main.ScriptEngine.runScriptAsRawText(ScriptEngine.java:119)
	at com.kms.katalon.core.main.TestCaseExecutor.runScript(TestCaseExecutor.java:448)
	at com.kms.katalon.core.main.TestCaseExecutor.doExecute(TestCaseExecutor.java:439)
	at com.kms.katalon.core.main.TestCaseExecutor.processExecutionPhase(TestCaseExecutor.java:418)
	at com.kms.katalon.core.main.TestCaseExecutor.accessMainPhase(TestCaseExecutor.java:410)
	at com.kms.katalon.core.main.TestCaseExecutor.execute(TestCaseExecutor.java:285)
	at com.kms.katalon.core.main.TestCaseExecutor.execute(TestCaseExecutor.java:369)
	at com.kms.katalon.core.main.TestCaseExecutor.execute(TestCaseExecutor.java:369)
	at com.kms.katalon.core.main.TestCaseExecutor.execute(TestCaseExecutor.java:369)
	at com.kms.katalon.core.common.CommonExecutor.accessTestCaseMainPhase(CommonExecutor.java:65)
	at com.kms.katalon.core.main.TestSuiteExecutor.accessTestSuiteMainPhase(TestSuiteExecutor.java:148)
	at com.kms.katalon.core.main.TestSuiteExecutor.execute(TestSuiteExecutor.java:106)
	at com.kms.katalon.core.main.TestCaseMain.startTestSuite(TestCaseMain.java:180)
	at TempTestSuite1706360858329.run(TempTestSuite1706360858329.groovy:36)
	at java.base/jdk.internal.reflect.NativeMethodAccessorImpl.invoke0(Native Method)
	at java.base/jdk.internal.reflect.NativeMethodAccessorImpl.invoke(NativeMethodAccessorImpl.java:77)
	at java.base/jdk.internal.reflect.DelegatingMethodAccessorImpl.invoke(DelegatingMethodAccessorImpl.java:43)
Caused by: org.openqa.selenium.ElementClickInterceptedException: element click intercepted: Element <span class="x1lliihq x6ikm8r x10wlt62 x1n2onr6 xlyipyv xuxw1ft">...</span> is not clickable at point (1301, 187). Other element would receive the click: <div class="x1uvtmcs x4k7w5x x1h91t0o x1beo9mf xaigb6o x12ejxvf x3igimt xarpa2k xedcshv x1lytzrv x1t2pt76 x7ja8zs x1n2onr6 x1qrby5j x1jfb8zj" tabindex="-1">...</div>
  (Session info: chrome=120.0.6099.225)
Build info: version: '3.141.59', revision: 'e82be7d358', time: '2018-11-14T08:25:53'
System info: host: 'UNITY_0008', ip: '192.168.1.5', os.name: 'Windows 11', os.arch: 'amd64', os.version: '10.0', java.version: '17.0.7'
Driver info: com.kms.katalon.selenium.driver.CChromeDriver
Capabilities {acceptInsecureCerts: false, browserName: chrome, browserVersion: 120.0.6099.225, chrome: {chromedriverVersion: 120.0.6099.71 (9729082fe617..., userDataDir: C:\Users\Guset\AppData\Loca...}, fedcm:accounts: true, goog:chromeOptions: {debuggerAddress: localhost:60864}, javascriptEnabled: true, networkConnectionEnabled: false, pageLoadStrategy: normal, platform: WINDOWS, platformName: WINDOWS, proxy: Proxy(), setWindowRect: true, strictFileInteractability: false, timeouts: {implicit: 0, pageLoad: 300000, script: 30000}, unhandledPromptBehavior: dismiss and notify, webauthn:extension:credBlob: true, webauthn:extension:largeBlob: true, webauthn:extension:minPinLength: true, webauthn:extension:prf: true, webauthn:virtualAuthenticators: true}
Session ID: 1369c736aba067395451b7c9763b56fa
	at jdk.internal.reflect.GeneratedConstructorAccessor20.newInstance(Unknown Source)
	at java.base/jdk.internal.reflect.DelegatingConstructorAccessorImpl.newInstance(DelegatingConstructorAccessorImpl.java:45)
	at org.openqa.selenium.remote.http.W3CHttpResponseCodec.createException(W3CHttpResponseCodec.java:187)
	at org.openqa.selenium.remote.http.W3CHttpResponseCodec.decode(W3CHttpResponseCodec.java:122)
	at org.openqa.selenium.remote.http.W3CHttpResponseCodec.decode(W3CHttpResponseCodec.java:49)
	at org.openqa.selenium.remote.HttpCommandExecutor.execute(HttpCommandExecutor.java:158)
	at org.openqa.selenium.remote.service.DriverCommandExecutor.execute(DriverCommandExecutor.java:83)
	at org.openqa.selenium.remote.RemoteWebDriver.execute(RemoteWebDriver.java:552)
	at com.kms.katalon.selenium.driver.CChromeDriver.execute(CChromeDriver.java:19)
	at org.openqa.selenium.remote.RemoteWebElement.execute(RemoteWebElement.java:285)
	at org.openqa.selenium.remote.RemoteWebElement.click(RemoteWebElement.java:84)
	at jdk.internal.reflect.GeneratedMethodAccessor13.invoke(Unknown Source)
	at java.base/jdk.internal.reflect.DelegatingMethodAccessorImpl.invoke(DelegatingMethodAccessorImpl.java:43)
	at org.openqa.selenium.support.events.EventFiringWebDriver$EventFiringWebElement.lambda$new$0(EventFiringWebDriver.java:404)
	at jdk.proxy2/jdk.proxy2.$Proxy24.click(Unknown Source)
	at org.openqa.selenium.support.events.EventFiringWebDriver$EventFiringWebElement.click(EventFiringWebDriver.java:417)
	at org.openqa.selenium.WebElement$click.call(Unknown Source)
	at com.kms.katalon.core.webui.keyword.builtin.ClickKeyword.clickUntilSuccessWithTimeout(ClickKeyword.groovy:81)
	at com.kms.katalon.core.webui.keyword.builtin.ClickKeyword.clickUntilSuccessWithTimeout(ClickKeyword.groovy)
	at java.base/jdk.internal.reflect.NativeMethodAccessorImpl.invoke0(Native Method)
	at java.base/jdk.internal.reflect.NativeMethodAccessorImpl.invoke(NativeMethodAccessorImpl.java:77)
	at java.base/jdk.internal.reflect.DelegatingMethodAccessorImpl.invoke(DelegatingMethodAccessorImpl.java:43)
	at com.kms.katalon.core.webui.keyword.builtin.ClickKeyword$_click_closure1.doCall(ClickKeyword.groovy:67)
	at com.kms.katalon.core.webui.keyword.builtin.ClickKeyword$_click_closure1.call(ClickKeyword.groovy)
	at com.kms.katalon.core.webui.keyword.internal.WebUIKeywordMain.runKeyword(WebUIKeywordMain.groovy:20)
	... 23 more]]></system-err>
      </testcase>
      <testcase name="Test Cases/FB Story carausal buttons" time="99.629" classname="Test Cases/FB Story carausal buttons" status="PASSED">
         <system-out><![CDATA[27-01-2024T18:44:31 - [TEST_CASE][PASSED] - Test Cases/FB Story carausal buttons: Test Cases/FB Story carausal buttons

27-01-2024T18:44:31 - [TEST_STEP][PASSED] - openBrowser(""): Browser is opened with url: ''

27-01-2024T18:44:31 - [MESSAGE][WARNING] - A browser is already opened. Closing browser and opening a new one

27-01-2024T18:44:31 - [MESSAGE][INFO] - Starting 'Chrome' driver

27-01-2024T18:44:31 - [MESSAGE][INFO] - Action delay is set to 0 milliseconds

27-01-2024T18:44:32 - [MESSAGE][PASSED] - Browser is opened with url: ''

27-01-2024T18:44:32 - [TEST_STEP][PASSED] - maximizeWindow(): Current window maximized

27-01-2024T18:44:32 - [MESSAGE][PASSED] - Current window maximized

27-01-2024T18:44:32 - [TEST_STEP][PASSED] - navigateToUrl("https://www.facebook.com/"): Navigate to 'https://www.facebook.com/' successfully

27-01-2024T18:44:33 - [MESSAGE][PASSED] - Navigate to 'https://www.facebook.com/' successfully

27-01-2024T18:44:33 - [TEST_STEP][PASSED] - click(findTestObject("Object Repository/Facebook Login/Page_Facebook  log in or sign up/Page_Log in to Facebook/Page_Log in to Facebook/Page_Log in to Facebook/Page_Facebook  log in or sign up/input_email")): Object: 'Object Repository/Facebook Login/Page_Facebook  log in or sign up/Page_Log in to Facebook/Page_Log in to Facebook/Page_Log in to Facebook/Page_Facebook  log in or sign up/input_email' is clicked on

27-01-2024T18:44:34 - [MESSAGE][PASSED] - Object: 'Object Repository/Facebook Login/Page_Facebook  log in or sign up/Page_Log in to Facebook/Page_Log in to Facebook/Page_Log in to Facebook/Page_Facebook  log in or sign up/input_email' is clicked on

27-01-2024T18:44:34 - [TEST_STEP][PASSED] - setText(findTestObject("Object Repository/Facebook Login/Page_Facebook  log in or sign up/Page_Log in to Facebook/Page_Log in to Facebook/Page_Log in to Facebook/Page_Facebook  log in or sign up/input_email"), "mkrajput1524@gmail.com"): Text 'mkrajput1524@gmail.com' is set on object 'Object Repository/Facebook Login/Page_Facebook  log in or sign up/Page_Log in to Facebook/Page_Log in to Facebook/Page_Log in to Facebook/Page_Facebook  log in or sign up/input_email'

27-01-2024T18:44:35 - [MESSAGE][PASSED] - Text 'mkrajput1524@gmail.com' is set on object 'Object Repository/Facebook Login/Page_Facebook  log in or sign up/Page_Log in to Facebook/Page_Log in to Facebook/Page_Log in to Facebook/Page_Facebook  log in or sign up/input_email'

27-01-2024T18:44:35 - [TEST_STEP][PASSED] - setEncryptedText(findTestObject("Object Repository/Facebook Login/Page_Facebook  log in or sign up/Page_Log in to Facebook/Page_Log in to Facebook/Page_Log in to Facebook/Page_Facebook  log in or sign up/input_pass"), "1AmIDvstrhuOMOvwahdcoA=="): Text ****** has been set on object 'Object Repository/Facebook Login/Page_Facebook  log in or sign up/Page_Log in to Facebook/Page_Log in to Facebook/Page_Log in to Facebook/Page_Facebook  log in or sign up/input_pass'

27-01-2024T18:44:35 - [MESSAGE][PASSED] - Text ****** has been set on object 'Object Repository/Facebook Login/Page_Facebook  log in or sign up/Page_Log in to Facebook/Page_Log in to Facebook/Page_Log in to Facebook/Page_Facebook  log in or sign up/input_pass'

27-01-2024T18:44:35 - [TEST_STEP][PASSED] - click(findTestObject("Object Repository/Facebook Login/Page_Facebook  log in or sign up/Page_Log in to Facebook/Page_Log in to Facebook/Page_Log in to Facebook/Page_Facebook  log in or sign up/button_Log in")): Object: 'Object Repository/Facebook Login/Page_Facebook  log in or sign up/Page_Log in to Facebook/Page_Log in to Facebook/Page_Log in to Facebook/Page_Facebook  log in or sign up/button_Log in' is clicked on

27-01-2024T18:45:06 - [MESSAGE][INFO] - Unable to find the element located by 'By.xpath: //button[@id='u_0_5_C0']'. Please recheck the objects properties to make sure the desired element is located. 

27-01-2024T18:45:06 - [MESSAGE][WARNING] - [SELF-HEALING] Failed to find element with id 'Object Repository/Facebook Login/Page_Facebook  log in or sign up/Page_Log in to Facebook/Page_Log in to Facebook/Page_Log in to Facebook/Page_Facebook  log in or sign up/button_Log in'. Try using Self-healing.

27-01-2024T18:45:07 - [MESSAGE][WARNING] - [SELF-HEALING] The current locator of test object 'Object Repository/Facebook Login/Page_Facebook  log in or sign up/Page_Log in to Facebook/Page_Log in to Facebook/Page_Log in to Facebook/Page_Facebook  log in or sign up/button_Log in' was broken. Propose an alternative one: '//button'.

27-01-2024T18:45:07 - [MESSAGE][PASSED] - Object: 'Object Repository/Facebook Login/Page_Facebook  log in or sign up/Page_Log in to Facebook/Page_Log in to Facebook/Page_Log in to Facebook/Page_Facebook  log in or sign up/button_Log in' is clicked on

27-01-2024T18:45:07 - [TEST_STEP][PASSED] - verifyElementClickable(findTestObject("Object Repository/Facebook Login/Page_Facebook  log in or sign up/Page_Log in to Facebook/Page_Log in to Facebook/Page_Log in to Facebook/Page_(5) Facebook/svg_x19dipnz x1lliihq x1k90msu x2h7rmj x1qfuztq")): Object 'Object Repository/Facebook Login/Page_Facebook  log in or sign up/Page_Log in to Facebook/Page_Log in to Facebook/Page_Log in to Facebook/Page_(5) Facebook/svg_x19dipnz x1lliihq x1k90msu x2h7rmj x1qfuztq' is clickable

27-01-2024T18:45:38 - [MESSAGE][INFO] - Unable to find the element located by 'By.xpath: '. Please recheck the objects properties to make sure the desired element is located. 

27-01-2024T18:45:38 - [MESSAGE][WARNING] - [SELF-HEALING] Failed to find element with id 'Object Repository/Facebook Login/Page_Facebook  log in or sign up/Page_Log in to Facebook/Page_Log in to Facebook/Page_Log in to Facebook/Page_(5) Facebook/svg_x19dipnz x1lliihq x1k90msu x2h7rmj x1qfuztq'. Try using Self-healing.

27-01-2024T18:45:38 - [MESSAGE][WARNING] - [SELF-HEALING] The current locator of test object 'Object Repository/Facebook Login/Page_Facebook  log in or sign up/Page_Log in to Facebook/Page_Log in to Facebook/Page_Log in to Facebook/Page_(5) Facebook/svg_x19dipnz x1lliihq x1k90msu x2h7rmj x1qfuztq' was broken. Propose an alternative one: 'div.x1i10hfl.x6umtig.x1b1mbwd.xaqea5y.xav7gou.x1ypdohk.xe8uvvx.xdj266r.x11i5rnm.xat24cr.x1mh8g0r.x16tdsg8.x1hl2dhg.xggy1nq.x87ps6o.x1lku1pv.x1a2a7pz.x6s0dn4.x14yjl9h.xudhj91.x18nykt9.xww2gxu.x972fbf.xcfux6l.x1qhh985.xm0m39n.x9f619.x78zum5.xl56j7k.xexx8yu.x4uap5.x18d9i69.xkhd6sd.x1n2onr6.xsdox4t.x1useyqa.x9bbmet.x1k54i6l.xi81zsa > svg.x19dipnz.x1lliihq.x1k90msu.x2h7rmj.x1qfuztq'.

27-01-2024T18:45:38 - [MESSAGE][PASSED] - Object 'Object Repository/Facebook Login/Page_Facebook  log in or sign up/Page_Log in to Facebook/Page_Log in to Facebook/Page_Log in to Facebook/Page_(5) Facebook/svg_x19dipnz x1lliihq x1k90msu x2h7rmj x1qfuztq' is clickable

27-01-2024T18:45:38 - [TEST_STEP][PASSED] - verifyElementClickable(findTestObject("Object Repository/Facebook Login/Page_Facebook  log in or sign up/Page_Log in to Facebook/Page_Log in to Facebook/Page_Log in to Facebook/Page_(5) Facebook/svg_x19dipnz x1lliihq x1k90msu x2h7rmj x1qfuztq")): Object 'Object Repository/Facebook Login/Page_Facebook  log in or sign up/Page_Log in to Facebook/Page_Log in to Facebook/Page_Log in to Facebook/Page_(5) Facebook/svg_x19dipnz x1lliihq x1k90msu x2h7rmj x1qfuztq' is clickable

27-01-2024T18:46:09 - [MESSAGE][INFO] - Unable to find the element located by 'By.xpath: '. Please recheck the objects properties to make sure the desired element is located. 

27-01-2024T18:46:09 - [MESSAGE][WARNING] - [SELF-HEALING] Failed to find element with id 'Object Repository/Facebook Login/Page_Facebook  log in or sign up/Page_Log in to Facebook/Page_Log in to Facebook/Page_Log in to Facebook/Page_(5) Facebook/svg_x19dipnz x1lliihq x1k90msu x2h7rmj x1qfuztq'. Try using Self-healing.

27-01-2024T18:46:10 - [MESSAGE][WARNING] - [SELF-HEALING] The current locator of test object 'Object Repository/Facebook Login/Page_Facebook  log in or sign up/Page_Log in to Facebook/Page_Log in to Facebook/Page_Log in to Facebook/Page_(5) Facebook/svg_x19dipnz x1lliihq x1k90msu x2h7rmj x1qfuztq' was broken. Propose an alternative one: 'div.x1i10hfl.x6umtig.x1b1mbwd.xaqea5y.xav7gou.x1ypdohk.xe8uvvx.xdj266r.x11i5rnm.xat24cr.x1mh8g0r.x16tdsg8.x1hl2dhg.xggy1nq.x87ps6o.x1lku1pv.x1a2a7pz.x6s0dn4.x14yjl9h.xudhj91.x18nykt9.xww2gxu.x972fbf.xcfux6l.x1qhh985.xm0m39n.x9f619.x78zum5.xl56j7k.xexx8yu.x4uap5.x18d9i69.xkhd6sd.x1n2onr6.xsdox4t.x1useyqa.x9bbmet.x1k54i6l.xi81zsa > svg.x19dipnz.x1lliihq.x1k90msu.x2h7rmj.x1qfuztq'.

27-01-2024T18:46:10 - [MESSAGE][PASSED] - Object 'Object Repository/Facebook Login/Page_Facebook  log in or sign up/Page_Log in to Facebook/Page_Log in to Facebook/Page_Log in to Facebook/Page_(5) Facebook/svg_x19dipnz x1lliihq x1k90msu x2h7rmj x1qfuztq' is clickable

27-01-2024T18:46:10 - [TEST_STEP][PASSED] - closeBrowser(): Browser is closed

27-01-2024T18:46:10 - [MESSAGE][PASSED] - Browser is closed]]></system-out>
         <system-err><![CDATA[]]></system-err>
      </testcase>
      <testcase name="Test Cases/FB Story is clickeble" time="99.184" classname="Test Cases/FB Story is clickeble" status="PASSED">
         <system-out><![CDATA[27-01-2024T18:46:10 - [TEST_CASE][PASSED] - Test Cases/FB Story is clickeble: Test Cases/FB Story is clickeble

27-01-2024T18:46:10 - [TEST_STEP][PASSED] - openBrowser(""): Browser is opened with url: ''

27-01-2024T18:46:10 - [MESSAGE][INFO] - Starting 'Chrome' driver

27-01-2024T18:46:10 - [MESSAGE][INFO] - Action delay is set to 0 milliseconds

27-01-2024T18:46:11 - [MESSAGE][PASSED] - Browser is opened with url: ''

27-01-2024T18:46:11 - [TEST_STEP][PASSED] - maximizeWindow(): Current window maximized

27-01-2024T18:46:11 - [MESSAGE][PASSED] - Current window maximized

27-01-2024T18:46:11 - [TEST_STEP][PASSED] - navigateToUrl("https://www.facebook.com/"): Navigate to 'https://www.facebook.com/' successfully

27-01-2024T18:46:12 - [MESSAGE][PASSED] - Navigate to 'https://www.facebook.com/' successfully

27-01-2024T18:46:12 - [TEST_STEP][PASSED] - setText(findTestObject("Object Repository/Facebook Login/Page_Facebook  log in or sign up/Page_Facebook  log in or sign up/Page_Log in to Facebook/Page_Facebook  log in or sign up/input_email"), "mkrajput1524@gmail.com"): Text 'mkrajput1524@gmail.com' is set on object 'Object Repository/Facebook Login/Page_Facebook  log in or sign up/Page_Facebook  log in or sign up/Page_Log in to Facebook/Page_Facebook  log in or sign up/input_email'

27-01-2024T18:46:13 - [MESSAGE][PASSED] - Text 'mkrajput1524@gmail.com' is set on object 'Object Repository/Facebook Login/Page_Facebook  log in or sign up/Page_Facebook  log in or sign up/Page_Log in to Facebook/Page_Facebook  log in or sign up/input_email'

27-01-2024T18:46:13 - [TEST_STEP][PASSED] - setEncryptedText(findTestObject("Object Repository/Facebook Login/Page_Facebook  log in or sign up/Page_Facebook  log in or sign up/Page_Log in to Facebook/Page_Facebook  log in or sign up/input_pass"), "1AmIDvstrhuOMOvwahdcoA=="): Text ****** has been set on object 'Object Repository/Facebook Login/Page_Facebook  log in or sign up/Page_Facebook  log in or sign up/Page_Log in to Facebook/Page_Facebook  log in or sign up/input_pass'

27-01-2024T18:46:14 - [MESSAGE][PASSED] - Text ****** has been set on object 'Object Repository/Facebook Login/Page_Facebook  log in or sign up/Page_Facebook  log in or sign up/Page_Log in to Facebook/Page_Facebook  log in or sign up/input_pass'

27-01-2024T18:46:14 - [TEST_STEP][PASSED] - click(findTestObject("Object Repository/Facebook Login/Page_Facebook  log in or sign up/Page_Facebook  log in or sign up/Page_Log in to Facebook/Page_Facebook  log in or sign up/button_Log in")): Object: 'Object Repository/Facebook Login/Page_Facebook  log in or sign up/Page_Facebook  log in or sign up/Page_Log in to Facebook/Page_Facebook  log in or sign up/button_Log in' is clicked on

27-01-2024T18:46:45 - [MESSAGE][INFO] - Unable to find the element located by 'By.xpath: //button[@id='u_0_5_0g']'. Please recheck the objects properties to make sure the desired element is located. 

27-01-2024T18:46:45 - [MESSAGE][WARNING] - [SELF-HEALING] Failed to find element with id 'Object Repository/Facebook Login/Page_Facebook  log in or sign up/Page_Facebook  log in or sign up/Page_Log in to Facebook/Page_Facebook  log in or sign up/button_Log in'. Try using Self-healing.

27-01-2024T18:46:46 - [MESSAGE][WARNING] - [SELF-HEALING] The current locator of test object 'Object Repository/Facebook Login/Page_Facebook  log in or sign up/Page_Facebook  log in or sign up/Page_Log in to Facebook/Page_Facebook  log in or sign up/button_Log in' was broken. Propose an alternative one: '//button'.

27-01-2024T18:46:46 - [MESSAGE][PASSED] - Object: 'Object Repository/Facebook Login/Page_Facebook  log in or sign up/Page_Facebook  log in or sign up/Page_Log in to Facebook/Page_Facebook  log in or sign up/button_Log in' is clicked on

27-01-2024T18:46:46 - [TEST_STEP][PASSED] - verifyElementClickable(findTestObject("Object Repository/Facebook Login/Page_Facebook  log in or sign up/Page_Facebook  log in or sign up/Page_Log in to Facebook/Page_(7) Facebook/div_x9f619 x1n2onr6 x1ja2u2z x78zum5 xdt5yt_217c05")): Object 'Object Repository/Facebook Login/Page_Facebook  log in or sign up/Page_Facebook  log in or sign up/Page_Log in to Facebook/Page_(7) Facebook/div_x9f619 x1n2onr6 x1ja2u2z x78zum5 xdt5yt_217c05' is clickable

27-01-2024T18:47:17 - [MESSAGE][INFO] - Unable to find the element located by 'By.xpath: //div[@id='mount_0_0_AE']/div/div/div/div[3]/div/div/div/div/div/div[2]/div/div/div/div[2]/div/div/div/div/div[2]/div/div/div[2]/div/div/div/a/div/div/div[2]/div/div'. Please recheck the objects properties to make sure the desired element is located. 

27-01-2024T18:47:17 - [MESSAGE][WARNING] - [SELF-HEALING] Failed to find element with id 'Object Repository/Facebook Login/Page_Facebook  log in or sign up/Page_Facebook  log in or sign up/Page_Log in to Facebook/Page_(7) Facebook/div_x9f619 x1n2onr6 x1ja2u2z x78zum5 xdt5yt_217c05'. Try using Self-healing.

27-01-2024T18:47:17 - [MESSAGE][WARNING] - [SELF-HEALING] The current locator of test object 'Object Repository/Facebook Login/Page_Facebook  log in or sign up/Page_Facebook  log in or sign up/Page_Log in to Facebook/Page_(7) Facebook/div_x9f619 x1n2onr6 x1ja2u2z x78zum5 xdt5yt_217c05' was broken. Propose an alternative one: '//div[2]/div/div/div/a/div/div/div[2]/div/div'.

27-01-2024T18:47:17 - [MESSAGE][PASSED] - Object 'Object Repository/Facebook Login/Page_Facebook  log in or sign up/Page_Facebook  log in or sign up/Page_Log in to Facebook/Page_(7) Facebook/div_x9f619 x1n2onr6 x1ja2u2z x78zum5 xdt5yt_217c05' is clickable

27-01-2024T18:47:17 - [TEST_STEP][PASSED] - verifyElementClickable(findTestObject("Object Repository/Facebook Login/Page_Facebook  log in or sign up/Page_Facebook  log in or sign up/Page_Log in to Facebook/Page_(7) Facebook/div_x1i10hfl x6umtig x1b1mbwd xaqea5y xav7g_d32c55")): Object 'Object Repository/Facebook Login/Page_Facebook  log in or sign up/Page_Facebook  log in or sign up/Page_Log in to Facebook/Page_(7) Facebook/div_x1i10hfl x6umtig x1b1mbwd xaqea5y xav7g_d32c55' is clickable

27-01-2024T18:47:48 - [MESSAGE][INFO] - Unable to find the element located by 'By.xpath: //div[@id='mount_0_0_AE']/div/div/div/div[2]/div/div/span/div'. Please recheck the objects properties to make sure the desired element is located. 

27-01-2024T18:47:48 - [MESSAGE][WARNING] - [SELF-HEALING] Failed to find element with id 'Object Repository/Facebook Login/Page_Facebook  log in or sign up/Page_Facebook  log in or sign up/Page_Log in to Facebook/Page_(7) Facebook/div_x1i10hfl x6umtig x1b1mbwd xaqea5y xav7g_d32c55'. Try using Self-healing.

27-01-2024T18:47:49 - [MESSAGE][WARNING] - [SELF-HEALING] The current locator of test object 'Object Repository/Facebook Login/Page_Facebook  log in or sign up/Page_Facebook  log in or sign up/Page_Log in to Facebook/Page_(7) Facebook/div_x1i10hfl x6umtig x1b1mbwd xaqea5y xav7g_d32c55' was broken. Propose an alternative one: '//span/div'.

27-01-2024T18:47:49 - [MESSAGE][PASSED] - Object 'Object Repository/Facebook Login/Page_Facebook  log in or sign up/Page_Facebook  log in or sign up/Page_Log in to Facebook/Page_(7) Facebook/div_x1i10hfl x6umtig x1b1mbwd xaqea5y xav7g_d32c55' is clickable

27-01-2024T18:47:49 - [TEST_STEP][PASSED] - closeBrowser(): Browser is closed

27-01-2024T18:47:49 - [MESSAGE][PASSED] - Browser is closed]]></system-out>
         <system-err><![CDATA[]]></system-err>
      </testcase>
      <testcase name="Test Cases/HDFC BANK" time="10.074" classname="Test Cases/HDFC BANK" status="PASSED">
         <system-out><![CDATA[27-01-2024T18:47:49 - [TEST_CASE][PASSED] - Test Cases/HDFC BANK: Test Cases/HDFC BANK

27-01-2024T18:47:49 - [TEST_STEP][PASSED] - openBrowser(""): Browser is opened with url: ''

27-01-2024T18:47:49 - [MESSAGE][INFO] - Starting 'Chrome' driver

27-01-2024T18:47:49 - [MESSAGE][INFO] - Action delay is set to 0 milliseconds

27-01-2024T18:47:50 - [MESSAGE][PASSED] - Browser is opened with url: ''

27-01-2024T18:47:50 - [TEST_STEP][PASSED] - maximizeWindow(): Current window maximized

27-01-2024T18:47:50 - [MESSAGE][PASSED] - Current window maximized

27-01-2024T18:47:50 - [TEST_STEP][PASSED] - navigateToUrl("https://www.hdfcbank.com/"): Navigate to 'https://www.hdfcbank.com/' successfully

27-01-2024T18:47:54 - [MESSAGE][PASSED] - Navigate to 'https://www.hdfcbank.com/' successfully

27-01-2024T18:47:54 - [TEST_STEP][PASSED] - verifyElementClickable(findTestObject("Object Repository/HDFC/Page_HDFC Bank  Personal Banking  Netbankin_c840db/a_NRI")): Object 'Object Repository/HDFC/Page_HDFC Bank  Personal Banking  Netbankin_c840db/a_NRI' is clickable

27-01-2024T18:47:55 - [MESSAGE][PASSED] - Object 'Object Repository/HDFC/Page_HDFC Bank  Personal Banking  Netbankin_c840db/a_NRI' is clickable

27-01-2024T18:47:55 - [TEST_STEP][PASSED] - click(findTestObject("Object Repository/HDFC/Page_NRI Banking - Avail NRI Services from _8346f2/span_Home")): Object: 'Object Repository/HDFC/Page_NRI Banking - Avail NRI Services from _8346f2/span_Home' is clicked on

27-01-2024T18:47:59 - [MESSAGE][PASSED] - Object: 'Object Repository/HDFC/Page_NRI Banking - Avail NRI Services from _8346f2/span_Home' is clicked on

27-01-2024T18:47:59 - [TEST_STEP][PASSED] - closeBrowser(): Browser is closed

27-01-2024T18:47:59 - [MESSAGE][PASSED] - Browser is closed]]></system-out>
         <system-err><![CDATA[]]></system-err>
      </testcase>
      <testcase name="Test Cases/HDFC dropdowns" time="43.106" classname="Test Cases/HDFC dropdowns" status="PASSED">
         <system-out><![CDATA[27-01-2024T18:47:59 - [TEST_CASE][PASSED] - Test Cases/HDFC dropdowns: Test Cases/HDFC dropdowns

27-01-2024T18:48:00 - [TEST_STEP][PASSED] - openBrowser(""): Browser is opened with url: ''

27-01-2024T18:48:00 - [MESSAGE][INFO] - Starting 'Chrome' driver

27-01-2024T18:48:00 - [MESSAGE][INFO] - Action delay is set to 0 milliseconds

27-01-2024T18:48:01 - [MESSAGE][PASSED] - Browser is opened with url: ''

27-01-2024T18:48:01 - [TEST_STEP][PASSED] - maximizeWindow(): Current window maximized

27-01-2024T18:48:01 - [MESSAGE][PASSED] - Current window maximized

27-01-2024T18:48:01 - [TEST_STEP][PASSED] - navigateToUrl("https://www.hdfcbank.com/"): Navigate to 'https://www.hdfcbank.com/' successfully

27-01-2024T18:48:04 - [MESSAGE][PASSED] - Navigate to 'https://www.hdfcbank.com/' successfully

27-01-2024T18:48:04 - [TEST_STEP][PASSED] - mouseOver(findTestObject("Object Repository/HDFC/Page_HDFC Bank  Personal Banking  Netbankin_c840db/span_Cards, Bill Pay")): Object: 'Object Repository/HDFC/Page_HDFC Bank  Personal Banking  Netbankin_c840db/span_Cards, Bill Pay' is hovered

27-01-2024T18:48:35 - [MESSAGE][INFO] - Unable to find the element located by 'By.xpath: '. Please recheck the objects properties to make sure the desired element is located. 

27-01-2024T18:48:35 - [MESSAGE][WARNING] - [SELF-HEALING] Failed to find element with id 'Object Repository/HDFC/Page_HDFC Bank  Personal Banking  Netbankin_c840db/span_Cards, Bill Pay'. Try using Self-healing.

27-01-2024T18:48:36 - [MESSAGE][WARNING] - [SELF-HEALING] The current locator of test object 'Object Repository/HDFC/Page_HDFC Bank  Personal Banking  Netbankin_c840db/span_Cards, Bill Pay' was broken. Propose an alternative one: '//li[@id='webPay']/a/span[3]'.

27-01-2024T18:48:36 - [MESSAGE][PASSED] - Object: 'Object Repository/HDFC/Page_HDFC Bank  Personal Banking  Netbankin_c840db/span_Cards, Bill Pay' is hovered

27-01-2024T18:48:36 - [TEST_STEP][PASSED] - waitForElementVisible(findTestObject("HDFC/Page_HDFC Bank  Personal Banking  Netbankin_c840db/span_Credit Cards"), 3): Object 'Object Repository/HDFC/Page_HDFC Bank  Personal Banking  Netbankin_c840db/span_Credit Cards' is visible

27-01-2024T18:48:36 - [MESSAGE][PASSED] - Object 'Object Repository/HDFC/Page_HDFC Bank  Personal Banking  Netbankin_c840db/span_Credit Cards' is visible

27-01-2024T18:48:36 - [TEST_STEP][PASSED] - click(findTestObject("Object Repository/HDFC/Page_HDFC Bank  Personal Banking  Netbankin_c840db/span_Credit Cards")): Object: 'Object Repository/HDFC/Page_HDFC Bank  Personal Banking  Netbankin_c840db/span_Credit Cards' is clicked on

27-01-2024T18:48:42 - [MESSAGE][PASSED] - Object: 'Object Repository/HDFC/Page_HDFC Bank  Personal Banking  Netbankin_c840db/span_Credit Cards' is clicked on

27-01-2024T18:48:42 - [TEST_STEP][PASSED] - closeBrowser(): Browser is closed

27-01-2024T18:48:43 - [MESSAGE][PASSED] - Browser is closed]]></system-out>
         <system-err><![CDATA[]]></system-err>
      </testcase>
      <testcase name="Test Cases/HDFC Home button" time="10.505" classname="Test Cases/HDFC Home button" status="PASSED">
         <system-out><![CDATA[27-01-2024T18:48:43 - [TEST_CASE][PASSED] - Test Cases/HDFC Home button: Test Cases/HDFC Home button

27-01-2024T18:48:43 - [TEST_STEP][PASSED] - openBrowser(""): Browser is opened with url: ''

27-01-2024T18:48:43 - [MESSAGE][INFO] - Starting 'Chrome' driver

27-01-2024T18:48:43 - [MESSAGE][INFO] - Action delay is set to 0 milliseconds

27-01-2024T18:48:44 - [MESSAGE][PASSED] - Browser is opened with url: ''

27-01-2024T18:48:44 - [TEST_STEP][PASSED] - maximizeWindow(): Current window maximized

27-01-2024T18:48:44 - [MESSAGE][PASSED] - Current window maximized

27-01-2024T18:48:44 - [TEST_STEP][PASSED] - navigateToUrl("https://www.hdfcbank.com/personal/pay/cards/credit-cards"): Navigate to 'https://www.hdfcbank.com/personal/pay/cards/credit-cards' successfully

27-01-2024T18:48:48 - [MESSAGE][PASSED] - Navigate to 'https://www.hdfcbank.com/personal/pay/cards/credit-cards' successfully

27-01-2024T18:48:48 - [TEST_STEP][PASSED] - click(findTestObject("Object Repository/HDFC/Page_HDFC Bank  Personal Banking  Netbankin_c840db/Page_Credit Card - Apply for Credit Cards O_aa5c49/span_home-icon-large-off menu-icon")): Object: 'Object Repository/HDFC/Page_HDFC Bank  Personal Banking  Netbankin_c840db/Page_Credit Card - Apply for Credit Cards O_aa5c49/span_home-icon-large-off menu-icon' is clicked on

27-01-2024T18:48:53 - [MESSAGE][PASSED] - Object: 'Object Repository/HDFC/Page_HDFC Bank  Personal Banking  Netbankin_c840db/Page_Credit Card - Apply for Credit Cards O_aa5c49/span_home-icon-large-off menu-icon' is clicked on

27-01-2024T18:48:53 - [TEST_STEP][PASSED] - closeBrowser(): Browser is closed

27-01-2024T18:48:53 - [MESSAGE][PASSED] - Browser is closed]]></system-out>
         <system-err><![CDATA[]]></system-err>
      </testcase>
      <testcase name="Test Cases/HDFC Logo active" time="10.42" classname="Test Cases/HDFC Logo active" status="PASSED">
         <system-out><![CDATA[27-01-2024T18:48:53 - [TEST_CASE][PASSED] - Test Cases/HDFC Logo active: Test Cases/HDFC Logo active

27-01-2024T18:48:53 - [TEST_STEP][PASSED] - openBrowser(""): Browser is opened with url: ''

27-01-2024T18:48:53 - [MESSAGE][INFO] - Starting 'Chrome' driver

27-01-2024T18:48:53 - [MESSAGE][INFO] - Action delay is set to 0 milliseconds

27-01-2024T18:48:54 - [MESSAGE][PASSED] - Browser is opened with url: ''

27-01-2024T18:48:54 - [TEST_STEP][PASSED] - maximizeWindow(): Current window maximized

27-01-2024T18:48:54 - [MESSAGE][PASSED] - Current window maximized

27-01-2024T18:48:54 - [TEST_STEP][PASSED] - navigateToUrl("https://www.hdfcbank.com/personal/pay/cards/credit-cards"): Navigate to 'https://www.hdfcbank.com/personal/pay/cards/credit-cards' successfully

27-01-2024T18:48:59 - [MESSAGE][PASSED] - Navigate to 'https://www.hdfcbank.com/personal/pay/cards/credit-cards' successfully

27-01-2024T18:48:59 - [TEST_STEP][PASSED] - click(findTestObject("Object Repository/HDFC/Page_Credit Card - Apply for Credit Cards O_aa5c49/span_hdfc-logo-icon")): Object: 'Object Repository/HDFC/Page_Credit Card - Apply for Credit Cards O_aa5c49/span_hdfc-logo-icon' is clicked on

27-01-2024T18:49:03 - [MESSAGE][PASSED] - Object: 'Object Repository/HDFC/Page_Credit Card - Apply for Credit Cards O_aa5c49/span_hdfc-logo-icon' is clicked on

27-01-2024T18:49:03 - [TEST_STEP][PASSED] - closeBrowser(): Browser is closed

27-01-2024T18:49:03 - [MESSAGE][PASSED] - Browser is closed]]></system-out>
         <system-err><![CDATA[]]></system-err>
      </testcase>
      <testcase name="Test Cases/HDFC page scroll" time="6.369" classname="Test Cases/HDFC page scroll" status="PASSED">
         <system-out><![CDATA[27-01-2024T18:49:03 - [TEST_CASE][PASSED] - Test Cases/HDFC page scroll: Test Cases/HDFC page scroll

27-01-2024T18:49:04 - [TEST_STEP][PASSED] - openBrowser(""): Browser is opened with url: ''

27-01-2024T18:49:04 - [MESSAGE][INFO] - Starting 'Chrome' driver

27-01-2024T18:49:04 - [MESSAGE][INFO] - Action delay is set to 0 milliseconds

27-01-2024T18:49:04 - [MESSAGE][PASSED] - Browser is opened with url: ''

27-01-2024T18:49:04 - [TEST_STEP][PASSED] - maximizeWindow(): Current window maximized

27-01-2024T18:49:05 - [MESSAGE][PASSED] - Current window maximized

27-01-2024T18:49:05 - [TEST_STEP][PASSED] - navigateToUrl("https://www.hdfcbank.com/"): Navigate to 'https://www.hdfcbank.com/' successfully

27-01-2024T18:49:07 - [MESSAGE][PASSED] - Navigate to 'https://www.hdfcbank.com/' successfully

27-01-2024T18:49:07 - [TEST_STEP][PASSED] - scrollToPosition(0, 2): Browser is scrolled to position x = 0, y = 2

27-01-2024T18:49:08 - [MESSAGE][PASSED] - Browser is scrolled to position x = 0, y = 2

27-01-2024T18:49:08 - [TEST_STEP][PASSED] - click(findTestObject("Object Repository/HDFC/Page_HDFC Bank  Personal Banking  Netbankin_c840db/Page_HDFC Bank  Personal Banking  Netbankin_c840db/a_PayZapp")): Object: 'Object Repository/HDFC/Page_HDFC Bank  Personal Banking  Netbankin_c840db/Page_HDFC Bank  Personal Banking  Netbankin_c840db/a_PayZapp' is clicked on

27-01-2024T18:49:09 - [MESSAGE][PASSED] - Object: 'Object Repository/HDFC/Page_HDFC Bank  Personal Banking  Netbankin_c840db/Page_HDFC Bank  Personal Banking  Netbankin_c840db/a_PayZapp' is clicked on

27-01-2024T18:49:09 - [TEST_STEP][PASSED] - closeBrowser(): Browser is closed

27-01-2024T18:49:10 - [MESSAGE][PASSED] - Browser is closed]]></system-out>
         <system-err><![CDATA[]]></system-err>
      </testcase>
      <testcase name="Test Cases/Katalon Category sorting" time="24.978" classname="Test Cases/Katalon Category sorting" status="PASSED">
         <system-out><![CDATA[27-01-2024T18:49:10 - [TEST_CASE][PASSED] - Test Cases/Katalon Category sorting: Test Cases/Katalon Category sorting

27-01-2024T18:49:10 - [TEST_STEP][PASSED] - openBrowser(""): Browser is opened with url: ''

27-01-2024T18:49:10 - [MESSAGE][INFO] - Starting 'Chrome' driver

27-01-2024T18:49:10 - [MESSAGE][INFO] - Action delay is set to 0 milliseconds

27-01-2024T18:49:11 - [MESSAGE][PASSED] - Browser is opened with url: ''

27-01-2024T18:49:11 - [TEST_STEP][PASSED] - maximizeWindow(): Current window maximized

27-01-2024T18:49:11 - [MESSAGE][PASSED] - Current window maximized

27-01-2024T18:49:11 - [TEST_STEP][PASSED] - navigateToUrl("https://academy.katalon.com/"): Navigate to 'https://academy.katalon.com/' successfully

27-01-2024T18:49:17 - [MESSAGE][PASSED] - Navigate to 'https://academy.katalon.com/' successfully

27-01-2024T18:49:17 - [TEST_STEP][PASSED] - click(findTestObject("Object Repository/Katalon/Page_Courses - Katalon Academy/Page_Sign in  Katalon Software Quality Mana_cfddb7/Page_Courses - Katalon Academy/Page_Katalon Academy - Automation Testing C_4c4a56/a_Log in")): Object: 'Object Repository/Katalon/Page_Courses - Katalon Academy/Page_Sign in  Katalon Software Quality Mana_cfddb7/Page_Courses - Katalon Academy/Page_Katalon Academy - Automation Testing C_4c4a56/a_Log in' is clicked on

27-01-2024T18:49:22 - [MESSAGE][PASSED] - Object: 'Object Repository/Katalon/Page_Courses - Katalon Academy/Page_Sign in  Katalon Software Quality Mana_cfddb7/Page_Courses - Katalon Academy/Page_Katalon Academy - Automation Testing C_4c4a56/a_Log in' is clicked on

27-01-2024T18:49:22 - [TEST_STEP][PASSED] - click(findTestObject("Object Repository/Katalon/Page_Courses - Katalon Academy/Page_Sign in  Katalon Software Quality Mana_cfddb7/Page_Courses - Katalon Academy/Page_Sign in  Katalon Software Quality Mana_cfddb7/div_Continue with email")): Object: 'Object Repository/Katalon/Page_Courses - Katalon Academy/Page_Sign in  Katalon Software Quality Mana_cfddb7/Page_Courses - Katalon Academy/Page_Sign in  Katalon Software Quality Mana_cfddb7/div_Continue with email' is clicked on

27-01-2024T18:49:24 - [MESSAGE][PASSED] - Object: 'Object Repository/Katalon/Page_Courses - Katalon Academy/Page_Sign in  Katalon Software Quality Mana_cfddb7/Page_Courses - Katalon Academy/Page_Sign in  Katalon Software Quality Mana_cfddb7/div_Continue with email' is clicked on

27-01-2024T18:49:24 - [TEST_STEP][PASSED] - setText(findTestObject("Object Repository/Katalon/Page_Courses - Katalon Academy/Page_Sign in  Katalon Software Quality Mana_cfddb7/Page_Courses - Katalon Academy/Page_Sign in  Katalon Software Quality Mana_cfddb7/input_username"), "mkrajput1524@gmail.com"): Text 'mkrajput1524@gmail.com' is set on object 'Object Repository/Katalon/Page_Courses - Katalon Academy/Page_Sign in  Katalon Software Quality Mana_cfddb7/Page_Courses - Katalon Academy/Page_Sign in  Katalon Software Quality Mana_cfddb7/input_username'

27-01-2024T18:49:25 - [MESSAGE][PASSED] - Text 'mkrajput1524@gmail.com' is set on object 'Object Repository/Katalon/Page_Courses - Katalon Academy/Page_Sign in  Katalon Software Quality Mana_cfddb7/Page_Courses - Katalon Academy/Page_Sign in  Katalon Software Quality Mana_cfddb7/input_username'

27-01-2024T18:49:25 - [TEST_STEP][PASSED] - setEncryptedText(findTestObject("Object Repository/Katalon/Page_Courses - Katalon Academy/Page_Sign in  Katalon Software Quality Mana_cfddb7/Page_Courses - Katalon Academy/Page_Sign in  Katalon Software Quality Mana_cfddb7/input_password"), "GTlPq8sqzIAVcUdIXgqPeg=="): Text ****** has been set on object 'Object Repository/Katalon/Page_Courses - Katalon Academy/Page_Sign in  Katalon Software Quality Mana_cfddb7/Page_Courses - Katalon Academy/Page_Sign in  Katalon Software Quality Mana_cfddb7/input_password'

27-01-2024T18:49:25 - [MESSAGE][PASSED] - Text ****** has been set on object 'Object Repository/Katalon/Page_Courses - Katalon Academy/Page_Sign in  Katalon Software Quality Mana_cfddb7/Page_Courses - Katalon Academy/Page_Sign in  Katalon Software Quality Mana_cfddb7/input_password'

27-01-2024T18:49:25 - [TEST_STEP][PASSED] - click(findTestObject("Object Repository/Katalon/Page_Courses - Katalon Academy/Page_Sign in  Katalon Software Quality Mana_cfddb7/Page_Courses - Katalon Academy/Page_Sign in  Katalon Software Quality Mana_cfddb7/input_login")): Object: 'Object Repository/Katalon/Page_Courses - Katalon Academy/Page_Sign in  Katalon Software Quality Mana_cfddb7/Page_Courses - Katalon Academy/Page_Sign in  Katalon Software Quality Mana_cfddb7/input_login' is clicked on

27-01-2024T18:49:28 - [MESSAGE][PASSED] - Object: 'Object Repository/Katalon/Page_Courses - Katalon Academy/Page_Sign in  Katalon Software Quality Mana_cfddb7/Page_Courses - Katalon Academy/Page_Sign in  Katalon Software Quality Mana_cfddb7/input_login' is clicked on

27-01-2024T18:49:28 - [TEST_STEP][PASSED] - click(findTestObject("Object Repository/Katalon/Page_Courses - Katalon Academy/Page_Sign in  Katalon Software Quality Mana_cfddb7/Page_Courses - Katalon Academy/Page_Katalon Academy - Automation Testing C_4c4a56/a_Choose a course")): Object: 'Object Repository/Katalon/Page_Courses - Katalon Academy/Page_Sign in  Katalon Software Quality Mana_cfddb7/Page_Courses - Katalon Academy/Page_Katalon Academy - Automation Testing C_4c4a56/a_Choose a course' is clicked on

27-01-2024T18:49:32 - [MESSAGE][PASSED] - Object: 'Object Repository/Katalon/Page_Courses - Katalon Academy/Page_Sign in  Katalon Software Quality Mana_cfddb7/Page_Courses - Katalon Academy/Page_Katalon Academy - Automation Testing C_4c4a56/a_Choose a course' is clicked on

27-01-2024T18:49:32 - [TEST_STEP][PASSED] - click(findTestObject("Object Repository/Katalon/Page_Courses - Katalon Academy/Page_Sign in  Katalon Software Quality Mana_cfddb7/Page_Courses - Katalon Academy/Page_Courses - Katalon Academy/h3_Beginner")): Object: 'Object Repository/Katalon/Page_Courses - Katalon Academy/Page_Sign in  Katalon Software Quality Mana_cfddb7/Page_Courses - Katalon Academy/Page_Courses - Katalon Academy/h3_Beginner' is clicked on

27-01-2024T18:49:34 - [MESSAGE][PASSED] - Object: 'Object Repository/Katalon/Page_Courses - Katalon Academy/Page_Sign in  Katalon Software Quality Mana_cfddb7/Page_Courses - Katalon Academy/Page_Courses - Katalon Academy/h3_Beginner' is clicked on

27-01-2024T18:49:35 - [TEST_STEP][PASSED] - closeBrowser(): Browser is closed

27-01-2024T18:49:35 - [MESSAGE][PASSED] - Browser is closed]]></system-out>
         <system-err><![CDATA[]]></system-err>
      </testcase>
      <testcase name="Test Cases/Katalon Cource enrol" time="23.516" classname="Test Cases/Katalon Cource enrol" status="FAILED">
         <failure type="FAILED" message="Test Cases/Katalon Cource enrol FAILED.&#xa;Reason:&#xa;com.kms.katalon.core.exception.StepFailedException: Unable to click on object 'Object Repository/Katalon/Page_Courses - Katalon Academy/Page_Sign in  Katalon Software Quality Mana_cfddb7/Page_Courses - Katalon Academy/a_Enroll Now'&#xa;	at com.kms.katalon.core.webui.keyword.internal.WebUIKeywordMain.stepFailed(WebUIKeywordMain.groovy:64)&#xa;	at com.kms.katalon.core.webui.keyword.internal.WebUIKeywordMain.runKeyword(WebUIKeywordMain.groovy:26)&#xa;	at com.kms.katalon.core.webui.keyword.builtin.ClickKeyword.click(ClickKeyword.groovy:74)&#xa;	at com.kms.katalon.core.webui.keyword.builtin.ClickKeyword.execute(ClickKeyword.groovy:40)&#xa;	at com.kms.katalon.core.keyword.internal.KeywordExecutor.executeKeywordForPlatform(KeywordExecutor.groovy:74)&#xa;	at com.kms.katalon.core.webui.keyword.WebUiBuiltInKeywords.click(WebUiBuiltInKeywords.groovy:659)&#xa;	at Katalon Cource enrol.run(Katalon Cource enrol:40)&#xa;	at com.kms.katalon.core.main.ScriptEngine.run(ScriptEngine.java:194)&#xa;	at com.kms.katalon.core.main.ScriptEngine.runScriptAsRawText(ScriptEngine.java:119)&#xa;	at com.kms.katalon.core.main.TestCaseExecutor.runScript(TestCaseExecutor.java:448)&#xa;	at com.kms.katalon.core.main.TestCaseExecutor.doExecute(TestCaseExecutor.java:439)&#xa;	at com.kms.katalon.core.main.TestCaseExecutor.processExecutionPhase(TestCaseExecutor.java:418)&#xa;	at com.kms.katalon.core.main.TestCaseExecutor.accessMainPhase(TestCaseExecutor.java:410)&#xa;	at com.kms.katalon.core.main.TestCaseExecutor.execute(TestCaseExecutor.java:285)&#xa;	at com.kms.katalon.core.main.TestCaseExecutor.execute(TestCaseExecutor.java:369)&#xa;	at com.kms.katalon.core.main.TestCaseExecutor.execute(TestCaseExecutor.java:369)&#xa;	at com.kms.katalon.core.main.TestCaseExecutor.execute(TestCaseExecutor.java:369)&#xa;	at com.kms.katalon.core.common.CommonExecutor.accessTestCaseMainPhase(CommonExecutor.java:65)&#xa;	at com.kms.katalon.core.main.TestSuiteExecutor.accessTestSuiteMainPhase(TestSuiteExecutor.java:148)&#xa;	at com.kms.katalon.core.main.TestSuiteExecutor.execute(TestSuiteExecutor.java:106)&#xa;	at com.kms.katalon.core.main.TestCaseMain.startTestSuite(TestCaseMain.java:180)&#xa;	at TempTestSuite1706360858329.run(TempTestSuite1706360858329.groovy:36)&#xa;	at java.base/jdk.internal.reflect.NativeMethodAccessorImpl.invoke0(Native Method)&#xa;	at java.base/jdk.internal.reflect.NativeMethodAccessorImpl.invoke(NativeMethodAccessorImpl.java:77)&#xa;	at java.base/jdk.internal.reflect.DelegatingMethodAccessorImpl.invoke(DelegatingMethodAccessorImpl.java:43)&#xa;Caused by: org.openqa.selenium.ElementNotInteractableException: element not interactable&#xa;  (Session info: chrome=120.0.6099.225)&#xa;Build info: version: '3.141.59', revision: 'e82be7d358', time: '2018-11-14T08:25:53'&#xa;System info: host: 'UNITY_0008', ip: '192.168.1.5', os.name: 'Windows 11', os.arch: 'amd64', os.version: '10.0', java.version: '17.0.7'&#xa;Driver info: com.kms.katalon.selenium.driver.CChromeDriver&#xa;Capabilities {acceptInsecureCerts: false, browserName: chrome, browserVersion: 120.0.6099.225, chrome: {chromedriverVersion: 120.0.6099.71 (9729082fe617..., userDataDir: C:\Users\Guset\AppData\Loca...}, fedcm:accounts: true, goog:chromeOptions: {debuggerAddress: localhost:61813}, javascriptEnabled: true, networkConnectionEnabled: false, pageLoadStrategy: normal, platform: WINDOWS, platformName: WINDOWS, proxy: Proxy(), setWindowRect: true, strictFileInteractability: false, timeouts: {implicit: 0, pageLoad: 300000, script: 30000}, unhandledPromptBehavior: dismiss and notify, webauthn:extension:credBlob: true, webauthn:extension:largeBlob: true, webauthn:extension:minPinLength: true, webauthn:extension:prf: true, webauthn:virtualAuthenticators: true}&#xa;Session ID: 9a5ea4f6552749dbc1872ea2ebab089a&#xa;	at java.base/jdk.internal.reflect.NativeConstructorAccessorImpl.newInstance0(Native Method)&#xa;	at java.base/jdk.internal.reflect.NativeConstructorAccessorImpl.newInstance(NativeConstructorAccessorImpl.java:77)&#xa;	at java.base/jdk.internal.reflect.DelegatingConstructorAccessorImpl.newInstance(DelegatingConstructorAccessorImpl.java:45)&#xa;	at org.openqa.selenium.remote.http.W3CHttpResponseCodec.createException(W3CHttpResponseCodec.java:187)&#xa;	at org.openqa.selenium.remote.http.W3CHttpResponseCodec.decode(W3CHttpResponseCodec.java:122)&#xa;	at org.openqa.selenium.remote.http.W3CHttpResponseCodec.decode(W3CHttpResponseCodec.java:49)&#xa;	at org.openqa.selenium.remote.HttpCommandExecutor.execute(HttpCommandExecutor.java:158)&#xa;	at org.openqa.selenium.remote.service.DriverCommandExecutor.execute(DriverCommandExecutor.java:83)&#xa;	at org.openqa.selenium.remote.RemoteWebDriver.execute(RemoteWebDriver.java:552)&#xa;	at com.kms.katalon.selenium.driver.CChromeDriver.execute(CChromeDriver.java:19)&#xa;	at org.openqa.selenium.remote.RemoteWebElement.execute(RemoteWebElement.java:285)&#xa;	at org.openqa.selenium.remote.RemoteWebElement.click(RemoteWebElement.java:84)&#xa;	at jdk.internal.reflect.GeneratedMethodAccessor13.invoke(Unknown Source)&#xa;	at java.base/jdk.internal.reflect.DelegatingMethodAccessorImpl.invoke(DelegatingMethodAccessorImpl.java:43)&#xa;	at org.openqa.selenium.support.events.EventFiringWebDriver$EventFiringWebElement.lambda$new$0(EventFiringWebDriver.java:404)&#xa;	at jdk.proxy2/jdk.proxy2.$Proxy24.click(Unknown Source)&#xa;	at org.openqa.selenium.support.events.EventFiringWebDriver$EventFiringWebElement.click(EventFiringWebDriver.java:417)&#xa;	at org.openqa.selenium.WebElement$click.call(Unknown Source)&#xa;	at com.kms.katalon.core.webui.keyword.builtin.ClickKeyword.clickUntilSuccessWithTimeout(ClickKeyword.groovy:81)&#xa;	at com.kms.katalon.core.webui.keyword.builtin.ClickKeyword.clickUntilSuccessWithTimeout(ClickKeyword.groovy)&#xa;	at jdk.internal.reflect.GeneratedMethodAccessor22.invoke(Unknown Source)&#xa;	at java.base/jdk.internal.reflect.DelegatingMethodAccessorImpl.invoke(DelegatingMethodAccessorImpl.java:43)&#xa;	at com.kms.katalon.core.webui.keyword.builtin.ClickKeyword$_click_closure1.doCall(ClickKeyword.groovy:67)&#xa;	at com.kms.katalon.core.webui.keyword.builtin.ClickKeyword$_click_closure1.call(ClickKeyword.groovy)&#xa;	at com.kms.katalon.core.webui.keyword.internal.WebUIKeywordMain.runKeyword(WebUIKeywordMain.groovy:20)&#xa;	... 23 more&#xa;"/>
         <system-out><![CDATA[27-01-2024T18:50:46 - [TEST_CASE][FAILED] - Test Cases/Katalon Cource enrol: Test Cases/Katalon Cource enrol FAILED.
Reason:
com.kms.katalon.core.exception.StepFailedException: Unable to click on object 'Object Repository/Katalon/Page_Courses - Katalon Academy/Page_Sign in  Katalon Software Quality Mana_cfddb7/Page_Courses - Katalon Academy/a_Enroll Now'
	at com.kms.katalon.core.webui.keyword.internal.WebUIKeywordMain.stepFailed(WebUIKeywordMain.groovy:64)
	at com.kms.katalon.core.webui.keyword.internal.WebUIKeywordMain.runKeyword(WebUIKeywordMain.groovy:26)
	at com.kms.katalon.core.webui.keyword.builtin.ClickKeyword.click(ClickKeyword.groovy:74)
	at com.kms.katalon.core.webui.keyword.builtin.ClickKeyword.execute(ClickKeyword.groovy:40)
	at com.kms.katalon.core.keyword.internal.KeywordExecutor.executeKeywordForPlatform(KeywordExecutor.groovy:74)
	at com.kms.katalon.core.webui.keyword.WebUiBuiltInKeywords.click(WebUiBuiltInKeywords.groovy:659)
	at Katalon Cource enrol.run(Katalon Cource enrol:40)
	at com.kms.katalon.core.main.ScriptEngine.run(ScriptEngine.java:194)
	at com.kms.katalon.core.main.ScriptEngine.runScriptAsRawText(ScriptEngine.java:119)
	at com.kms.katalon.core.main.TestCaseExecutor.runScript(TestCaseExecutor.java:448)
	at com.kms.katalon.core.main.TestCaseExecutor.doExecute(TestCaseExecutor.java:439)
	at com.kms.katalon.core.main.TestCaseExecutor.processExecutionPhase(TestCaseExecutor.java:418)
	at com.kms.katalon.core.main.TestCaseExecutor.accessMainPhase(TestCaseExecutor.java:410)
	at com.kms.katalon.core.main.TestCaseExecutor.execute(TestCaseExecutor.java:285)
	at com.kms.katalon.core.main.TestCaseExecutor.execute(TestCaseExecutor.java:369)
	at com.kms.katalon.core.main.TestCaseExecutor.execute(TestCaseExecutor.java:369)
	at com.kms.katalon.core.main.TestCaseExecutor.execute(TestCaseExecutor.java:369)
	at com.kms.katalon.core.common.CommonExecutor.accessTestCaseMainPhase(CommonExecutor.java:65)
	at com.kms.katalon.core.main.TestSuiteExecutor.accessTestSuiteMainPhase(TestSuiteExecutor.java:148)
	at com.kms.katalon.core.main.TestSuiteExecutor.execute(TestSuiteExecutor.java:106)
	at com.kms.katalon.core.main.TestCaseMain.startTestSuite(TestCaseMain.java:180)
	at TempTestSuite1706360858329.run(TempTestSuite1706360858329.groovy:36)
	at java.base/jdk.internal.reflect.NativeMethodAccessorImpl.invoke0(Native Method)
	at java.base/jdk.internal.reflect.NativeMethodAccessorImpl.invoke(NativeMethodAccessorImpl.java:77)
	at java.base/jdk.internal.reflect.DelegatingMethodAccessorImpl.invoke(DelegatingMethodAccessorImpl.java:43)
Caused by: org.openqa.selenium.ElementNotInteractableException: element not interactable
  (Session info: chrome=120.0.6099.225)
Build info: version: '3.141.59', revision: 'e82be7d358', time: '2018-11-14T08:25:53'
System info: host: 'UNITY_0008', ip: '192.168.1.5', os.name: 'Windows 11', os.arch: 'amd64', os.version: '10.0', java.version: '17.0.7'
Driver info: com.kms.katalon.selenium.driver.CChromeDriver
Capabilities {acceptInsecureCerts: false, browserName: chrome, browserVersion: 120.0.6099.225, chrome: {chromedriverVersion: 120.0.6099.71 (9729082fe617..., userDataDir: C:\Users\Guset\AppData\Loca...}, fedcm:accounts: true, goog:chromeOptions: {debuggerAddress: localhost:61813}, javascriptEnabled: true, networkConnectionEnabled: false, pageLoadStrategy: normal, platform: WINDOWS, platformName: WINDOWS, proxy: Proxy(), setWindowRect: true, strictFileInteractability: false, timeouts: {implicit: 0, pageLoad: 300000, script: 30000}, unhandledPromptBehavior: dismiss and notify, webauthn:extension:credBlob: true, webauthn:extension:largeBlob: true, webauthn:extension:minPinLength: true, webauthn:extension:prf: true, webauthn:virtualAuthenticators: true}
Session ID: 9a5ea4f6552749dbc1872ea2ebab089a
	at java.base/jdk.internal.reflect.NativeConstructorAccessorImpl.newInstance0(Native Method)
	at java.base/jdk.internal.reflect.NativeConstructorAccessorImpl.newInstance(NativeConstructorAccessorImpl.java:77)
	at java.base/jdk.internal.reflect.DelegatingConstructorAccessorImpl.newInstance(DelegatingConstructorAccessorImpl.java:45)
	at org.openqa.selenium.remote.http.W3CHttpResponseCodec.createException(W3CHttpResponseCodec.java:187)
	at org.openqa.selenium.remote.http.W3CHttpResponseCodec.decode(W3CHttpResponseCodec.java:122)
	at org.openqa.selenium.remote.http.W3CHttpResponseCodec.decode(W3CHttpResponseCodec.java:49)
	at org.openqa.selenium.remote.HttpCommandExecutor.execute(HttpCommandExecutor.java:158)
	at org.openqa.selenium.remote.service.DriverCommandExecutor.execute(DriverCommandExecutor.java:83)
	at org.openqa.selenium.remote.RemoteWebDriver.execute(RemoteWebDriver.java:552)
	at com.kms.katalon.selenium.driver.CChromeDriver.execute(CChromeDriver.java:19)
	at org.openqa.selenium.remote.RemoteWebElement.execute(RemoteWebElement.java:285)
	at org.openqa.selenium.remote.RemoteWebElement.click(RemoteWebElement.java:84)
	at jdk.internal.reflect.GeneratedMethodAccessor13.invoke(Unknown Source)
	at java.base/jdk.internal.reflect.DelegatingMethodAccessorImpl.invoke(DelegatingMethodAccessorImpl.java:43)
	at org.openqa.selenium.support.events.EventFiringWebDriver$EventFiringWebElement.lambda$new$0(EventFiringWebDriver.java:404)
	at jdk.proxy2/jdk.proxy2.$Proxy24.click(Unknown Source)
	at org.openqa.selenium.support.events.EventFiringWebDriver$EventFiringWebElement.click(EventFiringWebDriver.java:417)
	at org.openqa.selenium.WebElement$click.call(Unknown Source)
	at com.kms.katalon.core.webui.keyword.builtin.ClickKeyword.clickUntilSuccessWithTimeout(ClickKeyword.groovy:81)
	at com.kms.katalon.core.webui.keyword.builtin.ClickKeyword.clickUntilSuccessWithTimeout(ClickKeyword.groovy)
	at jdk.internal.reflect.GeneratedMethodAccessor22.invoke(Unknown Source)
	at java.base/jdk.internal.reflect.DelegatingMethodAccessorImpl.invoke(DelegatingMethodAccessorImpl.java:43)
	at com.kms.katalon.core.webui.keyword.builtin.ClickKeyword$_click_closure1.doCall(ClickKeyword.groovy:67)
	at com.kms.katalon.core.webui.keyword.builtin.ClickKeyword$_click_closure1.call(ClickKeyword.groovy)
	at com.kms.katalon.core.webui.keyword.internal.WebUIKeywordMain.runKeyword(WebUIKeywordMain.groovy:20)
	... 23 more


27-01-2024T18:50:47 - [TEST_STEP][PASSED] - openBrowser(""): Browser is opened with url: ''

27-01-2024T18:50:47 - [MESSAGE][WARNING] - A browser is already opened. Closing browser and opening a new one

27-01-2024T18:50:47 - [MESSAGE][INFO] - Starting 'Chrome' driver

27-01-2024T18:50:47 - [MESSAGE][INFO] - Action delay is set to 0 milliseconds

27-01-2024T18:50:48 - [MESSAGE][PASSED] - Browser is opened with url: ''

27-01-2024T18:50:48 - [TEST_STEP][PASSED] - maximizeWindow(): Current window maximized

27-01-2024T18:50:48 - [MESSAGE][PASSED] - Current window maximized

27-01-2024T18:50:48 - [TEST_STEP][PASSED] - navigateToUrl("https://academy.katalon.com/"): Navigate to 'https://academy.katalon.com/' successfully

27-01-2024T18:50:54 - [MESSAGE][PASSED] - Navigate to 'https://academy.katalon.com/' successfully

27-01-2024T18:50:54 - [TEST_STEP][PASSED] - click(findTestObject("Object Repository/Katalon/Page_Courses - Katalon Academy/Page_Sign in  Katalon Software Quality Mana_cfddb7/Page_Katalon Academy - Automation Testing C_4c4a56/a_Log in")): Object: 'Object Repository/Katalon/Page_Courses - Katalon Academy/Page_Sign in  Katalon Software Quality Mana_cfddb7/Page_Katalon Academy - Automation Testing C_4c4a56/a_Log in' is clicked on

27-01-2024T18:50:59 - [MESSAGE][PASSED] - Object: 'Object Repository/Katalon/Page_Courses - Katalon Academy/Page_Sign in  Katalon Software Quality Mana_cfddb7/Page_Katalon Academy - Automation Testing C_4c4a56/a_Log in' is clicked on

27-01-2024T18:50:59 - [TEST_STEP][PASSED] - click(findTestObject("Object Repository/Katalon/Page_Courses - Katalon Academy/Page_Sign in  Katalon Software Quality Mana_cfddb7/Page_Sign in  Katalon Software Quality Mana_cfddb7/div_Continue with email")): Object: 'Object Repository/Katalon/Page_Courses - Katalon Academy/Page_Sign in  Katalon Software Quality Mana_cfddb7/Page_Sign in  Katalon Software Quality Mana_cfddb7/div_Continue with email' is clicked on

27-01-2024T18:51:01 - [MESSAGE][PASSED] - Object: 'Object Repository/Katalon/Page_Courses - Katalon Academy/Page_Sign in  Katalon Software Quality Mana_cfddb7/Page_Sign in  Katalon Software Quality Mana_cfddb7/div_Continue with email' is clicked on

27-01-2024T18:51:01 - [TEST_STEP][PASSED] - setText(findTestObject("Object Repository/Katalon/Page_Courses - Katalon Academy/Page_Sign in  Katalon Software Quality Mana_cfddb7/Page_Sign in  Katalon Software Quality Mana_cfddb7/input_username"), "mkrajput1524@gmail.com"): Text 'mkrajput1524@gmail.com' is set on object 'Object Repository/Katalon/Page_Courses - Katalon Academy/Page_Sign in  Katalon Software Quality Mana_cfddb7/Page_Sign in  Katalon Software Quality Mana_cfddb7/input_username'

27-01-2024T18:51:02 - [MESSAGE][PASSED] - Text 'mkrajput1524@gmail.com' is set on object 'Object Repository/Katalon/Page_Courses - Katalon Academy/Page_Sign in  Katalon Software Quality Mana_cfddb7/Page_Sign in  Katalon Software Quality Mana_cfddb7/input_username'

27-01-2024T18:51:02 - [TEST_STEP][PASSED] - setEncryptedText(findTestObject("Object Repository/Katalon/Page_Courses - Katalon Academy/Page_Sign in  Katalon Software Quality Mana_cfddb7/Page_Sign in  Katalon Software Quality Mana_cfddb7/input_password"), "GTlPq8sqzIAVcUdIXgqPeg=="): Text ****** has been set on object 'Object Repository/Katalon/Page_Courses - Katalon Academy/Page_Sign in  Katalon Software Quality Mana_cfddb7/Page_Sign in  Katalon Software Quality Mana_cfddb7/input_password'

27-01-2024T18:51:02 - [MESSAGE][PASSED] - Text ****** has been set on object 'Object Repository/Katalon/Page_Courses - Katalon Academy/Page_Sign in  Katalon Software Quality Mana_cfddb7/Page_Sign in  Katalon Software Quality Mana_cfddb7/input_password'

27-01-2024T18:51:02 - [TEST_STEP][PASSED] - click(findTestObject("Object Repository/Katalon/Page_Courses - Katalon Academy/Page_Sign in  Katalon Software Quality Mana_cfddb7/Page_Sign in  Katalon Software Quality Mana_cfddb7/input_login")): Object: 'Object Repository/Katalon/Page_Courses - Katalon Academy/Page_Sign in  Katalon Software Quality Mana_cfddb7/Page_Sign in  Katalon Software Quality Mana_cfddb7/input_login' is clicked on

27-01-2024T18:51:05 - [MESSAGE][PASSED] - Object: 'Object Repository/Katalon/Page_Courses - Katalon Academy/Page_Sign in  Katalon Software Quality Mana_cfddb7/Page_Sign in  Katalon Software Quality Mana_cfddb7/input_login' is clicked on

27-01-2024T18:51:05 - [TEST_STEP][PASSED] - click(findTestObject("Object Repository/Katalon/Page_Courses - Katalon Academy/Page_Sign in  Katalon Software Quality Mana_cfddb7/Page_Katalon Academy - Automation Testing C_4c4a56/a_Courses")): Object: 'Object Repository/Katalon/Page_Courses - Katalon Academy/Page_Sign in  Katalon Software Quality Mana_cfddb7/Page_Katalon Academy - Automation Testing C_4c4a56/a_Courses' is clicked on

27-01-2024T18:51:08 - [MESSAGE][PASSED] - Object: 'Object Repository/Katalon/Page_Courses - Katalon Academy/Page_Sign in  Katalon Software Quality Mana_cfddb7/Page_Katalon Academy - Automation Testing C_4c4a56/a_Courses' is clicked on

27-01-2024T18:51:08 - [TEST_STEP][FAILED] - click(findTestObject("Object Repository/Katalon/Page_Courses - Katalon Academy/Page_Sign in  Katalon Software Quality Mana_cfddb7/Page_Courses - Katalon Academy/a_Enroll Now")): Unable to click on object 'Object Repository/Katalon/Page_Courses - Katalon Academy/Page_Sign in  Katalon Software Quality Mana_cfddb7/Page_Courses - Katalon Academy/a_Enroll Now' (Root cause: com.kms.katalon.core.exception.StepFailedException: Unable to click on object 'Object Repository/Katalon/Page_Courses - Katalon Academy/Page_Sign in  Katalon Software Quality Mana_cfddb7/Page_Courses - Katalon Academy/a_Enroll Now'
	at com.kms.katalon.core.webui.keyword.internal.WebUIKeywordMain.stepFailed(WebUIKeywordMain.groovy:64)
	at com.kms.katalon.core.webui.keyword.internal.WebUIKeywordMain.runKeyword(WebUIKeywordMain.groovy:26)
	at com.kms.katalon.core.webui.keyword.builtin.ClickKeyword.click(ClickKeyword.groovy:74)
	at com.kms.katalon.core.webui.keyword.builtin.ClickKeyword.execute(ClickKeyword.groovy:40)
	at com.kms.katalon.core.keyword.internal.KeywordExecutor.executeKeywordForPlatform(KeywordExecutor.groovy:74)
	at com.kms.katalon.core.webui.keyword.WebUiBuiltInKeywords.click(WebUiBuiltInKeywords.groovy:659)
	at Katalon Cource enrol.run(Katalon Cource enrol:40)
	at com.kms.katalon.core.main.ScriptEngine.run(ScriptEngine.java:194)
	at com.kms.katalon.core.main.ScriptEngine.runScriptAsRawText(ScriptEngine.java:119)
	at com.kms.katalon.core.main.TestCaseExecutor.runScript(TestCaseExecutor.java:448)
	at com.kms.katalon.core.main.TestCaseExecutor.doExecute(TestCaseExecutor.java:439)
	at com.kms.katalon.core.main.TestCaseExecutor.processExecutionPhase(TestCaseExecutor.java:418)
	at com.kms.katalon.core.main.TestCaseExecutor.accessMainPhase(TestCaseExecutor.java:410)
	at com.kms.katalon.core.main.TestCaseExecutor.execute(TestCaseExecutor.java:285)
	at com.kms.katalon.core.main.TestCaseExecutor.execute(TestCaseExecutor.java:369)
	at com.kms.katalon.core.main.TestCaseExecutor.execute(TestCaseExecutor.java:369)
	at com.kms.katalon.core.main.TestCaseExecutor.execute(TestCaseExecutor.java:369)
	at com.kms.katalon.core.common.CommonExecutor.accessTestCaseMainPhase(CommonExecutor.java:65)
	at com.kms.katalon.core.main.TestSuiteExecutor.accessTestSuiteMainPhase(TestSuiteExecutor.java:148)
	at com.kms.katalon.core.main.TestSuiteExecutor.execute(TestSuiteExecutor.java:106)
	at com.kms.katalon.core.main.TestCaseMain.startTestSuite(TestCaseMain.java:180)
	at TempTestSuite1706360858329.run(TempTestSuite1706360858329.groovy:36)
	at java.base/jdk.internal.reflect.NativeMethodAccessorImpl.invoke0(Native Method)
	at java.base/jdk.internal.reflect.NativeMethodAccessorImpl.invoke(NativeMethodAccessorImpl.java:77)
	at java.base/jdk.internal.reflect.DelegatingMethodAccessorImpl.invoke(DelegatingMethodAccessorImpl.java:43)
Caused by: org.openqa.selenium.ElementNotInteractableException: element not interactable
  (Session info: chrome=120.0.6099.225)
Build info: version: '3.141.59', revision: 'e82be7d358', time: '2018-11-14T08:25:53'
System info: host: 'UNITY_0008', ip: '192.168.1.5', os.name: 'Windows 11', os.arch: 'amd64', os.version: '10.0', java.version: '17.0.7'
Driver info: com.kms.katalon.selenium.driver.CChromeDriver
Capabilities {acceptInsecureCerts: false, browserName: chrome, browserVersion: 120.0.6099.225, chrome: {chromedriverVersion: 120.0.6099.71 (9729082fe617..., userDataDir: C:\Users\Guset\AppData\Loca...}, fedcm:accounts: true, goog:chromeOptions: {debuggerAddress: localhost:61813}, javascriptEnabled: true, networkConnectionEnabled: false, pageLoadStrategy: normal, platform: WINDOWS, platformName: WINDOWS, proxy: Proxy(), setWindowRect: true, strictFileInteractability: false, timeouts: {implicit: 0, pageLoad: 300000, script: 30000}, unhandledPromptBehavior: dismiss and notify, webauthn:extension:credBlob: true, webauthn:extension:largeBlob: true, webauthn:extension:minPinLength: true, webauthn:extension:prf: true, webauthn:virtualAuthenticators: true}
Session ID: 9a5ea4f6552749dbc1872ea2ebab089a
	at java.base/jdk.internal.reflect.NativeConstructorAccessorImpl.newInstance0(Native Method)
	at java.base/jdk.internal.reflect.NativeConstructorAccessorImpl.newInstance(NativeConstructorAccessorImpl.java:77)
	at java.base/jdk.internal.reflect.DelegatingConstructorAccessorImpl.newInstance(DelegatingConstructorAccessorImpl.java:45)
	at org.openqa.selenium.remote.http.W3CHttpResponseCodec.createException(W3CHttpResponseCodec.java:187)
	at org.openqa.selenium.remote.http.W3CHttpResponseCodec.decode(W3CHttpResponseCodec.java:122)
	at org.openqa.selenium.remote.http.W3CHttpResponseCodec.decode(W3CHttpResponseCodec.java:49)
	at org.openqa.selenium.remote.HttpCommandExecutor.execute(HttpCommandExecutor.java:158)
	at org.openqa.selenium.remote.service.DriverCommandExecutor.execute(DriverCommandExecutor.java:83)
	at org.openqa.selenium.remote.RemoteWebDriver.execute(RemoteWebDriver.java:552)
	at com.kms.katalon.selenium.driver.CChromeDriver.execute(CChromeDriver.java:19)
	at org.openqa.selenium.remote.RemoteWebElement.execute(RemoteWebElement.java:285)
	at org.openqa.selenium.remote.RemoteWebElement.click(RemoteWebElement.java:84)
	at jdk.internal.reflect.GeneratedMethodAccessor13.invoke(Unknown Source)
	at java.base/jdk.internal.reflect.DelegatingMethodAccessorImpl.invoke(DelegatingMethodAccessorImpl.java:43)
	at org.openqa.selenium.support.events.EventFiringWebDriver$EventFiringWebElement.lambda$new$0(EventFiringWebDriver.java:404)
	at jdk.proxy2/jdk.proxy2.$Proxy24.click(Unknown Source)
	at org.openqa.selenium.support.events.EventFiringWebDriver$EventFiringWebElement.click(EventFiringWebDriver.java:417)
	at org.openqa.selenium.WebElement$click.call(Unknown Source)
	at com.kms.katalon.core.webui.keyword.builtin.ClickKeyword.clickUntilSuccessWithTimeout(ClickKeyword.groovy:81)
	at com.kms.katalon.core.webui.keyword.builtin.ClickKeyword.clickUntilSuccessWithTimeout(ClickKeyword.groovy)
	at jdk.internal.reflect.GeneratedMethodAccessor22.invoke(Unknown Source)
	at java.base/jdk.internal.reflect.DelegatingMethodAccessorImpl.invoke(DelegatingMethodAccessorImpl.java:43)
	at com.kms.katalon.core.webui.keyword.builtin.ClickKeyword$_click_closure1.doCall(ClickKeyword.groovy:67)
	at com.kms.katalon.core.webui.keyword.builtin.ClickKeyword$_click_closure1.call(ClickKeyword.groovy)
	at com.kms.katalon.core.webui.keyword.internal.WebUIKeywordMain.runKeyword(WebUIKeywordMain.groovy:20)
	at com.kms.katalon.core.webui.keyword.builtin.ClickKeyword.click(ClickKeyword.groovy:74)
	at com.kms.katalon.core.webui.keyword.builtin.ClickKeyword.execute(ClickKeyword.groovy:40)
	at com.kms.katalon.core.keyword.internal.KeywordExecutor.executeKeywordForPlatform(KeywordExecutor.groovy:74)
	at com.kms.katalon.core.webui.keyword.WebUiBuiltInKeywords.click(WebUiBuiltInKeywords.groovy:659)
	at Script1706356692588.run(Script1706356692588.groovy:40)
	... 18 more
)

27-01-2024T18:51:10 - [MESSAGE][FAILED] - Unable to click on object 'Object Repository/Katalon/Page_Courses - Katalon Academy/Page_Sign in  Katalon Software Quality Mana_cfddb7/Page_Courses - Katalon Academy/a_Enroll Now' (Root cause: com.kms.katalon.core.exception.StepFailedException: Unable to click on object 'Object Repository/Katalon/Page_Courses - Katalon Academy/Page_Sign in  Katalon Software Quality Mana_cfddb7/Page_Courses - Katalon Academy/a_Enroll Now'
	at com.kms.katalon.core.webui.keyword.internal.WebUIKeywordMain.stepFailed(WebUIKeywordMain.groovy:64)
	at com.kms.katalon.core.webui.keyword.internal.WebUIKeywordMain.runKeyword(WebUIKeywordMain.groovy:26)
	at com.kms.katalon.core.webui.keyword.builtin.ClickKeyword.click(ClickKeyword.groovy:74)
	at com.kms.katalon.core.webui.keyword.builtin.ClickKeyword.execute(ClickKeyword.groovy:40)
	at com.kms.katalon.core.keyword.internal.KeywordExecutor.executeKeywordForPlatform(KeywordExecutor.groovy:74)
	at com.kms.katalon.core.webui.keyword.WebUiBuiltInKeywords.click(WebUiBuiltInKeywords.groovy:659)
	at Katalon Cource enrol.run(Katalon Cource enrol:40)
	at com.kms.katalon.core.main.ScriptEngine.run(ScriptEngine.java:194)
	at com.kms.katalon.core.main.ScriptEngine.runScriptAsRawText(ScriptEngine.java:119)
	at com.kms.katalon.core.main.TestCaseExecutor.runScript(TestCaseExecutor.java:448)
	at com.kms.katalon.core.main.TestCaseExecutor.doExecute(TestCaseExecutor.java:439)
	at com.kms.katalon.core.main.TestCaseExecutor.processExecutionPhase(TestCaseExecutor.java:418)
	at com.kms.katalon.core.main.TestCaseExecutor.accessMainPhase(TestCaseExecutor.java:410)
	at com.kms.katalon.core.main.TestCaseExecutor.execute(TestCaseExecutor.java:285)
	at com.kms.katalon.core.main.TestCaseExecutor.execute(TestCaseExecutor.java:369)
	at com.kms.katalon.core.main.TestCaseExecutor.execute(TestCaseExecutor.java:369)
	at com.kms.katalon.core.main.TestCaseExecutor.execute(TestCaseExecutor.java:369)
	at com.kms.katalon.core.common.CommonExecutor.accessTestCaseMainPhase(CommonExecutor.java:65)
	at com.kms.katalon.core.main.TestSuiteExecutor.accessTestSuiteMainPhase(TestSuiteExecutor.java:148)
	at com.kms.katalon.core.main.TestSuiteExecutor.execute(TestSuiteExecutor.java:106)
	at com.kms.katalon.core.main.TestCaseMain.startTestSuite(TestCaseMain.java:180)
	at TempTestSuite1706360858329.run(TempTestSuite1706360858329.groovy:36)
	at java.base/jdk.internal.reflect.NativeMethodAccessorImpl.invoke0(Native Method)
	at java.base/jdk.internal.reflect.NativeMethodAccessorImpl.invoke(NativeMethodAccessorImpl.java:77)
	at java.base/jdk.internal.reflect.DelegatingMethodAccessorImpl.invoke(DelegatingMethodAccessorImpl.java:43)
Caused by: org.openqa.selenium.ElementNotInteractableException: element not interactable
  (Session info: chrome=120.0.6099.225)
Build info: version: '3.141.59', revision: 'e82be7d358', time: '2018-11-14T08:25:53'
System info: host: 'UNITY_0008', ip: '192.168.1.5', os.name: 'Windows 11', os.arch: 'amd64', os.version: '10.0', java.version: '17.0.7'
Driver info: com.kms.katalon.selenium.driver.CChromeDriver
Capabilities {acceptInsecureCerts: false, browserName: chrome, browserVersion: 120.0.6099.225, chrome: {chromedriverVersion: 120.0.6099.71 (9729082fe617..., userDataDir: C:\Users\Guset\AppData\Loca...}, fedcm:accounts: true, goog:chromeOptions: {debuggerAddress: localhost:61813}, javascriptEnabled: true, networkConnectionEnabled: false, pageLoadStrategy: normal, platform: WINDOWS, platformName: WINDOWS, proxy: Proxy(), setWindowRect: true, strictFileInteractability: false, timeouts: {implicit: 0, pageLoad: 300000, script: 30000}, unhandledPromptBehavior: dismiss and notify, webauthn:extension:credBlob: true, webauthn:extension:largeBlob: true, webauthn:extension:minPinLength: true, webauthn:extension:prf: true, webauthn:virtualAuthenticators: true}
Session ID: 9a5ea4f6552749dbc1872ea2ebab089a
	at java.base/jdk.internal.reflect.NativeConstructorAccessorImpl.newInstance0(Native Method)
	at java.base/jdk.internal.reflect.NativeConstructorAccessorImpl.newInstance(NativeConstructorAccessorImpl.java:77)
	at java.base/jdk.internal.reflect.DelegatingConstructorAccessorImpl.newInstance(DelegatingConstructorAccessorImpl.java:45)
	at org.openqa.selenium.remote.http.W3CHttpResponseCodec.createException(W3CHttpResponseCodec.java:187)
	at org.openqa.selenium.remote.http.W3CHttpResponseCodec.decode(W3CHttpResponseCodec.java:122)
	at org.openqa.selenium.remote.http.W3CHttpResponseCodec.decode(W3CHttpResponseCodec.java:49)
	at org.openqa.selenium.remote.HttpCommandExecutor.execute(HttpCommandExecutor.java:158)
	at org.openqa.selenium.remote.service.DriverCommandExecutor.execute(DriverCommandExecutor.java:83)
	at org.openqa.selenium.remote.RemoteWebDriver.execute(RemoteWebDriver.java:552)
	at com.kms.katalon.selenium.driver.CChromeDriver.execute(CChromeDriver.java:19)
	at org.openqa.selenium.remote.RemoteWebElement.execute(RemoteWebElement.java:285)
	at org.openqa.selenium.remote.RemoteWebElement.click(RemoteWebElement.java:84)
	at jdk.internal.reflect.GeneratedMethodAccessor13.invoke(Unknown Source)
	at java.base/jdk.internal.reflect.DelegatingMethodAccessorImpl.invoke(DelegatingMethodAccessorImpl.java:43)
	at org.openqa.selenium.support.events.EventFiringWebDriver$EventFiringWebElement.lambda$new$0(EventFiringWebDriver.java:404)
	at jdk.proxy2/jdk.proxy2.$Proxy24.click(Unknown Source)
	at org.openqa.selenium.support.events.EventFiringWebDriver$EventFiringWebElement.click(EventFiringWebDriver.java:417)
	at org.openqa.selenium.WebElement$click.call(Unknown Source)
	at com.kms.katalon.core.webui.keyword.builtin.ClickKeyword.clickUntilSuccessWithTimeout(ClickKeyword.groovy:81)
	at com.kms.katalon.core.webui.keyword.builtin.ClickKeyword.clickUntilSuccessWithTimeout(ClickKeyword.groovy)
	at jdk.internal.reflect.GeneratedMethodAccessor22.invoke(Unknown Source)
	at java.base/jdk.internal.reflect.DelegatingMethodAccessorImpl.invoke(DelegatingMethodAccessorImpl.java:43)
	at com.kms.katalon.core.webui.keyword.builtin.ClickKeyword$_click_closure1.doCall(ClickKeyword.groovy:67)
	at com.kms.katalon.core.webui.keyword.builtin.ClickKeyword$_click_closure1.call(ClickKeyword.groovy)
	at com.kms.katalon.core.webui.keyword.internal.WebUIKeywordMain.runKeyword(WebUIKeywordMain.groovy:20)
	at com.kms.katalon.core.webui.keyword.builtin.ClickKeyword.click(ClickKeyword.groovy:74)
	at com.kms.katalon.core.webui.keyword.builtin.ClickKeyword.execute(ClickKeyword.groovy:40)
	at com.kms.katalon.core.keyword.internal.KeywordExecutor.executeKeywordForPlatform(KeywordExecutor.groovy:74)
	at com.kms.katalon.core.webui.keyword.WebUiBuiltInKeywords.click(WebUiBuiltInKeywords.groovy:659)
	at Script1706356692588.run(Script1706356692588.groovy:40)
	... 18 more
)
[[ATTACHMENT|C:\\Users\\Guset\\git\\cool1\\cool1\\Reports\\20240127_183738\\Test Suite 3\\20240127_183738\\1706361670358.png]]]]></system-out>
         <system-err><![CDATA[27-01-2024T18:50:46 - [TEST_CASE][FAILED] - Test Cases/Katalon Cource enrol: Test Cases/Katalon Cource enrol FAILED.
Reason:
com.kms.katalon.core.exception.StepFailedException: Unable to click on object 'Object Repository/Katalon/Page_Courses - Katalon Academy/Page_Sign in  Katalon Software Quality Mana_cfddb7/Page_Courses - Katalon Academy/a_Enroll Now'
	at com.kms.katalon.core.webui.keyword.internal.WebUIKeywordMain.stepFailed(WebUIKeywordMain.groovy:64)
	at com.kms.katalon.core.webui.keyword.internal.WebUIKeywordMain.runKeyword(WebUIKeywordMain.groovy:26)
	at com.kms.katalon.core.webui.keyword.builtin.ClickKeyword.click(ClickKeyword.groovy:74)
	at com.kms.katalon.core.webui.keyword.builtin.ClickKeyword.execute(ClickKeyword.groovy:40)
	at com.kms.katalon.core.keyword.internal.KeywordExecutor.executeKeywordForPlatform(KeywordExecutor.groovy:74)
	at com.kms.katalon.core.webui.keyword.WebUiBuiltInKeywords.click(WebUiBuiltInKeywords.groovy:659)
	at Katalon Cource enrol.run(Katalon Cource enrol:40)
	at com.kms.katalon.core.main.ScriptEngine.run(ScriptEngine.java:194)
	at com.kms.katalon.core.main.ScriptEngine.runScriptAsRawText(ScriptEngine.java:119)
	at com.kms.katalon.core.main.TestCaseExecutor.runScript(TestCaseExecutor.java:448)
	at com.kms.katalon.core.main.TestCaseExecutor.doExecute(TestCaseExecutor.java:439)
	at com.kms.katalon.core.main.TestCaseExecutor.processExecutionPhase(TestCaseExecutor.java:418)
	at com.kms.katalon.core.main.TestCaseExecutor.accessMainPhase(TestCaseExecutor.java:410)
	at com.kms.katalon.core.main.TestCaseExecutor.execute(TestCaseExecutor.java:285)
	at com.kms.katalon.core.main.TestCaseExecutor.execute(TestCaseExecutor.java:369)
	at com.kms.katalon.core.main.TestCaseExecutor.execute(TestCaseExecutor.java:369)
	at com.kms.katalon.core.main.TestCaseExecutor.execute(TestCaseExecutor.java:369)
	at com.kms.katalon.core.common.CommonExecutor.accessTestCaseMainPhase(CommonExecutor.java:65)
	at com.kms.katalon.core.main.TestSuiteExecutor.accessTestSuiteMainPhase(TestSuiteExecutor.java:148)
	at com.kms.katalon.core.main.TestSuiteExecutor.execute(TestSuiteExecutor.java:106)
	at com.kms.katalon.core.main.TestCaseMain.startTestSuite(TestCaseMain.java:180)
	at TempTestSuite1706360858329.run(TempTestSuite1706360858329.groovy:36)
	at java.base/jdk.internal.reflect.NativeMethodAccessorImpl.invoke0(Native Method)
	at java.base/jdk.internal.reflect.NativeMethodAccessorImpl.invoke(NativeMethodAccessorImpl.java:77)
	at java.base/jdk.internal.reflect.DelegatingMethodAccessorImpl.invoke(DelegatingMethodAccessorImpl.java:43)
Caused by: org.openqa.selenium.ElementNotInteractableException: element not interactable
  (Session info: chrome=120.0.6099.225)
Build info: version: '3.141.59', revision: 'e82be7d358', time: '2018-11-14T08:25:53'
System info: host: 'UNITY_0008', ip: '192.168.1.5', os.name: 'Windows 11', os.arch: 'amd64', os.version: '10.0', java.version: '17.0.7'
Driver info: com.kms.katalon.selenium.driver.CChromeDriver
Capabilities {acceptInsecureCerts: false, browserName: chrome, browserVersion: 120.0.6099.225, chrome: {chromedriverVersion: 120.0.6099.71 (9729082fe617..., userDataDir: C:\Users\Guset\AppData\Loca...}, fedcm:accounts: true, goog:chromeOptions: {debuggerAddress: localhost:61813}, javascriptEnabled: true, networkConnectionEnabled: false, pageLoadStrategy: normal, platform: WINDOWS, platformName: WINDOWS, proxy: Proxy(), setWindowRect: true, strictFileInteractability: false, timeouts: {implicit: 0, pageLoad: 300000, script: 30000}, unhandledPromptBehavior: dismiss and notify, webauthn:extension:credBlob: true, webauthn:extension:largeBlob: true, webauthn:extension:minPinLength: true, webauthn:extension:prf: true, webauthn:virtualAuthenticators: true}
Session ID: 9a5ea4f6552749dbc1872ea2ebab089a
	at java.base/jdk.internal.reflect.NativeConstructorAccessorImpl.newInstance0(Native Method)
	at java.base/jdk.internal.reflect.NativeConstructorAccessorImpl.newInstance(NativeConstructorAccessorImpl.java:77)
	at java.base/jdk.internal.reflect.DelegatingConstructorAccessorImpl.newInstance(DelegatingConstructorAccessorImpl.java:45)
	at org.openqa.selenium.remote.http.W3CHttpResponseCodec.createException(W3CHttpResponseCodec.java:187)
	at org.openqa.selenium.remote.http.W3CHttpResponseCodec.decode(W3CHttpResponseCodec.java:122)
	at org.openqa.selenium.remote.http.W3CHttpResponseCodec.decode(W3CHttpResponseCodec.java:49)
	at org.openqa.selenium.remote.HttpCommandExecutor.execute(HttpCommandExecutor.java:158)
	at org.openqa.selenium.remote.service.DriverCommandExecutor.execute(DriverCommandExecutor.java:83)
	at org.openqa.selenium.remote.RemoteWebDriver.execute(RemoteWebDriver.java:552)
	at com.kms.katalon.selenium.driver.CChromeDriver.execute(CChromeDriver.java:19)
	at org.openqa.selenium.remote.RemoteWebElement.execute(RemoteWebElement.java:285)
	at org.openqa.selenium.remote.RemoteWebElement.click(RemoteWebElement.java:84)
	at jdk.internal.reflect.GeneratedMethodAccessor13.invoke(Unknown Source)
	at java.base/jdk.internal.reflect.DelegatingMethodAccessorImpl.invoke(DelegatingMethodAccessorImpl.java:43)
	at org.openqa.selenium.support.events.EventFiringWebDriver$EventFiringWebElement.lambda$new$0(EventFiringWebDriver.java:404)
	at jdk.proxy2/jdk.proxy2.$Proxy24.click(Unknown Source)
	at org.openqa.selenium.support.events.EventFiringWebDriver$EventFiringWebElement.click(EventFiringWebDriver.java:417)
	at org.openqa.selenium.WebElement$click.call(Unknown Source)
	at com.kms.katalon.core.webui.keyword.builtin.ClickKeyword.clickUntilSuccessWithTimeout(ClickKeyword.groovy:81)
	at com.kms.katalon.core.webui.keyword.builtin.ClickKeyword.clickUntilSuccessWithTimeout(ClickKeyword.groovy)
	at jdk.internal.reflect.GeneratedMethodAccessor22.invoke(Unknown Source)
	at java.base/jdk.internal.reflect.DelegatingMethodAccessorImpl.invoke(DelegatingMethodAccessorImpl.java:43)
	at com.kms.katalon.core.webui.keyword.builtin.ClickKeyword$_click_closure1.doCall(ClickKeyword.groovy:67)
	at com.kms.katalon.core.webui.keyword.builtin.ClickKeyword$_click_closure1.call(ClickKeyword.groovy)
	at com.kms.katalon.core.webui.keyword.internal.WebUIKeywordMain.runKeyword(WebUIKeywordMain.groovy:20)
	... 23 more]]></system-err>
      </testcase>
      <testcase name="Test Cases/Katalon Cources" time="24.432" classname="Test Cases/Katalon Cources" status="PASSED">
         <system-out><![CDATA[27-01-2024T18:51:10 - [TEST_CASE][PASSED] - Test Cases/Katalon Cources: Test Cases/Katalon Cources

27-01-2024T18:51:10 - [TEST_STEP][PASSED] - openBrowser(""): Browser is opened with url: ''

27-01-2024T18:51:10 - [MESSAGE][WARNING] - A browser is already opened. Closing browser and opening a new one

27-01-2024T18:51:10 - [MESSAGE][INFO] - Starting 'Chrome' driver

27-01-2024T18:51:10 - [MESSAGE][INFO] - Action delay is set to 0 milliseconds

27-01-2024T18:51:11 - [MESSAGE][PASSED] - Browser is opened with url: ''

27-01-2024T18:51:11 - [TEST_STEP][PASSED] - maximizeWindow(): Current window maximized

27-01-2024T18:51:11 - [MESSAGE][PASSED] - Current window maximized

27-01-2024T18:51:11 - [TEST_STEP][PASSED] - navigateToUrl("https://academy.katalon.com/"): Navigate to 'https://academy.katalon.com/' successfully

27-01-2024T18:51:18 - [MESSAGE][PASSED] - Navigate to 'https://academy.katalon.com/' successfully

27-01-2024T18:51:18 - [TEST_STEP][PASSED] - click(findTestObject("Object Repository/Katalon/Page_Katalon Academy - Automation Testing C_4c4a56/a_Log in")): Object: 'Object Repository/Katalon/Page_Katalon Academy - Automation Testing C_4c4a56/a_Log in' is clicked on

27-01-2024T18:51:22 - [MESSAGE][PASSED] - Object: 'Object Repository/Katalon/Page_Katalon Academy - Automation Testing C_4c4a56/a_Log in' is clicked on

27-01-2024T18:51:22 - [TEST_STEP][PASSED] - click(findTestObject("Object Repository/Katalon/Page_Sign in  Katalon Software Quality Mana_cfddb7/div_Continue with email")): Object: 'Object Repository/Katalon/Page_Sign in  Katalon Software Quality Mana_cfddb7/div_Continue with email' is clicked on

27-01-2024T18:51:24 - [MESSAGE][PASSED] - Object: 'Object Repository/Katalon/Page_Sign in  Katalon Software Quality Mana_cfddb7/div_Continue with email' is clicked on

27-01-2024T18:51:24 - [TEST_STEP][PASSED] - setText(findTestObject("Object Repository/Katalon/Page_Sign in  Katalon Software Quality Mana_cfddb7/input_username"), "mkrajput1524@gmail.com"): Text 'mkrajput1524@gmail.com' is set on object 'Object Repository/Katalon/Page_Sign in  Katalon Software Quality Mana_cfddb7/input_username'

27-01-2024T18:51:25 - [MESSAGE][PASSED] - Text 'mkrajput1524@gmail.com' is set on object 'Object Repository/Katalon/Page_Sign in  Katalon Software Quality Mana_cfddb7/input_username'

27-01-2024T18:51:25 - [TEST_STEP][PASSED] - setEncryptedText(findTestObject("Object Repository/Katalon/Page_Sign in  Katalon Software Quality Mana_cfddb7/input_password"), "GTlPq8sqzIAVcUdIXgqPeg=="): Text ****** has been set on object 'Object Repository/Katalon/Page_Sign in  Katalon Software Quality Mana_cfddb7/input_password'

27-01-2024T18:51:26 - [MESSAGE][PASSED] - Text ****** has been set on object 'Object Repository/Katalon/Page_Sign in  Katalon Software Quality Mana_cfddb7/input_password'

27-01-2024T18:51:26 - [TEST_STEP][PASSED] - click(findTestObject("Object Repository/Katalon/Page_Sign in  Katalon Software Quality Mana_cfddb7/input_login")): Object: 'Object Repository/Katalon/Page_Sign in  Katalon Software Quality Mana_cfddb7/input_login' is clicked on

27-01-2024T18:51:29 - [MESSAGE][PASSED] - Object: 'Object Repository/Katalon/Page_Sign in  Katalon Software Quality Mana_cfddb7/input_login' is clicked on

27-01-2024T18:51:29 - [TEST_STEP][PASSED] - click(findTestObject("Object Repository/Katalon/Page_Katalon Academy - Automation Testing C_4c4a56/a_Courses")): Object: 'Object Repository/Katalon/Page_Katalon Academy - Automation Testing C_4c4a56/a_Courses' is clicked on

27-01-2024T18:51:32 - [MESSAGE][PASSED] - Object: 'Object Repository/Katalon/Page_Katalon Academy - Automation Testing C_4c4a56/a_Courses' is clicked on

27-01-2024T18:51:32 - [TEST_STEP][PASSED] - click(findTestObject("Object Repository/Katalon/Page_Courses - Katalon Academy/h1_courses")): Object: 'Object Repository/Katalon/Page_Courses - Katalon Academy/h1_courses' is clicked on

27-01-2024T18:51:33 - [MESSAGE][PASSED] - Object: 'Object Repository/Katalon/Page_Courses - Katalon Academy/h1_courses' is clicked on

27-01-2024T18:51:33 - [TEST_STEP][PASSED] - closeBrowser(): Browser is closed

27-01-2024T18:51:34 - [MESSAGE][PASSED] - Browser is closed]]></system-out>
         <system-err><![CDATA[]]></system-err>
      </testcase>
      <testcase name="Test Cases/Katalon Profile edit" time="25.468" classname="Test Cases/Katalon Profile edit" status="PASSED">
         <system-out><![CDATA[27-01-2024T18:51:34 - [TEST_CASE][PASSED] - Test Cases/Katalon Profile edit: Test Cases/Katalon Profile edit

27-01-2024T18:51:35 - [TEST_STEP][PASSED] - openBrowser(""): Browser is opened with url: ''

27-01-2024T18:51:35 - [MESSAGE][INFO] - Starting 'Chrome' driver

27-01-2024T18:51:35 - [MESSAGE][INFO] - Action delay is set to 0 milliseconds

27-01-2024T18:51:35 - [MESSAGE][PASSED] - Browser is opened with url: ''

27-01-2024T18:51:35 - [TEST_STEP][PASSED] - maximizeWindow(): Current window maximized

27-01-2024T18:51:35 - [MESSAGE][PASSED] - Current window maximized

27-01-2024T18:51:35 - [TEST_STEP][PASSED] - navigateToUrl("https://academy.katalon.com/"): Navigate to 'https://academy.katalon.com/' successfully

27-01-2024T18:51:41 - [MESSAGE][PASSED] - Navigate to 'https://academy.katalon.com/' successfully

27-01-2024T18:51:41 - [TEST_STEP][PASSED] - click(findTestObject("Object Repository/Katalon/Page_Courses - Katalon Academy/Page_Katalon Academy - Automation Testing C_4c4a56/a_Log in")): Object: 'Object Repository/Katalon/Page_Courses - Katalon Academy/Page_Katalon Academy - Automation Testing C_4c4a56/a_Log in' is clicked on

27-01-2024T18:51:45 - [MESSAGE][PASSED] - Object: 'Object Repository/Katalon/Page_Courses - Katalon Academy/Page_Katalon Academy - Automation Testing C_4c4a56/a_Log in' is clicked on

27-01-2024T18:51:45 - [TEST_STEP][PASSED] - click(findTestObject("Object Repository/Katalon/Page_Courses - Katalon Academy/Page_Sign in  Katalon Software Quality Mana_cfddb7/div_Continue with email")): Object: 'Object Repository/Katalon/Page_Courses - Katalon Academy/Page_Sign in  Katalon Software Quality Mana_cfddb7/div_Continue with email' is clicked on

27-01-2024T18:51:47 - [MESSAGE][PASSED] - Object: 'Object Repository/Katalon/Page_Courses - Katalon Academy/Page_Sign in  Katalon Software Quality Mana_cfddb7/div_Continue with email' is clicked on

27-01-2024T18:51:47 - [TEST_STEP][PASSED] - setText(findTestObject("Object Repository/Katalon/Page_Courses - Katalon Academy/Page_Sign in  Katalon Software Quality Mana_cfddb7/input_username"), "mkrajput1524@gmail.com"): Text 'mkrajput1524@gmail.com' is set on object 'Object Repository/Katalon/Page_Courses - Katalon Academy/Page_Sign in  Katalon Software Quality Mana_cfddb7/input_username'

27-01-2024T18:51:48 - [MESSAGE][PASSED] - Text 'mkrajput1524@gmail.com' is set on object 'Object Repository/Katalon/Page_Courses - Katalon Academy/Page_Sign in  Katalon Software Quality Mana_cfddb7/input_username'

27-01-2024T18:51:48 - [TEST_STEP][PASSED] - setEncryptedText(findTestObject("Object Repository/Katalon/Page_Courses - Katalon Academy/Page_Sign in  Katalon Software Quality Mana_cfddb7/input_password"), "GTlPq8sqzIAVcUdIXgqPeg=="): Text ****** has been set on object 'Object Repository/Katalon/Page_Courses - Katalon Academy/Page_Sign in  Katalon Software Quality Mana_cfddb7/input_password'

27-01-2024T18:51:49 - [MESSAGE][PASSED] - Text ****** has been set on object 'Object Repository/Katalon/Page_Courses - Katalon Academy/Page_Sign in  Katalon Software Quality Mana_cfddb7/input_password'

27-01-2024T18:51:49 - [TEST_STEP][PASSED] - click(findTestObject("Object Repository/Katalon/Page_Courses - Katalon Academy/Page_Sign in  Katalon Software Quality Mana_cfddb7/input_login")): Object: 'Object Repository/Katalon/Page_Courses - Katalon Academy/Page_Sign in  Katalon Software Quality Mana_cfddb7/input_login' is clicked on

27-01-2024T18:51:51 - [MESSAGE][PASSED] - Object: 'Object Repository/Katalon/Page_Courses - Katalon Academy/Page_Sign in  Katalon Software Quality Mana_cfddb7/input_login' is clicked on

27-01-2024T18:51:51 - [TEST_STEP][PASSED] - click(findTestObject("Object Repository/Katalon/Page_Courses - Katalon Academy/Page_Katalon Academy - Automation Testing C_4c4a56/span_KS")): Object: 'Object Repository/Katalon/Page_Courses - Katalon Academy/Page_Katalon Academy - Automation Testing C_4c4a56/span_KS' is clicked on

27-01-2024T18:51:53 - [MESSAGE][PASSED] - Object: 'Object Repository/Katalon/Page_Courses - Katalon Academy/Page_Katalon Academy - Automation Testing C_4c4a56/span_KS' is clicked on

27-01-2024T18:51:53 - [TEST_STEP][PASSED] - click(findTestObject("Object Repository/Katalon/Page_Courses - Katalon Academy/Page_Katalon Academy - Automation Testing C_4c4a56/a_Certifications")): Object: 'Object Repository/Katalon/Page_Courses - Katalon Academy/Page_Katalon Academy - Automation Testing C_4c4a56/a_Certifications' is clicked on

27-01-2024T18:51:57 - [MESSAGE][PASSED] - Object: 'Object Repository/Katalon/Page_Courses - Katalon Academy/Page_Katalon Academy - Automation Testing C_4c4a56/a_Certifications' is clicked on

27-01-2024T18:51:57 - [TEST_STEP][PASSED] - click(findTestObject("Object Repository/Katalon/Page_Courses - Katalon Academy/Page_Dashboard - Katalon Academy/div_Edit name")): Object: 'Object Repository/Katalon/Page_Courses - Katalon Academy/Page_Dashboard - Katalon Academy/div_Edit name' is clicked on

27-01-2024T18:51:58 - [MESSAGE][PASSED] - Object: 'Object Repository/Katalon/Page_Courses - Katalon Academy/Page_Dashboard - Katalon Academy/div_Edit name' is clicked on

27-01-2024T18:51:58 - [TEST_STEP][PASSED] - setText(findTestObject("Object Repository/Katalon/Page_Courses - Katalon Academy/Page_Dashboard - Katalon Academy/input_username"), "Kuldipsinh D. Solanki"): Text 'Kuldipsinh D. Solanki' is set on object 'Object Repository/Katalon/Page_Courses - Katalon Academy/Page_Dashboard - Katalon Academy/input_username'

27-01-2024T18:51:59 - [MESSAGE][PASSED] - Text 'Kuldipsinh D. Solanki' is set on object 'Object Repository/Katalon/Page_Courses - Katalon Academy/Page_Dashboard - Katalon Academy/input_username'

27-01-2024T18:51:59 - [TEST_STEP][PASSED] - verifyElementClickable(findTestObject("Object Repository/Katalon/Page_Courses - Katalon Academy/Page_Dashboard - Katalon Academy/div_Save")): Object 'Object Repository/Katalon/Page_Courses - Katalon Academy/Page_Dashboard - Katalon Academy/div_Save' is clickable

27-01-2024T18:51:59 - [MESSAGE][PASSED] - Object 'Object Repository/Katalon/Page_Courses - Katalon Academy/Page_Dashboard - Katalon Academy/div_Save' is clickable

27-01-2024T18:51:59 - [TEST_STEP][PASSED] - closeBrowser(): Browser is closed

27-01-2024T18:52:00 - [MESSAGE][PASSED] - Browser is closed]]></system-out>
         <system-err><![CDATA[]]></system-err>
      </testcase>
      <testcase name="Test Cases/Katalon Social Media" time="19.86" classname="Test Cases/Katalon Social Media" status="PASSED">
         <system-out><![CDATA[27-01-2024T18:52:00 - [TEST_CASE][PASSED] - Test Cases/Katalon Social Media: Test Cases/Katalon Social Media

27-01-2024T18:52:00 - [TEST_STEP][PASSED] - openBrowser(""): Browser is opened with url: ''

27-01-2024T18:52:00 - [MESSAGE][INFO] - Starting 'Chrome' driver

27-01-2024T18:52:00 - [MESSAGE][INFO] - Action delay is set to 0 milliseconds

27-01-2024T18:52:01 - [MESSAGE][PASSED] - Browser is opened with url: ''

27-01-2024T18:52:01 - [TEST_STEP][PASSED] - maximizeWindow(): Current window maximized

27-01-2024T18:52:01 - [MESSAGE][PASSED] - Current window maximized

27-01-2024T18:52:01 - [TEST_STEP][PASSED] - navigateToUrl("https://academy.katalon.com/"): Navigate to 'https://academy.katalon.com/' successfully

27-01-2024T18:52:07 - [MESSAGE][PASSED] - Navigate to 'https://academy.katalon.com/' successfully

27-01-2024T18:52:07 - [TEST_STEP][PASSED] - click(findTestObject("Object Repository/Katalon/Page_Sign in  Katalon Software Quality Mana_cfddb7/Page_Sign in  Katalon Software Quality Mana_cfddb7/Page_Katalon Academy - Automation Testing C_4c4a56/a_Log in")): Object: 'Object Repository/Katalon/Page_Sign in  Katalon Software Quality Mana_cfddb7/Page_Sign in  Katalon Software Quality Mana_cfddb7/Page_Katalon Academy - Automation Testing C_4c4a56/a_Log in' is clicked on

27-01-2024T18:52:11 - [MESSAGE][PASSED] - Object: 'Object Repository/Katalon/Page_Sign in  Katalon Software Quality Mana_cfddb7/Page_Sign in  Katalon Software Quality Mana_cfddb7/Page_Katalon Academy - Automation Testing C_4c4a56/a_Log in' is clicked on

27-01-2024T18:52:11 - [TEST_STEP][PASSED] - click(findTestObject("Object Repository/Katalon/Page_Sign in  Katalon Software Quality Mana_cfddb7/Page_Sign in  Katalon Software Quality Mana_cfddb7/Page_Sign in  Katalon Software Quality Mana_cfddb7/div_Continue with email")): Object: 'Object Repository/Katalon/Page_Sign in  Katalon Software Quality Mana_cfddb7/Page_Sign in  Katalon Software Quality Mana_cfddb7/Page_Sign in  Katalon Software Quality Mana_cfddb7/div_Continue with email' is clicked on

27-01-2024T18:52:13 - [MESSAGE][PASSED] - Object: 'Object Repository/Katalon/Page_Sign in  Katalon Software Quality Mana_cfddb7/Page_Sign in  Katalon Software Quality Mana_cfddb7/Page_Sign in  Katalon Software Quality Mana_cfddb7/div_Continue with email' is clicked on

27-01-2024T18:52:13 - [TEST_STEP][PASSED] - setText(findTestObject("Object Repository/Katalon/Page_Sign in  Katalon Software Quality Mana_cfddb7/Page_Sign in  Katalon Software Quality Mana_cfddb7/Page_Sign in  Katalon Software Quality Mana_cfddb7/input_username"), "mkrajput1524@gmail.com"): Text 'mkrajput1524@gmail.com' is set on object 'Object Repository/Katalon/Page_Sign in  Katalon Software Quality Mana_cfddb7/Page_Sign in  Katalon Software Quality Mana_cfddb7/Page_Sign in  Katalon Software Quality Mana_cfddb7/input_username'

27-01-2024T18:52:14 - [MESSAGE][PASSED] - Text 'mkrajput1524@gmail.com' is set on object 'Object Repository/Katalon/Page_Sign in  Katalon Software Quality Mana_cfddb7/Page_Sign in  Katalon Software Quality Mana_cfddb7/Page_Sign in  Katalon Software Quality Mana_cfddb7/input_username'

27-01-2024T18:52:14 - [TEST_STEP][PASSED] - setEncryptedText(findTestObject("Object Repository/Katalon/Page_Sign in  Katalon Software Quality Mana_cfddb7/Page_Sign in  Katalon Software Quality Mana_cfddb7/Page_Sign in  Katalon Software Quality Mana_cfddb7/input_password"), "GTlPq8sqzIAVcUdIXgqPeg=="): Text ****** has been set on object 'Object Repository/Katalon/Page_Sign in  Katalon Software Quality Mana_cfddb7/Page_Sign in  Katalon Software Quality Mana_cfddb7/Page_Sign in  Katalon Software Quality Mana_cfddb7/input_password'

27-01-2024T18:52:15 - [MESSAGE][PASSED] - Text ****** has been set on object 'Object Repository/Katalon/Page_Sign in  Katalon Software Quality Mana_cfddb7/Page_Sign in  Katalon Software Quality Mana_cfddb7/Page_Sign in  Katalon Software Quality Mana_cfddb7/input_password'

27-01-2024T18:52:15 - [TEST_STEP][PASSED] - click(findTestObject("Object Repository/Katalon/Page_Sign in  Katalon Software Quality Mana_cfddb7/Page_Sign in  Katalon Software Quality Mana_cfddb7/Page_Sign in  Katalon Software Quality Mana_cfddb7/input_login")): Object: 'Object Repository/Katalon/Page_Sign in  Katalon Software Quality Mana_cfddb7/Page_Sign in  Katalon Software Quality Mana_cfddb7/Page_Sign in  Katalon Software Quality Mana_cfddb7/input_login' is clicked on

27-01-2024T18:52:17 - [MESSAGE][PASSED] - Object: 'Object Repository/Katalon/Page_Sign in  Katalon Software Quality Mana_cfddb7/Page_Sign in  Katalon Software Quality Mana_cfddb7/Page_Sign in  Katalon Software Quality Mana_cfddb7/input_login' is clicked on

27-01-2024T18:52:17 - [TEST_STEP][PASSED] - click(findTestObject("Object Repository/Katalon/Page_Sign in  Katalon Software Quality Mana_cfddb7/Page_Sign in  Katalon Software Quality Mana_cfddb7/Page_Katalon Academy - Automation Testing C_4c4a56/i_fab fa-youtube")): Object: 'Object Repository/Katalon/Page_Sign in  Katalon Software Quality Mana_cfddb7/Page_Sign in  Katalon Software Quality Mana_cfddb7/Page_Katalon Academy - Automation Testing C_4c4a56/i_fab fa-youtube' is clicked on

27-01-2024T18:52:19 - [MESSAGE][PASSED] - Object: 'Object Repository/Katalon/Page_Sign in  Katalon Software Quality Mana_cfddb7/Page_Sign in  Katalon Software Quality Mana_cfddb7/Page_Katalon Academy - Automation Testing C_4c4a56/i_fab fa-youtube' is clicked on

27-01-2024T18:52:19 - [TEST_STEP][PASSED] - closeBrowser(): Browser is closed

27-01-2024T18:52:20 - [MESSAGE][PASSED] - Browser is closed]]></system-out>
         <system-err><![CDATA[]]></system-err>
      </testcase>
      <testcase name="Test Cases/Katalon success stories" time="18.981" classname="Test Cases/Katalon success stories" status="PASSED">
         <system-out><![CDATA[27-01-2024T18:52:20 - [TEST_CASE][PASSED] - Test Cases/Katalon success stories: Test Cases/Katalon success stories

27-01-2024T18:52:20 - [TEST_STEP][PASSED] - openBrowser(""): Browser is opened with url: ''

27-01-2024T18:52:20 - [MESSAGE][INFO] - Starting 'Chrome' driver

27-01-2024T18:52:20 - [MESSAGE][INFO] - Action delay is set to 0 milliseconds

27-01-2024T18:52:21 - [MESSAGE][PASSED] - Browser is opened with url: ''

27-01-2024T18:52:21 - [TEST_STEP][PASSED] - maximizeWindow(): Current window maximized

27-01-2024T18:52:21 - [MESSAGE][PASSED] - Current window maximized

27-01-2024T18:52:21 - [TEST_STEP][PASSED] - navigateToUrl("https://academy.katalon.com/"): Navigate to 'https://academy.katalon.com/' successfully

27-01-2024T18:52:26 - [MESSAGE][PASSED] - Navigate to 'https://academy.katalon.com/' successfully

27-01-2024T18:52:26 - [TEST_STEP][PASSED] - click(findTestObject("Object Repository/Katalon/Page_Sign in  Katalon Software Quality Mana_cfddb7/Page_Customer Stories  Katalon/Page_Katalon Academy - Automation Testing C_4c4a56/a_Log in")): Object: 'Object Repository/Katalon/Page_Sign in  Katalon Software Quality Mana_cfddb7/Page_Customer Stories  Katalon/Page_Katalon Academy - Automation Testing C_4c4a56/a_Log in' is clicked on

27-01-2024T18:52:30 - [MESSAGE][PASSED] - Object: 'Object Repository/Katalon/Page_Sign in  Katalon Software Quality Mana_cfddb7/Page_Customer Stories  Katalon/Page_Katalon Academy - Automation Testing C_4c4a56/a_Log in' is clicked on

27-01-2024T18:52:30 - [TEST_STEP][PASSED] - click(findTestObject("Object Repository/Katalon/Page_Sign in  Katalon Software Quality Mana_cfddb7/Page_Customer Stories  Katalon/Page_Sign in  Katalon Software Quality Mana_cfddb7/div_Continue with email")): Object: 'Object Repository/Katalon/Page_Sign in  Katalon Software Quality Mana_cfddb7/Page_Customer Stories  Katalon/Page_Sign in  Katalon Software Quality Mana_cfddb7/div_Continue with email' is clicked on

27-01-2024T18:52:32 - [MESSAGE][PASSED] - Object: 'Object Repository/Katalon/Page_Sign in  Katalon Software Quality Mana_cfddb7/Page_Customer Stories  Katalon/Page_Sign in  Katalon Software Quality Mana_cfddb7/div_Continue with email' is clicked on

27-01-2024T18:52:32 - [TEST_STEP][PASSED] - setText(findTestObject("Object Repository/Katalon/Page_Sign in  Katalon Software Quality Mana_cfddb7/Page_Customer Stories  Katalon/Page_Sign in  Katalon Software Quality Mana_cfddb7/input_username"), "mkrajput1524@gmail.com"): Text 'mkrajput1524@gmail.com' is set on object 'Object Repository/Katalon/Page_Sign in  Katalon Software Quality Mana_cfddb7/Page_Customer Stories  Katalon/Page_Sign in  Katalon Software Quality Mana_cfddb7/input_username'

27-01-2024T18:52:33 - [MESSAGE][PASSED] - Text 'mkrajput1524@gmail.com' is set on object 'Object Repository/Katalon/Page_Sign in  Katalon Software Quality Mana_cfddb7/Page_Customer Stories  Katalon/Page_Sign in  Katalon Software Quality Mana_cfddb7/input_username'

27-01-2024T18:52:33 - [TEST_STEP][PASSED] - setEncryptedText(findTestObject("Object Repository/Katalon/Page_Sign in  Katalon Software Quality Mana_cfddb7/Page_Customer Stories  Katalon/Page_Sign in  Katalon Software Quality Mana_cfddb7/input_password"), "GTlPq8sqzIAVcUdIXgqPeg=="): Text ****** has been set on object 'Object Repository/Katalon/Page_Sign in  Katalon Software Quality Mana_cfddb7/Page_Customer Stories  Katalon/Page_Sign in  Katalon Software Quality Mana_cfddb7/input_password'

27-01-2024T18:52:34 - [MESSAGE][PASSED] - Text ****** has been set on object 'Object Repository/Katalon/Page_Sign in  Katalon Software Quality Mana_cfddb7/Page_Customer Stories  Katalon/Page_Sign in  Katalon Software Quality Mana_cfddb7/input_password'

27-01-2024T18:52:34 - [TEST_STEP][PASSED] - click(findTestObject("Object Repository/Katalon/Page_Sign in  Katalon Software Quality Mana_cfddb7/Page_Customer Stories  Katalon/Page_Sign in  Katalon Software Quality Mana_cfddb7/input_login")): Object: 'Object Repository/Katalon/Page_Sign in  Katalon Software Quality Mana_cfddb7/Page_Customer Stories  Katalon/Page_Sign in  Katalon Software Quality Mana_cfddb7/input_login' is clicked on

27-01-2024T18:52:36 - [MESSAGE][PASSED] - Object: 'Object Repository/Katalon/Page_Sign in  Katalon Software Quality Mana_cfddb7/Page_Customer Stories  Katalon/Page_Sign in  Katalon Software Quality Mana_cfddb7/input_login' is clicked on

27-01-2024T18:52:36 - [TEST_STEP][PASSED] - click(findTestObject("Object Repository/Katalon/Page_Sign in  Katalon Software Quality Mana_cfddb7/Page_Customer Stories  Katalon/Page_Katalon Academy - Automation Testing C_4c4a56/a_Success Stories")): Object: 'Object Repository/Katalon/Page_Sign in  Katalon Software Quality Mana_cfddb7/Page_Customer Stories  Katalon/Page_Katalon Academy - Automation Testing C_4c4a56/a_Success Stories' is clicked on

27-01-2024T18:52:38 - [MESSAGE][PASSED] - Object: 'Object Repository/Katalon/Page_Sign in  Katalon Software Quality Mana_cfddb7/Page_Customer Stories  Katalon/Page_Katalon Academy - Automation Testing C_4c4a56/a_Success Stories' is clicked on

27-01-2024T18:52:38 - [TEST_STEP][PASSED] - closeBrowser(): Browser is closed

27-01-2024T18:52:39 - [MESSAGE][PASSED] - Browser is closed]]></system-out>
         <system-err><![CDATA[]]></system-err>
      </testcase>
      <testcase name="Test Cases/Youtube navigation buttons" time="8.668" classname="Test Cases/Youtube navigation buttons" status="PASSED">
         <system-out><![CDATA[27-01-2024T18:52:39 - [TEST_CASE][PASSED] - Test Cases/Youtube navigation buttons: Test Cases/Youtube navigation buttons

27-01-2024T18:52:39 - [TEST_STEP][PASSED] - openBrowser(""): Browser is opened with url: ''

27-01-2024T18:52:39 - [MESSAGE][INFO] - Starting 'Chrome' driver

27-01-2024T18:52:39 - [MESSAGE][INFO] - Action delay is set to 0 milliseconds

27-01-2024T18:52:40 - [MESSAGE][PASSED] - Browser is opened with url: ''

27-01-2024T18:52:40 - [TEST_STEP][PASSED] - maximizeWindow(): Current window maximized

27-01-2024T18:52:40 - [MESSAGE][PASSED] - Current window maximized

27-01-2024T18:52:40 - [TEST_STEP][PASSED] - navigateToUrl("https://www.youtube.com/"): Navigate to 'https://www.youtube.com/' successfully

27-01-2024T18:52:44 - [MESSAGE][PASSED] - Navigate to 'https://www.youtube.com/' successfully

27-01-2024T18:52:44 - [TEST_STEP][PASSED] - click(findTestObject("Object Repository/Youtube/Page_YouTube/yt-formatted-string_Gaming")): Object: 'Object Repository/Youtube/Page_YouTube/yt-formatted-string_Gaming' is clicked on

27-01-2024T18:52:47 - [MESSAGE][PASSED] - Object: 'Object Repository/Youtube/Page_YouTube/yt-formatted-string_Gaming' is clicked on

27-01-2024T18:52:47 - [TEST_STEP][PASSED] - closeBrowser(): Browser is closed

27-01-2024T18:52:47 - [MESSAGE][PASSED] - Browser is closed]]></system-out>
         <system-err><![CDATA[]]></system-err>
      </testcase>
      <testcase name="Test Cases/Youtube Search filed" time="11.363" classname="Test Cases/Youtube Search filed" status="PASSED">
         <system-out><![CDATA[27-01-2024T18:52:47 - [TEST_CASE][PASSED] - Test Cases/Youtube Search filed: Test Cases/Youtube Search filed

27-01-2024T18:52:48 - [TEST_STEP][PASSED] - openBrowser(""): Browser is opened with url: ''

27-01-2024T18:52:48 - [MESSAGE][INFO] - Starting 'Chrome' driver

27-01-2024T18:52:48 - [MESSAGE][INFO] - Action delay is set to 0 milliseconds

27-01-2024T18:52:48 - [MESSAGE][PASSED] - Browser is opened with url: ''

27-01-2024T18:52:48 - [TEST_STEP][PASSED] - navigateToUrl("https://www.youtube.com/"): Navigate to 'https://www.youtube.com/' successfully

27-01-2024T18:52:53 - [MESSAGE][PASSED] - Navigate to 'https://www.youtube.com/' successfully

27-01-2024T18:52:53 - [TEST_STEP][PASSED] - click(findTestObject("Object Repository/Youtube/Page_YouTube/input_search_query")): Object: 'Object Repository/Youtube/Page_YouTube/input_search_query' is clicked on

27-01-2024T18:52:55 - [MESSAGE][PASSED] - Object: 'Object Repository/Youtube/Page_YouTube/input_search_query' is clicked on

27-01-2024T18:52:55 - [TEST_STEP][PASSED] - setText(findTestObject("Object Repository/Youtube/Page_YouTube/input_search_query"), "Ram ayenge"): Text 'Ram ayenge' is set on object 'Object Repository/Youtube/Page_YouTube/input_search_query'

27-01-2024T18:52:57 - [MESSAGE][PASSED] - Text 'Ram ayenge' is set on object 'Object Repository/Youtube/Page_YouTube/input_search_query'

27-01-2024T18:52:57 - [TEST_STEP][PASSED] - waitForElementVisible(findTestObject("Object Repository/Youtube/Page_YouTube/b_aayenge to angana sajaungi"), 5): Object 'Object Repository/Youtube/Page_YouTube/b_aayenge to angana sajaungi' is visible

27-01-2024T18:52:58 - [MESSAGE][PASSED] - Object 'Object Repository/Youtube/Page_YouTube/b_aayenge to angana sajaungi' is visible

27-01-2024T18:52:58 - [TEST_STEP][PASSED] - closeBrowser(): Browser is closed

27-01-2024T18:52:59 - [MESSAGE][PASSED] - Browser is closed]]></system-out>
         <system-err><![CDATA[]]></system-err>
      </testcase>
      <testcase name="Test Cases/Youtube Trending" time="15.616" classname="Test Cases/Youtube Trending" status="PASSED">
         <system-out><![CDATA[27-01-2024T18:52:59 - [TEST_CASE][PASSED] - Test Cases/Youtube Trending: Test Cases/Youtube Trending

27-01-2024T18:52:59 - [TEST_STEP][PASSED] - openBrowser(""): Browser is opened with url: ''

27-01-2024T18:52:59 - [MESSAGE][INFO] - Starting 'Chrome' driver

27-01-2024T18:52:59 - [MESSAGE][INFO] - Action delay is set to 0 milliseconds

27-01-2024T18:53:00 - [MESSAGE][PASSED] - Browser is opened with url: ''

27-01-2024T18:53:00 - [TEST_STEP][PASSED] - maximizeWindow(): Current window maximized

27-01-2024T18:53:00 - [MESSAGE][PASSED] - Current window maximized

27-01-2024T18:53:00 - [TEST_STEP][PASSED] - navigateToUrl("https://www.youtube.com/"): Navigate to 'https://www.youtube.com/' successfully

27-01-2024T18:53:06 - [MESSAGE][PASSED] - Navigate to 'https://www.youtube.com/' successfully

27-01-2024T18:53:06 - [TEST_STEP][PASSED] - click(findTestObject("Object Repository/Youtube/Page_YouTube/yt-formatted-string_Trending")): Object: 'Object Repository/Youtube/Page_YouTube/yt-formatted-string_Trending' is clicked on

27-01-2024T18:53:07 - [MESSAGE][PASSED] - Object: 'Object Repository/Youtube/Page_YouTube/yt-formatted-string_Trending' is clicked on

27-01-2024T18:53:07 - [TEST_STEP][PASSED] - verifyTextPresent("Trending", false): Text 'Trending' is present on page 

27-01-2024T18:53:14 - [MESSAGE][PASSED] - Text 'Trending' is present on page 

27-01-2024T18:53:14 - [TEST_STEP][PASSED] - closeBrowser(): Browser is closed

27-01-2024T18:53:14 - [MESSAGE][PASSED] - Browser is closed]]></system-out>
         <system-err><![CDATA[]]></system-err>
      </testcase>
      <system-out><![CDATA[27-01-2024T18:37:42 - [TEST_SUITE][FAILED] - Test Suite 3: Test Cases/FB Friend Request accept FAILED.
Reason:
com.kms.katalon.core.exception.StepFailedException: Unable to click on object 'Object Repository/Facebook Login/Page_Facebook  log in or sign up/Page_Facebook  log in or sign up/Page_Log in to Facebook/Page_Facebook  log in or sign up/Page_(13) Facebook/span_Confirm'
	at com.kms.katalon.core.webui.keyword.internal.WebUIKeywordMain.stepFailed(WebUIKeywordMain.groovy:64)
	at com.kms.katalon.core.webui.keyword.internal.WebUIKeywordMain.runKeyword(WebUIKeywordMain.groovy:26)
	at com.kms.katalon.core.webui.keyword.builtin.ClickKeyword.click(ClickKeyword.groovy:74)
	at com.kms.katalon.core.webui.keyword.builtin.ClickKeyword.execute(ClickKeyword.groovy:40)
	at com.kms.katalon.core.keyword.internal.KeywordExecutor.executeKeywordForPlatform(KeywordExecutor.groovy:74)
	at com.kms.katalon.core.webui.keyword.WebUiBuiltInKeywords.click(WebUiBuiltInKeywords.groovy:647)
	at FB Friend Request accept.run(FB Friend Request accept:36)
	at com.kms.katalon.core.main.ScriptEngine.run(ScriptEngine.java:194)
	at com.kms.katalon.core.main.ScriptEngine.runScriptAsRawText(ScriptEngine.java:119)
	at com.kms.katalon.core.main.TestCaseExecutor.runScript(TestCaseExecutor.java:448)
	at com.kms.katalon.core.main.TestCaseExecutor.doExecute(TestCaseExecutor.java:439)
	at com.kms.katalon.core.main.TestCaseExecutor.processExecutionPhase(TestCaseExecutor.java:418)
	at com.kms.katalon.core.main.TestCaseExecutor.accessMainPhase(TestCaseExecutor.java:410)
	at com.kms.katalon.core.main.TestCaseExecutor.execute(TestCaseExecutor.java:285)
	at com.kms.katalon.core.common.CommonExecutor.accessTestCaseMainPhase(CommonExecutor.java:65)
	at com.kms.katalon.core.main.TestSuiteExecutor.accessTestSuiteMainPhase(TestSuiteExecutor.java:148)
	at com.kms.katalon.core.main.TestSuiteExecutor.execute(TestSuiteExecutor.java:106)
	at com.kms.katalon.core.main.TestCaseMain.startTestSuite(TestCaseMain.java:180)
	at TempTestSuite1706360858329.run(TempTestSuite1706360858329.groovy:36)
	at java.base/jdk.internal.reflect.NativeMethodAccessorImpl.invoke0(Native Method)
	at java.base/jdk.internal.reflect.NativeMethodAccessorImpl.invoke(NativeMethodAccessorImpl.java:77)
	at java.base/jdk.internal.reflect.DelegatingMethodAccessorImpl.invoke(DelegatingMethodAccessorImpl.java:43)
Caused by: org.openqa.selenium.ElementClickInterceptedException: element click intercepted: Element <span class="x1lliihq x6ikm8r x10wlt62 x1n2onr6 xlyipyv xuxw1ft">...</span> is not clickable at point (1301, 386). Other element would receive the click: <div class="x1uvtmcs x4k7w5x x1h91t0o x1beo9mf xaigb6o x12ejxvf x3igimt xarpa2k xedcshv x1lytzrv x1t2pt76 x7ja8zs x1n2onr6 x1qrby5j x1jfb8zj" tabindex="-1">...</div>
  (Session info: chrome=120.0.6099.225)
Build info: version: '3.141.59', revision: 'e82be7d358', time: '2018-11-14T08:25:53'
System info: host: 'UNITY_0008', ip: '192.168.1.5', os.name: 'Windows 11', os.arch: 'amd64', os.version: '10.0', java.version: '17.0.7'
Driver info: com.kms.katalon.selenium.driver.CChromeDriver
Capabilities {acceptInsecureCerts: false, browserName: chrome, browserVersion: 120.0.6099.225, chrome: {chromedriverVersion: 120.0.6099.71 (9729082fe617..., userDataDir: C:\Users\Guset\AppData\Loca...}, fedcm:accounts: true, goog:chromeOptions: {debuggerAddress: localhost:60727}, javascriptEnabled: true, networkConnectionEnabled: false, pageLoadStrategy: normal, platform: WINDOWS, platformName: WINDOWS, proxy: Proxy(), setWindowRect: true, strictFileInteractability: false, timeouts: {implicit: 0, pageLoad: 300000, script: 30000}, unhandledPromptBehavior: dismiss and notify, webauthn:extension:credBlob: true, webauthn:extension:largeBlob: true, webauthn:extension:minPinLength: true, webauthn:extension:prf: true, webauthn:virtualAuthenticators: true}
Session ID: 748fe6d35fc123f3ae8f6a32fdc5ee66
	at java.base/jdk.internal.reflect.NativeConstructorAccessorImpl.newInstance0(Native Method)
	at java.base/jdk.internal.reflect.NativeConstructorAccessorImpl.newInstance(NativeConstructorAccessorImpl.java:77)
	at java.base/jdk.internal.reflect.DelegatingConstructorAccessorImpl.newInstance(DelegatingConstructorAccessorImpl.java:45)
	at org.openqa.selenium.remote.http.W3CHttpResponseCodec.createException(W3CHttpResponseCodec.java:187)
	at org.openqa.selenium.remote.http.W3CHttpResponseCodec.decode(W3CHttpResponseCodec.java:122)
	at org.openqa.selenium.remote.http.W3CHttpResponseCodec.decode(W3CHttpResponseCodec.java:49)
	at org.openqa.selenium.remote.HttpCommandExecutor.execute(HttpCommandExecutor.java:158)
	at org.openqa.selenium.remote.service.DriverCommandExecutor.execute(DriverCommandExecutor.java:83)
	at org.openqa.selenium.remote.RemoteWebDriver.execute(RemoteWebDriver.java:552)
	at com.kms.katalon.selenium.driver.CChromeDriver.execute(CChromeDriver.java:19)
	at org.openqa.selenium.remote.RemoteWebElement.execute(RemoteWebElement.java:285)
	at org.openqa.selenium.remote.RemoteWebElement.click(RemoteWebElement.java:84)
	at jdk.internal.reflect.GeneratedMethodAccessor13.invoke(Unknown Source)
	at java.base/jdk.internal.reflect.DelegatingMethodAccessorImpl.invoke(DelegatingMethodAccessorImpl.java:43)
	at org.openqa.selenium.support.events.EventFiringWebDriver$EventFiringWebElement.lambda$new$0(EventFiringWebDriver.java:404)
	at jdk.proxy2/jdk.proxy2.$Proxy24.click(Unknown Source)
	at org.openqa.selenium.support.events.EventFiringWebDriver$EventFiringWebElement.click(EventFiringWebDriver.java:417)
	at org.openqa.selenium.WebElement$click.call(Unknown Source)
	at com.kms.katalon.core.webui.keyword.builtin.ClickKeyword.clickUntilSuccessWithTimeout(ClickKeyword.groovy:81)
	at com.kms.katalon.core.webui.keyword.builtin.ClickKeyword.clickUntilSuccessWithTimeout(ClickKeyword.groovy)
	at java.base/jdk.internal.reflect.NativeMethodAccessorImpl.invoke0(Native Method)
	at java.base/jdk.internal.reflect.NativeMethodAccessorImpl.invoke(NativeMethodAccessorImpl.java:77)
	at java.base/jdk.internal.reflect.DelegatingMethodAccessorImpl.invoke(DelegatingMethodAccessorImpl.java:43)
	at com.kms.katalon.core.webui.keyword.builtin.ClickKeyword$_click_closure1.doCall(ClickKeyword.groovy:67)
	at com.kms.katalon.core.webui.keyword.builtin.ClickKeyword$_click_closure1.call(ClickKeyword.groovy)
	at com.kms.katalon.core.webui.keyword.internal.WebUIKeywordMain.runKeyword(WebUIKeywordMain.groovy:20)
	... 20 more]]></system-out>
      <system-err><![CDATA[27-01-2024T18:37:42 - [TEST_SUITE][FAILED] - Test Suite 3: Test Cases/FB Friend Request accept FAILED.
Reason:
com.kms.katalon.core.exception.StepFailedException: Unable to click on object 'Object Repository/Facebook Login/Page_Facebook  log in or sign up/Page_Facebook  log in or sign up/Page_Log in to Facebook/Page_Facebook  log in or sign up/Page_(13) Facebook/span_Confirm'
	at com.kms.katalon.core.webui.keyword.internal.WebUIKeywordMain.stepFailed(WebUIKeywordMain.groovy:64)
	at com.kms.katalon.core.webui.keyword.internal.WebUIKeywordMain.runKeyword(WebUIKeywordMain.groovy:26)
	at com.kms.katalon.core.webui.keyword.builtin.ClickKeyword.click(ClickKeyword.groovy:74)
	at com.kms.katalon.core.webui.keyword.builtin.ClickKeyword.execute(ClickKeyword.groovy:40)
	at com.kms.katalon.core.keyword.internal.KeywordExecutor.executeKeywordForPlatform(KeywordExecutor.groovy:74)
	at com.kms.katalon.core.webui.keyword.WebUiBuiltInKeywords.click(WebUiBuiltInKeywords.groovy:647)
	at FB Friend Request accept.run(FB Friend Request accept:36)
	at com.kms.katalon.core.main.ScriptEngine.run(ScriptEngine.java:194)
	at com.kms.katalon.core.main.ScriptEngine.runScriptAsRawText(ScriptEngine.java:119)
	at com.kms.katalon.core.main.TestCaseExecutor.runScript(TestCaseExecutor.java:448)
	at com.kms.katalon.core.main.TestCaseExecutor.doExecute(TestCaseExecutor.java:439)
	at com.kms.katalon.core.main.TestCaseExecutor.processExecutionPhase(TestCaseExecutor.java:418)
	at com.kms.katalon.core.main.TestCaseExecutor.accessMainPhase(TestCaseExecutor.java:410)
	at com.kms.katalon.core.main.TestCaseExecutor.execute(TestCaseExecutor.java:285)
	at com.kms.katalon.core.common.CommonExecutor.accessTestCaseMainPhase(CommonExecutor.java:65)
	at com.kms.katalon.core.main.TestSuiteExecutor.accessTestSuiteMainPhase(TestSuiteExecutor.java:148)
	at com.kms.katalon.core.main.TestSuiteExecutor.execute(TestSuiteExecutor.java:106)
	at com.kms.katalon.core.main.TestCaseMain.startTestSuite(TestCaseMain.java:180)
	at TempTestSuite1706360858329.run(TempTestSuite1706360858329.groovy:36)
	at java.base/jdk.internal.reflect.NativeMethodAccessorImpl.invoke0(Native Method)
	at java.base/jdk.internal.reflect.NativeMethodAccessorImpl.invoke(NativeMethodAccessorImpl.java:77)
	at java.base/jdk.internal.reflect.DelegatingMethodAccessorImpl.invoke(DelegatingMethodAccessorImpl.java:43)
Caused by: org.openqa.selenium.ElementClickInterceptedException: element click intercepted: Element <span class="x1lliihq x6ikm8r x10wlt62 x1n2onr6 xlyipyv xuxw1ft">...</span> is not clickable at point (1301, 386). Other element would receive the click: <div class="x1uvtmcs x4k7w5x x1h91t0o x1beo9mf xaigb6o x12ejxvf x3igimt xarpa2k xedcshv x1lytzrv x1t2pt76 x7ja8zs x1n2onr6 x1qrby5j x1jfb8zj" tabindex="-1">...</div>
  (Session info: chrome=120.0.6099.225)
Build info: version: '3.141.59', revision: 'e82be7d358', time: '2018-11-14T08:25:53'
System info: host: 'UNITY_0008', ip: '192.168.1.5', os.name: 'Windows 11', os.arch: 'amd64', os.version: '10.0', java.version: '17.0.7'
Driver info: com.kms.katalon.selenium.driver.CChromeDriver
Capabilities {acceptInsecureCerts: false, browserName: chrome, browserVersion: 120.0.6099.225, chrome: {chromedriverVersion: 120.0.6099.71 (9729082fe617..., userDataDir: C:\Users\Guset\AppData\Loca...}, fedcm:accounts: true, goog:chromeOptions: {debuggerAddress: localhost:60727}, javascriptEnabled: true, networkConnectionEnabled: false, pageLoadStrategy: normal, platform: WINDOWS, platformName: WINDOWS, proxy: Proxy(), setWindowRect: true, strictFileInteractability: false, timeouts: {implicit: 0, pageLoad: 300000, script: 30000}, unhandledPromptBehavior: dismiss and notify, webauthn:extension:credBlob: true, webauthn:extension:largeBlob: true, webauthn:extension:minPinLength: true, webauthn:extension:prf: true, webauthn:virtualAuthenticators: true}
Session ID: 748fe6d35fc123f3ae8f6a32fdc5ee66
	at java.base/jdk.internal.reflect.NativeConstructorAccessorImpl.newInstance0(Native Method)
	at java.base/jdk.internal.reflect.NativeConstructorAccessorImpl.newInstance(NativeConstructorAccessorImpl.java:77)
	at java.base/jdk.internal.reflect.DelegatingConstructorAccessorImpl.newInstance(DelegatingConstructorAccessorImpl.java:45)
	at org.openqa.selenium.remote.http.W3CHttpResponseCodec.createException(W3CHttpResponseCodec.java:187)
	at org.openqa.selenium.remote.http.W3CHttpResponseCodec.decode(W3CHttpResponseCodec.java:122)
	at org.openqa.selenium.remote.http.W3CHttpResponseCodec.decode(W3CHttpResponseCodec.java:49)
	at org.openqa.selenium.remote.HttpCommandExecutor.execute(HttpCommandExecutor.java:158)
	at org.openqa.selenium.remote.service.DriverCommandExecutor.execute(DriverCommandExecutor.java:83)
	at org.openqa.selenium.remote.RemoteWebDriver.execute(RemoteWebDriver.java:552)
	at com.kms.katalon.selenium.driver.CChromeDriver.execute(CChromeDriver.java:19)
	at org.openqa.selenium.remote.RemoteWebElement.execute(RemoteWebElement.java:285)
	at org.openqa.selenium.remote.RemoteWebElement.click(RemoteWebElement.java:84)
	at jdk.internal.reflect.GeneratedMethodAccessor13.invoke(Unknown Source)
	at java.base/jdk.internal.reflect.DelegatingMethodAccessorImpl.invoke(DelegatingMethodAccessorImpl.java:43)
	at org.openqa.selenium.support.events.EventFiringWebDriver$EventFiringWebElement.lambda$new$0(EventFiringWebDriver.java:404)
	at jdk.proxy2/jdk.proxy2.$Proxy24.click(Unknown Source)
	at org.openqa.selenium.support.events.EventFiringWebDriver$EventFiringWebElement.click(EventFiringWebDriver.java:417)
	at org.openqa.selenium.WebElement$click.call(Unknown Source)
	at com.kms.katalon.core.webui.keyword.builtin.ClickKeyword.clickUntilSuccessWithTimeout(ClickKeyword.groovy:81)
	at com.kms.katalon.core.webui.keyword.builtin.ClickKeyword.clickUntilSuccessWithTimeout(ClickKeyword.groovy)
	at java.base/jdk.internal.reflect.NativeMethodAccessorImpl.invoke0(Native Method)
	at java.base/jdk.internal.reflect.NativeMethodAccessorImpl.invoke(NativeMethodAccessorImpl.java:77)
	at java.base/jdk.internal.reflect.DelegatingMethodAccessorImpl.invoke(DelegatingMethodAccessorImpl.java:43)
	at com.kms.katalon.core.webui.keyword.builtin.ClickKeyword$_click_closure1.doCall(ClickKeyword.groovy:67)
	at com.kms.katalon.core.webui.keyword.builtin.ClickKeyword$_click_closure1.call(ClickKeyword.groovy)
	at com.kms.katalon.core.webui.keyword.internal.WebUIKeywordMain.runKeyword(WebUIKeywordMain.groovy:20)
	... 20 more]]></system-err>
   </testsuite>
</testsuites>
